[0.005s] Invoking command in '/home/beeboss/Desktop/ros_workspaces/ros2_ws/build/my_custom_interfaces': CMAKE_PREFIX_PATH=${CMAKE_PREFIX_PATH}:/home/beeboss/Desktop/ros_workspaces/ros2_ws/install/turtle_controller:/home/beeboss/Desktop/ros_workspaces/ros2_ws/install/my_py_pkg:/opt/ros/jazzy CONDA_PROMPT_MODIFIER=(base) DEBUGINFOD_URLS=https://debuginfod.ubuntu.com /usr/bin/cmake --build /home/beeboss/Desktop/ros_workspaces/ros2_ws/build/my_custom_interfaces -- -j20 -l20
[0.019s] -- Found ament_cmake: 2.5.6 (/opt/ros/jazzy/share/ament_cmake/cmake)
[0.073s] -- Found rosidl_default_generators: 1.6.0 (/opt/ros/jazzy/share/rosidl_default_generators/cmake)
[0.074s] -- Using all available rosidl_typesupport_c: rosidl_typesupport_fastrtps_c;rosidl_typesupport_introspection_c
[0.090s] -- Using all available rosidl_typesupport_cpp: rosidl_typesupport_fastrtps_cpp;rosidl_typesupport_introspection_cpp
[0.103s] -- Found rosidl_adapter: 4.6.7 (/opt/ros/jazzy/share/rosidl_adapter/cmake)
[0.267s] -- Found ament_cmake_ros: 0.12.0 (/opt/ros/jazzy/share/ament_cmake_ros/cmake)
[0.333s] -- Using all available rosidl_typesupport_c: rosidl_typesupport_fastrtps_c;rosidl_typesupport_introspection_c
[0.414s] -- Using all available rosidl_typesupport_cpp: rosidl_typesupport_fastrtps_cpp;rosidl_typesupport_introspection_cpp
[0.415s] -- Found python_cmake_module: 0.11.1 (/opt/ros/jazzy/share/python_cmake_module/cmake)
[0.547s] -- Found Python3: /usr/bin/python3 (found version "3.12.3") found components: Interpreter Development NumPy Development.Module Development.Embed 
[0.579s] -- Found Python3: /usr/bin/python3 (found version "3.12.3") found components: Interpreter 
[0.580s] -- Found ament_lint_auto: 0.17.5 (/opt/ros/jazzy/share/ament_lint_auto/cmake)
[0.584s] -- Added test 'lint_cmake' to check CMake code style
[0.584s] -- Added test 'xmllint' to check XML markup files
[0.585s] -- Configuring done (0.6s)
[0.604s] -- Generating done (0.0s)
[0.611s] -- Build files have been written to: /home/beeboss/Desktop/ros_workspaces/ros2_ws/build/my_custom_interfaces
[0.634s] [  1%] [34m[1mGenerating type hashes for ROS interfaces[0m
[0.640s] [  3%] [34m[1mGenerating Rust code for ROS interfaces[0m
[0.641s] [  3%] Built target ament_cmake_python_copy_my_custom_interfaces
[0.757s] [  3%] Built target my_custom_interfaces__rosidl_generator_type_description
[0.765s] [  5%] [34m[1mGenerating C code for ROS interfaces[0m
[0.769s] [  5%] Built target my_custom_interfaces__rs
[0.772s] [  7%] [34m[1mGenerating C++ code for ROS interfaces[0m
[0.791s] running egg_info
[0.799s] writing my_custom_interfaces.egg-info/PKG-INFO
[0.799s] writing dependency_links to my_custom_interfaces.egg-info/dependency_links.txt
[0.799s] writing top-level names to my_custom_interfaces.egg-info/top_level.txt
[0.822s] reading manifest file 'my_custom_interfaces.egg-info/SOURCES.txt'
[0.823s] writing manifest file 'my_custom_interfaces.egg-info/SOURCES.txt'
[0.844s] [  7%] Built target ament_cmake_python_build_my_custom_interfaces_egg
[0.958s] [  7%] Built target my_custom_interfaces__cpp
[0.985s] [  9%] [32mBuilding C object CMakeFiles/my_custom_interfaces__rosidl_generator_c.dir/rosidl_generator_c/my_custom_interfaces/msg/detail/hardware_status__description.c.o[0m
[0.985s] [ 12%] [32mBuilding C object CMakeFiles/my_custom_interfaces__rosidl_generator_c.dir/rosidl_generator_c/my_custom_interfaces/srv/detail/reset_counter__description.c.o[0m
[0.985s] [ 12%] [32mBuilding C object CMakeFiles/my_custom_interfaces__rosidl_generator_c.dir/rosidl_generator_c/my_custom_interfaces/msg/detail/hardware_status__type_support.c.o[0m
[0.986s] [ 14%] [32mBuilding C object CMakeFiles/my_custom_interfaces__rosidl_generator_c.dir/rosidl_generator_c/my_custom_interfaces/srv/detail/reset_counter__functions.c.o[0m
[0.987s] [ 16%] [32mBuilding C object CMakeFiles/my_custom_interfaces__rosidl_generator_c.dir/rosidl_generator_c/my_custom_interfaces/msg/detail/hardware_status__functions.c.o[0m
[0.988s] [ 20%] [32mBuilding C object CMakeFiles/my_custom_interfaces__rosidl_generator_c.dir/rosidl_generator_c/my_custom_interfaces/srv/detail/activate_turtle__description.c.o[0m
[0.988s] [ 20%] [32mBuilding C object CMakeFiles/my_custom_interfaces__rosidl_generator_c.dir/rosidl_generator_c/my_custom_interfaces/srv/detail/reset_counter__type_support.c.o[0m
[0.988s] [ 21%] [32mBuilding C object CMakeFiles/my_custom_interfaces__rosidl_generator_c.dir/rosidl_generator_c/my_custom_interfaces/srv/detail/activate_turtle__functions.c.o[0m
[0.988s] [ 23%] [32mBuilding C object CMakeFiles/my_custom_interfaces__rosidl_generator_c.dir/rosidl_generator_c/my_custom_interfaces/srv/detail/activate_turtle__type_support.c.o[0m
[1.034s] [ 25%] [32m[1mLinking C shared library libmy_custom_interfaces__rosidl_generator_c.so[0m
[1.060s] [ 25%] Built target my_custom_interfaces__rosidl_generator_c
[1.066s] [ 27%] [34m[1mGenerating C type support dispatch for ROS interfaces[0m
[1.066s] [ 29%] [34m[1mGenerating C++ introspection for ROS interfaces[0m
[1.067s] [ 30%] [34m[1mGenerating C++ type support dispatch for ROS interfaces[0m
[1.067s] [ 32%] [34m[1mGenerating C++ type support for eProsima Fast-RTPS[0m
[1.068s] [ 36%] [34m[1mGenerating C introspection for ROS interfaces[0m
[1.069s] [ 36%] [34m[1mGenerating C type support for eProsima Fast-RTPS[0m
[1.193s] [ 38%] [32mBuilding CXX object CMakeFiles/my_custom_interfaces__rosidl_typesupport_c.dir/rosidl_typesupport_c/my_custom_interfaces/msg/hardware_status__type_support.cpp.o[0m
[1.193s] [ 40%] [32mBuilding CXX object CMakeFiles/my_custom_interfaces__rosidl_typesupport_c.dir/rosidl_typesupport_c/my_custom_interfaces/srv/activate_turtle__type_support.cpp.o[0m
[1.195s] [ 41%] [32mBuilding CXX object CMakeFiles/my_custom_interfaces__rosidl_typesupport_c.dir/rosidl_typesupport_c/my_custom_interfaces/srv/reset_counter__type_support.cpp.o[0m
[1.228s] [ 43%] [32mBuilding CXX object CMakeFiles/my_custom_interfaces__rosidl_typesupport_cpp.dir/rosidl_typesupport_cpp/my_custom_interfaces/msg/hardware_status__type_support.cpp.o[0m
[1.228s] [ 45%] [32mBuilding CXX object CMakeFiles/my_custom_interfaces__rosidl_typesupport_cpp.dir/rosidl_typesupport_cpp/my_custom_interfaces/srv/reset_counter__type_support.cpp.o[0m
[1.230s] [ 47%] [32mBuilding C object CMakeFiles/my_custom_interfaces__rosidl_typesupport_introspection_c.dir/rosidl_typesupport_introspection_c/my_custom_interfaces/srv/detail/reset_counter__type_support.c.o[0m
[1.230s] [ 49%] [32mBuilding CXX object CMakeFiles/my_custom_interfaces__rosidl_typesupport_cpp.dir/rosidl_typesupport_cpp/my_custom_interfaces/srv/activate_turtle__type_support.cpp.o[0m
[1.231s] [ 50%] [32mBuilding C object CMakeFiles/my_custom_interfaces__rosidl_typesupport_introspection_c.dir/rosidl_typesupport_introspection_c/my_custom_interfaces/srv/detail/activate_turtle__type_support.c.o[0m
[1.232s] [ 52%] [32mBuilding C object CMakeFiles/my_custom_interfaces__rosidl_typesupport_introspection_c.dir/rosidl_typesupport_introspection_c/my_custom_interfaces/msg/detail/hardware_status__type_support.c.o[0m
[1.234s] [ 54%] [32m[1mLinking CXX shared library libmy_custom_interfaces__rosidl_typesupport_c.so[0m
[1.244s] [ 56%] [32mBuilding CXX object CMakeFiles/my_custom_interfaces__rosidl_typesupport_introspection_cpp.dir/rosidl_typesupport_introspection_cpp/my_custom_interfaces/msg/detail/hardware_status__type_support.cpp.o[0m
[1.246s] [ 58%] [32mBuilding CXX object CMakeFiles/my_custom_interfaces__rosidl_typesupport_introspection_cpp.dir/rosidl_typesupport_introspection_cpp/my_custom_interfaces/srv/detail/activate_turtle__type_support.cpp.o[0m
[1.246s] [ 60%] [32mBuilding CXX object CMakeFiles/my_custom_interfaces__rosidl_typesupport_introspection_cpp.dir/rosidl_typesupport_introspection_cpp/my_custom_interfaces/srv/detail/reset_counter__type_support.cpp.o[0m
[1.264s] [ 61%] [32mBuilding CXX object CMakeFiles/my_custom_interfaces__rosidl_typesupport_fastrtps_cpp.dir/rosidl_typesupport_fastrtps_cpp/my_custom_interfaces/msg/detail/dds_fastrtps/hardware_status__type_support.cpp.o[0m
[1.267s] [ 65%] [32mBuilding CXX object CMakeFiles/my_custom_interfaces__rosidl_typesupport_fastrtps_cpp.dir/rosidl_typesupport_fastrtps_cpp/my_custom_interfaces/srv/detail/dds_fastrtps/reset_counter__type_support.cpp.o[0m
[1.267s] [ 65%] [32mBuilding CXX object CMakeFiles/my_custom_interfaces__rosidl_typesupport_fastrtps_cpp.dir/rosidl_typesupport_fastrtps_cpp/my_custom_interfaces/srv/detail/dds_fastrtps/activate_turtle__type_support.cpp.o[0m
[1.271s] [ 65%] Built target my_custom_interfaces__rosidl_typesupport_c
[1.274s] [ 67%] [32m[1mLinking C shared library libmy_custom_interfaces__rosidl_typesupport_introspection_c.so[0m
[1.275s] [ 69%] [32mBuilding CXX object CMakeFiles/my_custom_interfaces__rosidl_typesupport_fastrtps_c.dir/rosidl_typesupport_fastrtps_c/my_custom_interfaces/srv/detail/activate_turtle__type_support_c.cpp.o[0m
[1.277s] [ 72%] [32mBuilding CXX object CMakeFiles/my_custom_interfaces__rosidl_typesupport_fastrtps_c.dir/rosidl_typesupport_fastrtps_c/my_custom_interfaces/srv/detail/reset_counter__type_support_c.cpp.o[0m
[1.277s] [ 72%] [32mBuilding CXX object CMakeFiles/my_custom_interfaces__rosidl_typesupport_fastrtps_c.dir/rosidl_typesupport_fastrtps_c/my_custom_interfaces/msg/detail/hardware_status__type_support_c.cpp.o[0m
[1.300s] [ 72%] Built target my_custom_interfaces__rosidl_typesupport_introspection_c
[1.420s] [ 74%] [32m[1mLinking CXX shared library libmy_custom_interfaces__rosidl_typesupport_cpp.so[0m
[1.473s] [ 74%] Built target my_custom_interfaces__rosidl_typesupport_cpp
[1.497s] [ 76%] [32m[1mLinking CXX shared library libmy_custom_interfaces__rosidl_typesupport_introspection_cpp.so[0m
[1.548s] [ 76%] Built target my_custom_interfaces__rosidl_typesupport_introspection_cpp
[1.559s] [ 78%] [32m[1mLinking CXX shared library libmy_custom_interfaces__rosidl_typesupport_fastrtps_c.so[0m
[1.564s] [ 80%] [32m[1mLinking CXX shared library libmy_custom_interfaces__rosidl_typesupport_fastrtps_cpp.so[0m
[1.601s] [ 80%] Built target my_custom_interfaces__rosidl_typesupport_fastrtps_c
[1.611s] [ 80%] Built target my_custom_interfaces__rosidl_typesupport_fastrtps_cpp
[1.625s] [ 80%] Built target my_custom_interfaces
[1.640s] [ 81%] [34m[1mGenerating Python code for ROS interfaces[0m
[1.887s] [ 81%] Built target my_custom_interfaces__py
[1.908s] [ 83%] [32mBuilding C object CMakeFiles/my_custom_interfaces__rosidl_generator_py.dir/rosidl_generator_py/my_custom_interfaces/msg/_hardware_status_s.c.o[0m
[1.909s] [ 87%] [32mBuilding C object CMakeFiles/my_custom_interfaces__rosidl_generator_py.dir/rosidl_generator_py/my_custom_interfaces/srv/_activate_turtle_s.c.o[0m
[1.909s] [ 87%] [32mBuilding C object CMakeFiles/my_custom_interfaces__rosidl_generator_py.dir/rosidl_generator_py/my_custom_interfaces/srv/_reset_counter_s.c.o[0m
[1.996s] [ 89%] [32m[1mLinking C shared library libmy_custom_interfaces__rosidl_generator_py.so[0m
[2.029s] [ 89%] Built target my_custom_interfaces__rosidl_generator_py
[2.044s] [ 92%] [32mBuilding C object CMakeFiles/my_custom_interfaces_s__rosidl_typesupport_c.dir/rosidl_generator_py/my_custom_interfaces/_my_custom_interfaces_s.ep.rosidl_typesupport_c.c.o[0m
[2.044s] [ 92%] [32mBuilding C object CMakeFiles/my_custom_interfaces_s__rosidl_typesupport_introspection_c.dir/rosidl_generator_py/my_custom_interfaces/_my_custom_interfaces_s.ep.rosidl_typesupport_introspection_c.c.o[0m
[2.049s] [ 94%] [32mBuilding C object CMakeFiles/my_custom_interfaces_s__rosidl_typesupport_fastrtps_c.dir/rosidl_generator_py/my_custom_interfaces/_my_custom_interfaces_s.ep.rosidl_typesupport_fastrtps_c.c.o[0m
[2.106s] [ 96%] [32m[1mLinking C shared module rosidl_generator_py/my_custom_interfaces/my_custom_interfaces_s__rosidl_typesupport_c.so[0m
[2.112s] [ 98%] [32m[1mLinking C shared module rosidl_generator_py/my_custom_interfaces/my_custom_interfaces_s__rosidl_typesupport_fastrtps_c.so[0m
[2.117s] [100%] [32m[1mLinking C shared module rosidl_generator_py/my_custom_interfaces/my_custom_interfaces_s__rosidl_typesupport_introspection_c.so[0m
[2.130s] [100%] Built target my_custom_interfaces_s__rosidl_typesupport_c
[2.137s] [100%] Built target my_custom_interfaces_s__rosidl_typesupport_fastrtps_c
[2.142s] [100%] Built target my_custom_interfaces_s__rosidl_typesupport_introspection_c
[2.153s] Invoked command in '/home/beeboss/Desktop/ros_workspaces/ros2_ws/build/my_custom_interfaces' returned '0': CMAKE_PREFIX_PATH=${CMAKE_PREFIX_PATH}:/home/beeboss/Desktop/ros_workspaces/ros2_ws/install/turtle_controller:/home/beeboss/Desktop/ros_workspaces/ros2_ws/install/my_py_pkg:/opt/ros/jazzy CONDA_PROMPT_MODIFIER=(base) DEBUGINFOD_URLS=https://debuginfod.ubuntu.com /usr/bin/cmake --build /home/beeboss/Desktop/ros_workspaces/ros2_ws/build/my_custom_interfaces -- -j20 -l20
[2.158s] Invoking command in '/home/beeboss/Desktop/ros_workspaces/ros2_ws/build/my_custom_interfaces': CMAKE_PREFIX_PATH=${CMAKE_PREFIX_PATH}:/home/beeboss/Desktop/ros_workspaces/ros2_ws/install/turtle_controller:/home/beeboss/Desktop/ros_workspaces/ros2_ws/install/my_py_pkg:/opt/ros/jazzy CONDA_PROMPT_MODIFIER=(base) DEBUGINFOD_URLS=https://debuginfod.ubuntu.com /usr/bin/cmake --install /home/beeboss/Desktop/ros_workspaces/ros2_ws/build/my_custom_interfaces
[2.163s] -- Install configuration: ""
[2.163s] -- Installing: /home/beeboss/Desktop/ros_workspaces/ros2_ws/install/my_custom_interfaces/share/ament_index/resource_index/rosidl_interfaces/my_custom_interfaces
[2.163s] -- Installing: /home/beeboss/Desktop/ros_workspaces/ros2_ws/install/my_custom_interfaces/share/my_custom_interfaces/msg/HardwareStatus.json
[2.163s] -- Installing: /home/beeboss/Desktop/ros_workspaces/ros2_ws/install/my_custom_interfaces/share/my_custom_interfaces/srv/ResetCounter.json
[2.163s] -- Installing: /home/beeboss/Desktop/ros_workspaces/ros2_ws/install/my_custom_interfaces/share/my_custom_interfaces/srv/ActivateTurtle.json
[2.163s] -- Up-to-date: /home/beeboss/Desktop/ros_workspaces/ros2_ws/install/my_custom_interfaces/include/my_custom_interfaces/my_custom_interfaces
[2.163s] -- Up-to-date: /home/beeboss/Desktop/ros_workspaces/ros2_ws/install/my_custom_interfaces/include/my_custom_interfaces/my_custom_interfaces/srv
[2.163s] -- Installing: /home/beeboss/Desktop/ros_workspaces/ros2_ws/install/my_custom_interfaces/include/my_custom_interfaces/my_custom_interfaces/srv/reset_counter.h
[2.163s] -- Installing: /home/beeboss/Desktop/ros_workspaces/ros2_ws/install/my_custom_interfaces/include/my_custom_interfaces/my_custom_interfaces/srv/activate_turtle.h
[2.163s] -- Up-to-date: /home/beeboss/Desktop/ros_workspaces/ros2_ws/install/my_custom_interfaces/include/my_custom_interfaces/my_custom_interfaces/srv/detail
[2.163s] -- Installing: /home/beeboss/Desktop/ros_workspaces/ros2_ws/install/my_custom_interfaces/include/my_custom_interfaces/my_custom_interfaces/srv/detail/activate_turtle__struct.h
[2.163s] -- Installing: /home/beeboss/Desktop/ros_workspaces/ros2_ws/install/my_custom_interfaces/include/my_custom_interfaces/my_custom_interfaces/srv/detail/activate_turtle__description.c
[2.163s] -- Installing: /home/beeboss/Desktop/ros_workspaces/ros2_ws/install/my_custom_interfaces/include/my_custom_interfaces/my_custom_interfaces/srv/detail/activate_turtle__type_support.c
[2.163s] -- Installing: /home/beeboss/Desktop/ros_workspaces/ros2_ws/install/my_custom_interfaces/include/my_custom_interfaces/my_custom_interfaces/srv/detail/reset_counter__struct.h
[2.163s] -- Installing: /home/beeboss/Desktop/ros_workspaces/ros2_ws/install/my_custom_interfaces/include/my_custom_interfaces/my_custom_interfaces/srv/detail/reset_counter__type_support.h
[2.164s] -- Installing: /home/beeboss/Desktop/ros_workspaces/ros2_ws/install/my_custom_interfaces/include/my_custom_interfaces/my_custom_interfaces/srv/detail/reset_counter__functions.h
[2.164s] -- Installing: /home/beeboss/Desktop/ros_workspaces/ros2_ws/install/my_custom_interfaces/include/my_custom_interfaces/my_custom_interfaces/srv/detail/reset_counter__functions.c
[2.164s] -- Installing: /home/beeboss/Desktop/ros_workspaces/ros2_ws/install/my_custom_interfaces/include/my_custom_interfaces/my_custom_interfaces/srv/detail/activate_turtle__functions.h
[2.164s] -- Installing: /home/beeboss/Desktop/ros_workspaces/ros2_ws/install/my_custom_interfaces/include/my_custom_interfaces/my_custom_interfaces/srv/detail/activate_turtle__type_support.h
[2.164s] -- Installing: /home/beeboss/Desktop/ros_workspaces/ros2_ws/install/my_custom_interfaces/include/my_custom_interfaces/my_custom_interfaces/srv/detail/activate_turtle__functions.c
[2.164s] -- Installing: /home/beeboss/Desktop/ros_workspaces/ros2_ws/install/my_custom_interfaces/include/my_custom_interfaces/my_custom_interfaces/srv/detail/reset_counter__description.c
[2.164s] -- Installing: /home/beeboss/Desktop/ros_workspaces/ros2_ws/install/my_custom_interfaces/include/my_custom_interfaces/my_custom_interfaces/srv/detail/reset_counter__type_support.c
[2.164s] -- Up-to-date: /home/beeboss/Desktop/ros_workspaces/ros2_ws/install/my_custom_interfaces/include/my_custom_interfaces/my_custom_interfaces/msg
[2.164s] -- Up-to-date: /home/beeboss/Desktop/ros_workspaces/ros2_ws/install/my_custom_interfaces/include/my_custom_interfaces/my_custom_interfaces/msg/rosidl_generator_c__visibility_control.h
[2.164s] -- Installing: /home/beeboss/Desktop/ros_workspaces/ros2_ws/install/my_custom_interfaces/include/my_custom_interfaces/my_custom_interfaces/msg/hardware_status.h
[2.164s] -- Up-to-date: /home/beeboss/Desktop/ros_workspaces/ros2_ws/install/my_custom_interfaces/include/my_custom_interfaces/my_custom_interfaces/msg/detail
[2.164s] -- Installing: /home/beeboss/Desktop/ros_workspaces/ros2_ws/install/my_custom_interfaces/include/my_custom_interfaces/my_custom_interfaces/msg/detail/hardware_status__description.c
[2.164s] -- Installing: /home/beeboss/Desktop/ros_workspaces/ros2_ws/install/my_custom_interfaces/include/my_custom_interfaces/my_custom_interfaces/msg/detail/hardware_status__type_support.h
[2.164s] -- Installing: /home/beeboss/Desktop/ros_workspaces/ros2_ws/install/my_custom_interfaces/include/my_custom_interfaces/my_custom_interfaces/msg/detail/hardware_status__functions.c
[2.164s] -- Installing: /home/beeboss/Desktop/ros_workspaces/ros2_ws/install/my_custom_interfaces/include/my_custom_interfaces/my_custom_interfaces/msg/detail/hardware_status__type_support.c
[2.164s] -- Installing: /home/beeboss/Desktop/ros_workspaces/ros2_ws/install/my_custom_interfaces/include/my_custom_interfaces/my_custom_interfaces/msg/detail/hardware_status__functions.h
[2.164s] -- Installing: /home/beeboss/Desktop/ros_workspaces/ros2_ws/install/my_custom_interfaces/include/my_custom_interfaces/my_custom_interfaces/msg/detail/hardware_status__struct.h
[2.165s] -- Up-to-date: /home/beeboss/Desktop/ros_workspaces/ros2_ws/install/my_custom_interfaces/share/my_custom_interfaces/environment/library_path.sh
[2.165s] -- Up-to-date: /home/beeboss/Desktop/ros_workspaces/ros2_ws/install/my_custom_interfaces/share/my_custom_interfaces/environment/library_path.dsv
[2.165s] -- Installing: /home/beeboss/Desktop/ros_workspaces/ros2_ws/install/my_custom_interfaces/lib/libmy_custom_interfaces__rosidl_generator_c.so
[2.165s] -- Set non-toolchain portion of runtime path of "/home/beeboss/Desktop/ros_workspaces/ros2_ws/install/my_custom_interfaces/lib/libmy_custom_interfaces__rosidl_generator_c.so" to ""
[2.165s] -- Up-to-date: /home/beeboss/Desktop/ros_workspaces/ros2_ws/install/my_custom_interfaces/include/my_custom_interfaces/my_custom_interfaces
[2.165s] -- Up-to-date: /home/beeboss/Desktop/ros_workspaces/ros2_ws/install/my_custom_interfaces/include/my_custom_interfaces/my_custom_interfaces/srv
[2.165s] -- Up-to-date: /home/beeboss/Desktop/ros_workspaces/ros2_ws/install/my_custom_interfaces/include/my_custom_interfaces/my_custom_interfaces/srv/detail
[2.165s] -- Installing: /home/beeboss/Desktop/ros_workspaces/ros2_ws/install/my_custom_interfaces/include/my_custom_interfaces/my_custom_interfaces/srv/detail/activate_turtle__rosidl_typesupport_fastrtps_c.h
[2.165s] -- Installing: /home/beeboss/Desktop/ros_workspaces/ros2_ws/install/my_custom_interfaces/include/my_custom_interfaces/my_custom_interfaces/srv/detail/reset_counter__rosidl_typesupport_fastrtps_c.h
[2.165s] -- Up-to-date: /home/beeboss/Desktop/ros_workspaces/ros2_ws/install/my_custom_interfaces/include/my_custom_interfaces/my_custom_interfaces/msg
[2.165s] -- Up-to-date: /home/beeboss/Desktop/ros_workspaces/ros2_ws/install/my_custom_interfaces/include/my_custom_interfaces/my_custom_interfaces/msg/rosidl_typesupport_fastrtps_c__visibility_control.h
[2.165s] -- Up-to-date: /home/beeboss/Desktop/ros_workspaces/ros2_ws/install/my_custom_interfaces/include/my_custom_interfaces/my_custom_interfaces/msg/detail
[2.165s] -- Installing: /home/beeboss/Desktop/ros_workspaces/ros2_ws/install/my_custom_interfaces/include/my_custom_interfaces/my_custom_interfaces/msg/detail/hardware_status__rosidl_typesupport_fastrtps_c.h
[2.165s] -- Installing: /home/beeboss/Desktop/ros_workspaces/ros2_ws/install/my_custom_interfaces/lib/libmy_custom_interfaces__rosidl_typesupport_fastrtps_c.so
[2.165s] -- Set non-toolchain portion of runtime path of "/home/beeboss/Desktop/ros_workspaces/ros2_ws/install/my_custom_interfaces/lib/libmy_custom_interfaces__rosidl_typesupport_fastrtps_c.so" to ""
[2.166s] -- Up-to-date: /home/beeboss/Desktop/ros_workspaces/ros2_ws/install/my_custom_interfaces/include/my_custom_interfaces/my_custom_interfaces
[2.166s] -- Up-to-date: /home/beeboss/Desktop/ros_workspaces/ros2_ws/install/my_custom_interfaces/include/my_custom_interfaces/my_custom_interfaces/srv
[2.166s] -- Up-to-date: /home/beeboss/Desktop/ros_workspaces/ros2_ws/install/my_custom_interfaces/include/my_custom_interfaces/my_custom_interfaces/srv/detail
[2.166s] -- Installing: /home/beeboss/Desktop/ros_workspaces/ros2_ws/install/my_custom_interfaces/include/my_custom_interfaces/my_custom_interfaces/srv/detail/activate_turtle__rosidl_typesupport_introspection_c.h
[2.166s] -- Up-to-date: /home/beeboss/Desktop/ros_workspaces/ros2_ws/install/my_custom_interfaces/include/my_custom_interfaces/my_custom_interfaces/srv/detail/activate_turtle__type_support.c
[2.166s] -- Installing: /home/beeboss/Desktop/ros_workspaces/ros2_ws/install/my_custom_interfaces/include/my_custom_interfaces/my_custom_interfaces/srv/detail/reset_counter__rosidl_typesupport_introspection_c.h
[2.166s] -- Up-to-date: /home/beeboss/Desktop/ros_workspaces/ros2_ws/install/my_custom_interfaces/include/my_custom_interfaces/my_custom_interfaces/srv/detail/reset_counter__type_support.c
[2.166s] -- Up-to-date: /home/beeboss/Desktop/ros_workspaces/ros2_ws/install/my_custom_interfaces/include/my_custom_interfaces/my_custom_interfaces/msg
[2.166s] -- Up-to-date: /home/beeboss/Desktop/ros_workspaces/ros2_ws/install/my_custom_interfaces/include/my_custom_interfaces/my_custom_interfaces/msg/detail
[2.166s] -- Installing: /home/beeboss/Desktop/ros_workspaces/ros2_ws/install/my_custom_interfaces/include/my_custom_interfaces/my_custom_interfaces/msg/detail/hardware_status__rosidl_typesupport_introspection_c.h
[2.166s] -- Up-to-date: /home/beeboss/Desktop/ros_workspaces/ros2_ws/install/my_custom_interfaces/include/my_custom_interfaces/my_custom_interfaces/msg/detail/hardware_status__type_support.c
[2.166s] -- Up-to-date: /home/beeboss/Desktop/ros_workspaces/ros2_ws/install/my_custom_interfaces/include/my_custom_interfaces/my_custom_interfaces/msg/rosidl_typesupport_introspection_c__visibility_control.h
[2.166s] -- Installing: /home/beeboss/Desktop/ros_workspaces/ros2_ws/install/my_custom_interfaces/lib/libmy_custom_interfaces__rosidl_typesupport_introspection_c.so
[2.166s] -- Set non-toolchain portion of runtime path of "/home/beeboss/Desktop/ros_workspaces/ros2_ws/install/my_custom_interfaces/lib/libmy_custom_interfaces__rosidl_typesupport_introspection_c.so" to ""
[2.166s] -- Installing: /home/beeboss/Desktop/ros_workspaces/ros2_ws/install/my_custom_interfaces/lib/libmy_custom_interfaces__rosidl_typesupport_c.so
[2.166s] -- Set non-toolchain portion of runtime path of "/home/beeboss/Desktop/ros_workspaces/ros2_ws/install/my_custom_interfaces/lib/libmy_custom_interfaces__rosidl_typesupport_c.so" to ""
[2.166s] -- Up-to-date: /home/beeboss/Desktop/ros_workspaces/ros2_ws/install/my_custom_interfaces/include/my_custom_interfaces/my_custom_interfaces
[2.166s] -- Up-to-date: /home/beeboss/Desktop/ros_workspaces/ros2_ws/install/my_custom_interfaces/include/my_custom_interfaces/my_custom_interfaces/srv
[2.167s] -- Installing: /home/beeboss/Desktop/ros_workspaces/ros2_ws/install/my_custom_interfaces/include/my_custom_interfaces/my_custom_interfaces/srv/reset_counter.hpp
[2.167s] -- Up-to-date: /home/beeboss/Desktop/ros_workspaces/ros2_ws/install/my_custom_interfaces/include/my_custom_interfaces/my_custom_interfaces/srv/detail
[2.167s] -- Installing: /home/beeboss/Desktop/ros_workspaces/ros2_ws/install/my_custom_interfaces/include/my_custom_interfaces/my_custom_interfaces/srv/detail/activate_turtle__struct.hpp
[2.167s] -- Installing: /home/beeboss/Desktop/ros_workspaces/ros2_ws/install/my_custom_interfaces/include/my_custom_interfaces/my_custom_interfaces/srv/detail/activate_turtle__traits.hpp
[2.167s] -- Installing: /home/beeboss/Desktop/ros_workspaces/ros2_ws/install/my_custom_interfaces/include/my_custom_interfaces/my_custom_interfaces/srv/detail/reset_counter__builder.hpp
[2.167s] -- Installing: /home/beeboss/Desktop/ros_workspaces/ros2_ws/install/my_custom_interfaces/include/my_custom_interfaces/my_custom_interfaces/srv/detail/reset_counter__struct.hpp
[2.167s] -- Installing: /home/beeboss/Desktop/ros_workspaces/ros2_ws/install/my_custom_interfaces/include/my_custom_interfaces/my_custom_interfaces/srv/detail/activate_turtle__builder.hpp
[2.167s] -- Installing: /home/beeboss/Desktop/ros_workspaces/ros2_ws/install/my_custom_interfaces/include/my_custom_interfaces/my_custom_interfaces/srv/detail/reset_counter__traits.hpp
[2.167s] -- Installing: /home/beeboss/Desktop/ros_workspaces/ros2_ws/install/my_custom_interfaces/include/my_custom_interfaces/my_custom_interfaces/srv/detail/activate_turtle__type_support.hpp
[2.167s] -- Installing: /home/beeboss/Desktop/ros_workspaces/ros2_ws/install/my_custom_interfaces/include/my_custom_interfaces/my_custom_interfaces/srv/detail/reset_counter__type_support.hpp
[2.167s] -- Installing: /home/beeboss/Desktop/ros_workspaces/ros2_ws/install/my_custom_interfaces/include/my_custom_interfaces/my_custom_interfaces/srv/activate_turtle.hpp
[2.167s] -- Up-to-date: /home/beeboss/Desktop/ros_workspaces/ros2_ws/install/my_custom_interfaces/include/my_custom_interfaces/my_custom_interfaces/msg
[2.167s] -- Installing: /home/beeboss/Desktop/ros_workspaces/ros2_ws/install/my_custom_interfaces/include/my_custom_interfaces/my_custom_interfaces/msg/hardware_status.hpp
[2.167s] -- Up-to-date: /home/beeboss/Desktop/ros_workspaces/ros2_ws/install/my_custom_interfaces/include/my_custom_interfaces/my_custom_interfaces/msg/detail
[2.167s] -- Installing: /home/beeboss/Desktop/ros_workspaces/ros2_ws/install/my_custom_interfaces/include/my_custom_interfaces/my_custom_interfaces/msg/detail/hardware_status__type_support.hpp
[2.167s] -- Installing: /home/beeboss/Desktop/ros_workspaces/ros2_ws/install/my_custom_interfaces/include/my_custom_interfaces/my_custom_interfaces/msg/detail/hardware_status__struct.hpp
[2.167s] -- Installing: /home/beeboss/Desktop/ros_workspaces/ros2_ws/install/my_custom_interfaces/include/my_custom_interfaces/my_custom_interfaces/msg/detail/hardware_status__builder.hpp
[2.167s] -- Installing: /home/beeboss/Desktop/ros_workspaces/ros2_ws/install/my_custom_interfaces/include/my_custom_interfaces/my_custom_interfaces/msg/detail/hardware_status__traits.hpp
[2.167s] -- Installing: /home/beeboss/Desktop/ros_workspaces/ros2_ws/install/my_custom_interfaces/include/my_custom_interfaces/my_custom_interfaces/msg/rosidl_generator_cpp__visibility_control.hpp
[2.168s] -- Up-to-date: /home/beeboss/Desktop/ros_workspaces/ros2_ws/install/my_custom_interfaces/include/my_custom_interfaces/my_custom_interfaces
[2.168s] -- Up-to-date: /home/beeboss/Desktop/ros_workspaces/ros2_ws/install/my_custom_interfaces/include/my_custom_interfaces/my_custom_interfaces/srv
[2.168s] -- Up-to-date: /home/beeboss/Desktop/ros_workspaces/ros2_ws/install/my_custom_interfaces/include/my_custom_interfaces/my_custom_interfaces/srv/detail
[2.168s] -- Up-to-date: /home/beeboss/Desktop/ros_workspaces/ros2_ws/install/my_custom_interfaces/include/my_custom_interfaces/my_custom_interfaces/srv/detail/dds_fastrtps
[2.168s] -- Installing: /home/beeboss/Desktop/ros_workspaces/ros2_ws/install/my_custom_interfaces/include/my_custom_interfaces/my_custom_interfaces/srv/detail/reset_counter__rosidl_typesupport_fastrtps_cpp.hpp
[2.168s] -- Installing: /home/beeboss/Desktop/ros_workspaces/ros2_ws/install/my_custom_interfaces/include/my_custom_interfaces/my_custom_interfaces/srv/detail/activate_turtle__rosidl_typesupport_fastrtps_cpp.hpp
[2.168s] -- Up-to-date: /home/beeboss/Desktop/ros_workspaces/ros2_ws/install/my_custom_interfaces/include/my_custom_interfaces/my_custom_interfaces/msg
[2.168s] -- Up-to-date: /home/beeboss/Desktop/ros_workspaces/ros2_ws/install/my_custom_interfaces/include/my_custom_interfaces/my_custom_interfaces/msg/rosidl_typesupport_fastrtps_cpp__visibility_control.h
[2.168s] -- Up-to-date: /home/beeboss/Desktop/ros_workspaces/ros2_ws/install/my_custom_interfaces/include/my_custom_interfaces/my_custom_interfaces/msg/detail
[2.168s] -- Installing: /home/beeboss/Desktop/ros_workspaces/ros2_ws/install/my_custom_interfaces/include/my_custom_interfaces/my_custom_interfaces/msg/detail/hardware_status__rosidl_typesupport_fastrtps_cpp.hpp
[2.168s] -- Up-to-date: /home/beeboss/Desktop/ros_workspaces/ros2_ws/install/my_custom_interfaces/include/my_custom_interfaces/my_custom_interfaces/msg/detail/dds_fastrtps
[2.168s] -- Installing: /home/beeboss/Desktop/ros_workspaces/ros2_ws/install/my_custom_interfaces/lib/libmy_custom_interfaces__rosidl_typesupport_fastrtps_cpp.so
[2.168s] -- Set non-toolchain portion of runtime path of "/home/beeboss/Desktop/ros_workspaces/ros2_ws/install/my_custom_interfaces/lib/libmy_custom_interfaces__rosidl_typesupport_fastrtps_cpp.so" to ""
[2.168s] -- Up-to-date: /home/beeboss/Desktop/ros_workspaces/ros2_ws/install/my_custom_interfaces/include/my_custom_interfaces/my_custom_interfaces
[2.168s] -- Up-to-date: /home/beeboss/Desktop/ros_workspaces/ros2_ws/install/my_custom_interfaces/include/my_custom_interfaces/my_custom_interfaces/srv
[2.168s] -- Up-to-date: /home/beeboss/Desktop/ros_workspaces/ros2_ws/install/my_custom_interfaces/include/my_custom_interfaces/my_custom_interfaces/srv/detail
[2.168s] -- Installing: /home/beeboss/Desktop/ros_workspaces/ros2_ws/install/my_custom_interfaces/include/my_custom_interfaces/my_custom_interfaces/srv/detail/activate_turtle__type_support.cpp
[2.168s] -- Installing: /home/beeboss/Desktop/ros_workspaces/ros2_ws/install/my_custom_interfaces/include/my_custom_interfaces/my_custom_interfaces/srv/detail/activate_turtle__rosidl_typesupport_introspection_cpp.hpp
[2.169s] -- Installing: /home/beeboss/Desktop/ros_workspaces/ros2_ws/install/my_custom_interfaces/include/my_custom_interfaces/my_custom_interfaces/srv/detail/reset_counter__rosidl_typesupport_introspection_cpp.hpp
[2.169s] -- Installing: /home/beeboss/Desktop/ros_workspaces/ros2_ws/install/my_custom_interfaces/include/my_custom_interfaces/my_custom_interfaces/srv/detail/reset_counter__type_support.cpp
[2.169s] -- Up-to-date: /home/beeboss/Desktop/ros_workspaces/ros2_ws/install/my_custom_interfaces/include/my_custom_interfaces/my_custom_interfaces/msg
[2.169s] -- Up-to-date: /home/beeboss/Desktop/ros_workspaces/ros2_ws/install/my_custom_interfaces/include/my_custom_interfaces/my_custom_interfaces/msg/detail
[2.169s] -- Installing: /home/beeboss/Desktop/ros_workspaces/ros2_ws/install/my_custom_interfaces/include/my_custom_interfaces/my_custom_interfaces/msg/detail/hardware_status__rosidl_typesupport_introspection_cpp.hpp
[2.169s] -- Installing: /home/beeboss/Desktop/ros_workspaces/ros2_ws/install/my_custom_interfaces/include/my_custom_interfaces/my_custom_interfaces/msg/detail/hardware_status__type_support.cpp
[2.169s] -- Installing: /home/beeboss/Desktop/ros_workspaces/ros2_ws/install/my_custom_interfaces/lib/libmy_custom_interfaces__rosidl_typesupport_introspection_cpp.so
[2.169s] -- Set non-toolchain portion of runtime path of "/home/beeboss/Desktop/ros_workspaces/ros2_ws/install/my_custom_interfaces/lib/libmy_custom_interfaces__rosidl_typesupport_introspection_cpp.so" to ""
[2.169s] -- Installing: /home/beeboss/Desktop/ros_workspaces/ros2_ws/install/my_custom_interfaces/lib/libmy_custom_interfaces__rosidl_typesupport_cpp.so
[2.170s] -- Set non-toolchain portion of runtime path of "/home/beeboss/Desktop/ros_workspaces/ros2_ws/install/my_custom_interfaces/lib/libmy_custom_interfaces__rosidl_typesupport_cpp.so" to ""
[2.170s] -- Up-to-date: /home/beeboss/Desktop/ros_workspaces/ros2_ws/install/my_custom_interfaces/share/my_custom_interfaces/environment/pythonpath.sh
[2.170s] -- Up-to-date: /home/beeboss/Desktop/ros_workspaces/ros2_ws/install/my_custom_interfaces/share/my_custom_interfaces/environment/pythonpath.dsv
[2.170s] -- Up-to-date: /home/beeboss/Desktop/ros_workspaces/ros2_ws/install/my_custom_interfaces/lib/python3.12/site-packages/my_custom_interfaces-0.0.0-py3.12.egg-info
[2.170s] -- Installing: /home/beeboss/Desktop/ros_workspaces/ros2_ws/install/my_custom_interfaces/lib/python3.12/site-packages/my_custom_interfaces-0.0.0-py3.12.egg-info/top_level.txt
[2.170s] -- Installing: /home/beeboss/Desktop/ros_workspaces/ros2_ws/install/my_custom_interfaces/lib/python3.12/site-packages/my_custom_interfaces-0.0.0-py3.12.egg-info/PKG-INFO
[2.170s] -- Installing: /home/beeboss/Desktop/ros_workspaces/ros2_ws/install/my_custom_interfaces/lib/python3.12/site-packages/my_custom_interfaces-0.0.0-py3.12.egg-info/SOURCES.txt
[2.170s] -- Installing: /home/beeboss/Desktop/ros_workspaces/ros2_ws/install/my_custom_interfaces/lib/python3.12/site-packages/my_custom_interfaces-0.0.0-py3.12.egg-info/dependency_links.txt
[2.170s] -- Up-to-date: /home/beeboss/Desktop/ros_workspaces/ros2_ws/install/my_custom_interfaces/lib/python3.12/site-packages/my_custom_interfaces
[2.170s] -- Installing: /home/beeboss/Desktop/ros_workspaces/ros2_ws/install/my_custom_interfaces/lib/python3.12/site-packages/my_custom_interfaces/my_custom_interfaces_s__rosidl_typesupport_c.so
[2.170s] -- Installing: /home/beeboss/Desktop/ros_workspaces/ros2_ws/install/my_custom_interfaces/lib/python3.12/site-packages/my_custom_interfaces/_my_custom_interfaces_s.ep.rosidl_typesupport_fastrtps_c.c
[2.170s] -- Installing: /home/beeboss/Desktop/ros_workspaces/ros2_ws/install/my_custom_interfaces/lib/python3.12/site-packages/my_custom_interfaces/_my_custom_interfaces_s.ep.rosidl_typesupport_introspection_c.c
[2.170s] -- Installing: /home/beeboss/Desktop/ros_workspaces/ros2_ws/install/my_custom_interfaces/lib/python3.12/site-packages/my_custom_interfaces/my_custom_interfaces_s__rosidl_typesupport_introspection_c.so
[2.170s] -- Installing: /home/beeboss/Desktop/ros_workspaces/ros2_ws/install/my_custom_interfaces/lib/python3.12/site-packages/my_custom_interfaces/my_custom_interfaces_s__rosidl_typesupport_fastrtps_c.so
[2.170s] -- Up-to-date: /home/beeboss/Desktop/ros_workspaces/ros2_ws/install/my_custom_interfaces/lib/python3.12/site-packages/my_custom_interfaces/srv
[2.171s] -- Installing: /home/beeboss/Desktop/ros_workspaces/ros2_ws/install/my_custom_interfaces/lib/python3.12/site-packages/my_custom_interfaces/srv/_reset_counter.py
[2.171s] -- Installing: /home/beeboss/Desktop/ros_workspaces/ros2_ws/install/my_custom_interfaces/lib/python3.12/site-packages/my_custom_interfaces/srv/_reset_counter_s.c
[2.171s] -- Installing: /home/beeboss/Desktop/ros_workspaces/ros2_ws/install/my_custom_interfaces/lib/python3.12/site-packages/my_custom_interfaces/srv/_activate_turtle_s.c
[2.171s] -- Installing: /home/beeboss/Desktop/ros_workspaces/ros2_ws/install/my_custom_interfaces/lib/python3.12/site-packages/my_custom_interfaces/srv/__init__.py
[2.171s] -- Installing: /home/beeboss/Desktop/ros_workspaces/ros2_ws/install/my_custom_interfaces/lib/python3.12/site-packages/my_custom_interfaces/srv/_activate_turtle.py
[2.171s] -- Up-to-date: /home/beeboss/Desktop/ros_workspaces/ros2_ws/install/my_custom_interfaces/lib/python3.12/site-packages/my_custom_interfaces/msg
[2.171s] -- Installing: /home/beeboss/Desktop/ros_workspaces/ros2_ws/install/my_custom_interfaces/lib/python3.12/site-packages/my_custom_interfaces/msg/_hardware_status_s.c
[2.171s] -- Installing: /home/beeboss/Desktop/ros_workspaces/ros2_ws/install/my_custom_interfaces/lib/python3.12/site-packages/my_custom_interfaces/msg/__init__.py
[2.171s] -- Installing: /home/beeboss/Desktop/ros_workspaces/ros2_ws/install/my_custom_interfaces/lib/python3.12/site-packages/my_custom_interfaces/msg/_hardware_status.py
[2.171s] -- Installing: /home/beeboss/Desktop/ros_workspaces/ros2_ws/install/my_custom_interfaces/lib/python3.12/site-packages/my_custom_interfaces/__init__.py
[2.171s] -- Installing: /home/beeboss/Desktop/ros_workspaces/ros2_ws/install/my_custom_interfaces/lib/python3.12/site-packages/my_custom_interfaces/_my_custom_interfaces_s.ep.rosidl_typesupport_c.c
[2.208s] Listing '/home/beeboss/Desktop/ros_workspaces/ros2_ws/install/my_custom_interfaces/lib/python3.12/site-packages/my_custom_interfaces'...
[2.208s] Compiling '/home/beeboss/Desktop/ros_workspaces/ros2_ws/install/my_custom_interfaces/lib/python3.12/site-packages/my_custom_interfaces/__init__.py'...
[2.208s] Listing '/home/beeboss/Desktop/ros_workspaces/ros2_ws/install/my_custom_interfaces/lib/python3.12/site-packages/my_custom_interfaces/msg'...
[2.208s] Compiling '/home/beeboss/Desktop/ros_workspaces/ros2_ws/install/my_custom_interfaces/lib/python3.12/site-packages/my_custom_interfaces/msg/__init__.py'...
[2.208s] Compiling '/home/beeboss/Desktop/ros_workspaces/ros2_ws/install/my_custom_interfaces/lib/python3.12/site-packages/my_custom_interfaces/msg/_hardware_status.py'...
[2.208s] Listing '/home/beeboss/Desktop/ros_workspaces/ros2_ws/install/my_custom_interfaces/lib/python3.12/site-packages/my_custom_interfaces/srv'...
[2.208s] Compiling '/home/beeboss/Desktop/ros_workspaces/ros2_ws/install/my_custom_interfaces/lib/python3.12/site-packages/my_custom_interfaces/srv/__init__.py'...
[2.208s] Compiling '/home/beeboss/Desktop/ros_workspaces/ros2_ws/install/my_custom_interfaces/lib/python3.12/site-packages/my_custom_interfaces/srv/_activate_turtle.py'...
[2.208s] Compiling '/home/beeboss/Desktop/ros_workspaces/ros2_ws/install/my_custom_interfaces/lib/python3.12/site-packages/my_custom_interfaces/srv/_reset_counter.py'...
[2.213s] -- Installing: /home/beeboss/Desktop/ros_workspaces/ros2_ws/install/my_custom_interfaces/lib/python3.12/site-packages/my_custom_interfaces/my_custom_interfaces_s__rosidl_typesupport_fastrtps_c.so
[2.213s] -- Set non-toolchain portion of runtime path of "/home/beeboss/Desktop/ros_workspaces/ros2_ws/install/my_custom_interfaces/lib/python3.12/site-packages/my_custom_interfaces/my_custom_interfaces_s__rosidl_typesupport_fastrtps_c.so" to ""
[2.213s] -- Installing: /home/beeboss/Desktop/ros_workspaces/ros2_ws/install/my_custom_interfaces/lib/python3.12/site-packages/my_custom_interfaces/my_custom_interfaces_s__rosidl_typesupport_introspection_c.so
[2.213s] -- Set non-toolchain portion of runtime path of "/home/beeboss/Desktop/ros_workspaces/ros2_ws/install/my_custom_interfaces/lib/python3.12/site-packages/my_custom_interfaces/my_custom_interfaces_s__rosidl_typesupport_introspection_c.so" to ""
[2.213s] -- Installing: /home/beeboss/Desktop/ros_workspaces/ros2_ws/install/my_custom_interfaces/lib/python3.12/site-packages/my_custom_interfaces/my_custom_interfaces_s__rosidl_typesupport_c.so
[2.213s] -- Set non-toolchain portion of runtime path of "/home/beeboss/Desktop/ros_workspaces/ros2_ws/install/my_custom_interfaces/lib/python3.12/site-packages/my_custom_interfaces/my_custom_interfaces_s__rosidl_typesupport_c.so" to ""
[2.213s] -- Installing: /home/beeboss/Desktop/ros_workspaces/ros2_ws/install/my_custom_interfaces/lib/libmy_custom_interfaces__rosidl_generator_py.so
[2.213s] -- Set non-toolchain portion of runtime path of "/home/beeboss/Desktop/ros_workspaces/ros2_ws/install/my_custom_interfaces/lib/libmy_custom_interfaces__rosidl_generator_py.so" to ""
[2.213s] -- Up-to-date: /home/beeboss/Desktop/ros_workspaces/ros2_ws/install/my_custom_interfaces/share/ament_index/resource_index/rust_packages/my_custom_interfaces
[2.213s] -- Up-to-date: /home/beeboss/Desktop/ros_workspaces/ros2_ws/install/my_custom_interfaces/share/my_custom_interfaces/rust
[2.214s] -- Installing: /home/beeboss/Desktop/ros_workspaces/ros2_ws/install/my_custom_interfaces/share/my_custom_interfaces/rust/Cargo.toml
[2.214s] -- Installing: /home/beeboss/Desktop/ros_workspaces/ros2_ws/install/my_custom_interfaces/share/my_custom_interfaces/rust/build.rs
[2.214s] -- Up-to-date: /home/beeboss/Desktop/ros_workspaces/ros2_ws/install/my_custom_interfaces/share/my_custom_interfaces/rust/src
[2.214s] -- Installing: /home/beeboss/Desktop/ros_workspaces/ros2_ws/install/my_custom_interfaces/share/my_custom_interfaces/rust/src/srv.rs
[2.214s] -- Installing: /home/beeboss/Desktop/ros_workspaces/ros2_ws/install/my_custom_interfaces/share/my_custom_interfaces/rust/src/lib.rs
[2.214s] -- Up-to-date: /home/beeboss/Desktop/ros_workspaces/ros2_ws/install/my_custom_interfaces/share/my_custom_interfaces/rust/src/srv
[2.214s] -- Installing: /home/beeboss/Desktop/ros_workspaces/ros2_ws/install/my_custom_interfaces/share/my_custom_interfaces/rust/src/srv/rmw.rs
[2.214s] -- Up-to-date: /home/beeboss/Desktop/ros_workspaces/ros2_ws/install/my_custom_interfaces/share/my_custom_interfaces/rust/src/msg
[2.214s] -- Installing: /home/beeboss/Desktop/ros_workspaces/ros2_ws/install/my_custom_interfaces/share/my_custom_interfaces/rust/src/msg/rmw.rs
[2.214s] -- Installing: /home/beeboss/Desktop/ros_workspaces/ros2_ws/install/my_custom_interfaces/share/my_custom_interfaces/rust/src/msg.rs
[2.214s] -- Up-to-date: /home/beeboss/Desktop/ros_workspaces/ros2_ws/install/my_custom_interfaces/share/my_custom_interfaces/msg/HardwareStatus.idl
[2.215s] -- Up-to-date: /home/beeboss/Desktop/ros_workspaces/ros2_ws/install/my_custom_interfaces/share/my_custom_interfaces/srv/ResetCounter.idl
[2.215s] -- Installing: /home/beeboss/Desktop/ros_workspaces/ros2_ws/install/my_custom_interfaces/share/my_custom_interfaces/srv/ActivateTurtle.idl
[2.215s] -- Up-to-date: /home/beeboss/Desktop/ros_workspaces/ros2_ws/install/my_custom_interfaces/share/my_custom_interfaces/msg/HardwareStatus.msg
[2.215s] -- Up-to-date: /home/beeboss/Desktop/ros_workspaces/ros2_ws/install/my_custom_interfaces/share/my_custom_interfaces/srv/ResetCounter.srv
[2.215s] -- Installing: /home/beeboss/Desktop/ros_workspaces/ros2_ws/install/my_custom_interfaces/share/my_custom_interfaces/srv/ActivateTurtle.srv
[2.215s] -- Up-to-date: /home/beeboss/Desktop/ros_workspaces/ros2_ws/install/my_custom_interfaces/share/ament_index/resource_index/package_run_dependencies/my_custom_interfaces
[2.215s] -- Up-to-date: /home/beeboss/Desktop/ros_workspaces/ros2_ws/install/my_custom_interfaces/share/ament_index/resource_index/parent_prefix_path/my_custom_interfaces
[2.215s] -- Up-to-date: /home/beeboss/Desktop/ros_workspaces/ros2_ws/install/my_custom_interfaces/share/my_custom_interfaces/environment/ament_prefix_path.sh
[2.215s] -- Up-to-date: /home/beeboss/Desktop/ros_workspaces/ros2_ws/install/my_custom_interfaces/share/my_custom_interfaces/environment/ament_prefix_path.dsv
[2.215s] -- Up-to-date: /home/beeboss/Desktop/ros_workspaces/ros2_ws/install/my_custom_interfaces/share/my_custom_interfaces/environment/path.sh
[2.215s] -- Up-to-date: /home/beeboss/Desktop/ros_workspaces/ros2_ws/install/my_custom_interfaces/share/my_custom_interfaces/environment/path.dsv
[2.215s] -- Up-to-date: /home/beeboss/Desktop/ros_workspaces/ros2_ws/install/my_custom_interfaces/share/my_custom_interfaces/local_setup.bash
[2.215s] -- Up-to-date: /home/beeboss/Desktop/ros_workspaces/ros2_ws/install/my_custom_interfaces/share/my_custom_interfaces/local_setup.sh
[2.215s] -- Up-to-date: /home/beeboss/Desktop/ros_workspaces/ros2_ws/install/my_custom_interfaces/share/my_custom_interfaces/local_setup.zsh
[2.215s] -- Up-to-date: /home/beeboss/Desktop/ros_workspaces/ros2_ws/install/my_custom_interfaces/share/my_custom_interfaces/local_setup.dsv
[2.216s] -- Installing: /home/beeboss/Desktop/ros_workspaces/ros2_ws/install/my_custom_interfaces/share/my_custom_interfaces/package.dsv
[2.216s] -- Up-to-date: /home/beeboss/Desktop/ros_workspaces/ros2_ws/install/my_custom_interfaces/share/ament_index/resource_index/packages/my_custom_interfaces
[2.216s] -- Up-to-date: /home/beeboss/Desktop/ros_workspaces/ros2_ws/install/my_custom_interfaces/share/my_custom_interfaces/cmake/export_my_custom_interfaces__rosidl_generator_cExport.cmake
[2.216s] -- Up-to-date: /home/beeboss/Desktop/ros_workspaces/ros2_ws/install/my_custom_interfaces/share/my_custom_interfaces/cmake/export_my_custom_interfaces__rosidl_generator_cExport-noconfig.cmake
[2.216s] -- Up-to-date: /home/beeboss/Desktop/ros_workspaces/ros2_ws/install/my_custom_interfaces/share/my_custom_interfaces/cmake/export_my_custom_interfaces__rosidl_typesupport_fastrtps_cExport.cmake
[2.216s] -- Up-to-date: /home/beeboss/Desktop/ros_workspaces/ros2_ws/install/my_custom_interfaces/share/my_custom_interfaces/cmake/export_my_custom_interfaces__rosidl_typesupport_fastrtps_cExport-noconfig.cmake
[2.216s] -- Up-to-date: /home/beeboss/Desktop/ros_workspaces/ros2_ws/install/my_custom_interfaces/share/my_custom_interfaces/cmake/my_custom_interfaces__rosidl_typesupport_introspection_cExport.cmake
[2.216s] -- Up-to-date: /home/beeboss/Desktop/ros_workspaces/ros2_ws/install/my_custom_interfaces/share/my_custom_interfaces/cmake/my_custom_interfaces__rosidl_typesupport_introspection_cExport-noconfig.cmake
[2.216s] -- Up-to-date: /home/beeboss/Desktop/ros_workspaces/ros2_ws/install/my_custom_interfaces/share/my_custom_interfaces/cmake/my_custom_interfaces__rosidl_typesupport_cExport.cmake
[2.216s] -- Up-to-date: /home/beeboss/Desktop/ros_workspaces/ros2_ws/install/my_custom_interfaces/share/my_custom_interfaces/cmake/my_custom_interfaces__rosidl_typesupport_cExport-noconfig.cmake
[2.216s] -- Up-to-date: /home/beeboss/Desktop/ros_workspaces/ros2_ws/install/my_custom_interfaces/share/my_custom_interfaces/cmake/export_my_custom_interfaces__rosidl_generator_cppExport.cmake
[2.216s] -- Up-to-date: /home/beeboss/Desktop/ros_workspaces/ros2_ws/install/my_custom_interfaces/share/my_custom_interfaces/cmake/export_my_custom_interfaces__rosidl_typesupport_fastrtps_cppExport.cmake
[2.216s] -- Up-to-date: /home/beeboss/Desktop/ros_workspaces/ros2_ws/install/my_custom_interfaces/share/my_custom_interfaces/cmake/export_my_custom_interfaces__rosidl_typesupport_fastrtps_cppExport-noconfig.cmake
[2.216s] -- Up-to-date: /home/beeboss/Desktop/ros_workspaces/ros2_ws/install/my_custom_interfaces/share/my_custom_interfaces/cmake/my_custom_interfaces__rosidl_typesupport_introspection_cppExport.cmake
[2.216s] -- Up-to-date: /home/beeboss/Desktop/ros_workspaces/ros2_ws/install/my_custom_interfaces/share/my_custom_interfaces/cmake/my_custom_interfaces__rosidl_typesupport_introspection_cppExport-noconfig.cmake
[2.217s] -- Up-to-date: /home/beeboss/Desktop/ros_workspaces/ros2_ws/install/my_custom_interfaces/share/my_custom_interfaces/cmake/my_custom_interfaces__rosidl_typesupport_cppExport.cmake
[2.217s] -- Up-to-date: /home/beeboss/Desktop/ros_workspaces/ros2_ws/install/my_custom_interfaces/share/my_custom_interfaces/cmake/my_custom_interfaces__rosidl_typesupport_cppExport-noconfig.cmake
[2.217s] -- Up-to-date: /home/beeboss/Desktop/ros_workspaces/ros2_ws/install/my_custom_interfaces/share/my_custom_interfaces/cmake/export_my_custom_interfaces__rosidl_generator_pyExport.cmake
[2.217s] -- Up-to-date: /home/beeboss/Desktop/ros_workspaces/ros2_ws/install/my_custom_interfaces/share/my_custom_interfaces/cmake/export_my_custom_interfaces__rosidl_generator_pyExport-noconfig.cmake
[2.218s] -- Installing: /home/beeboss/Desktop/ros_workspaces/ros2_ws/install/my_custom_interfaces/share/my_custom_interfaces/cmake/rosidl_cmake-extras.cmake
[2.218s] -- Installing: /home/beeboss/Desktop/ros_workspaces/ros2_ws/install/my_custom_interfaces/share/my_custom_interfaces/cmake/ament_cmake_export_dependencies-extras.cmake
[2.218s] -- Up-to-date: /home/beeboss/Desktop/ros_workspaces/ros2_ws/install/my_custom_interfaces/share/my_custom_interfaces/cmake/ament_cmake_export_include_directories-extras.cmake
[2.218s] -- Up-to-date: /home/beeboss/Desktop/ros_workspaces/ros2_ws/install/my_custom_interfaces/share/my_custom_interfaces/cmake/ament_cmake_export_libraries-extras.cmake
[2.218s] -- Up-to-date: /home/beeboss/Desktop/ros_workspaces/ros2_ws/install/my_custom_interfaces/share/my_custom_interfaces/cmake/ament_cmake_export_targets-extras.cmake
[2.218s] -- Up-to-date: /home/beeboss/Desktop/ros_workspaces/ros2_ws/install/my_custom_interfaces/share/my_custom_interfaces/cmake/rosidl_cmake_export_typesupport_targets-extras.cmake
[2.218s] -- Up-to-date: /home/beeboss/Desktop/ros_workspaces/ros2_ws/install/my_custom_interfaces/share/my_custom_interfaces/cmake/rosidl_cmake_export_typesupport_libraries-extras.cmake
[2.219s] -- Up-to-date: /home/beeboss/Desktop/ros_workspaces/ros2_ws/install/my_custom_interfaces/share/my_custom_interfaces/cmake/my_custom_interfacesConfig.cmake
[2.219s] -- Up-to-date: /home/beeboss/Desktop/ros_workspaces/ros2_ws/install/my_custom_interfaces/share/my_custom_interfaces/cmake/my_custom_interfacesConfig-version.cmake
[2.219s] -- Up-to-date: /home/beeboss/Desktop/ros_workspaces/ros2_ws/install/my_custom_interfaces/share/my_custom_interfaces/package.xml
[2.219s] Invoked command in '/home/beeboss/Desktop/ros_workspaces/ros2_ws/build/my_custom_interfaces' returned '0': CMAKE_PREFIX_PATH=${CMAKE_PREFIX_PATH}:/home/beeboss/Desktop/ros_workspaces/ros2_ws/install/turtle_controller:/home/beeboss/Desktop/ros_workspaces/ros2_ws/install/my_py_pkg:/opt/ros/jazzy CONDA_PROMPT_MODIFIER=(base) DEBUGINFOD_URLS=https://debuginfod.ubuntu.com /usr/bin/cmake --install /home/beeboss/Desktop/ros_workspaces/ros2_ws/build/my_custom_interfaces
