[0.484s] Invoking command in '/home/beeboss/Desktop/ros_workspaces/ros2_ws/src/my_py_pkg': AMENT_PREFIX_PATH=/home/beeboss/Desktop/ros_workspaces/ros2_ws/install/my_custom_interfaces:${AMENT_PREFIX_PATH} CMAKE_PREFIX_PATH=/home/beeboss/Desktop/ros_workspaces/ros2_ws/install/my_custom_interfaces:${CMAKE_PREFIX_PATH} DEBUGINFOD_URLS=https://debuginfod.ubuntu.com LD_LIBRARY_PATH=/home/beeboss/Desktop/ros_workspaces/ros2_ws/install/my_custom_interfaces/lib:${LD_LIBRARY_PATH} PYTHONPATH=/home/beeboss/Desktop/ros_workspaces/ros2_ws/build/my_py_pkg/prefix_override:/usr/lib/python3/dist-packages/colcon_core/task/python/colcon_distutils_commands:/home/beeboss/Desktop/ros_workspaces/ros2_ws/install/my_py_pkg/lib/python3.12/site-packages:/home/beeboss/Desktop/ros_workspaces/ros2_ws/install/my_custom_interfaces/lib/python3.12/site-packages:${PYTHONPATH} /usr/bin/python3 -W ignore:setup.py install is deprecated -W ignore:easy_install command is deprecated setup.py egg_info --egg-base ../../build/my_py_pkg build --build-base /home/beeboss/Desktop/ros_workspaces/ros2_ws/build/my_py_pkg/build install --record /home/beeboss/Desktop/ros_workspaces/ros2_ws/build/my_py_pkg/install.log --single-version-externally-managed install_data
[0.642s] running egg_info
[0.649s] writing ../../build/my_py_pkg/my_py_pkg.egg-info/PKG-INFO
[0.649s] writing dependency_links to ../../build/my_py_pkg/my_py_pkg.egg-info/dependency_links.txt
[0.649s] writing entry points to ../../build/my_py_pkg/my_py_pkg.egg-info/entry_points.txt
[0.649s] writing requirements to ../../build/my_py_pkg/my_py_pkg.egg-info/requires.txt
[0.649s] writing top-level names to ../../build/my_py_pkg/my_py_pkg.egg-info/top_level.txt
[0.664s] reading manifest file '../../build/my_py_pkg/my_py_pkg.egg-info/SOURCES.txt'
[0.664s] writing manifest file '../../build/my_py_pkg/my_py_pkg.egg-info/SOURCES.txt'
[0.664s] running build
[0.664s] running build_py
[0.665s] running install
[0.667s] running install_lib
[0.676s] running install_data
[0.676s] running install_egg_info
[0.684s] removing '/home/beeboss/Desktop/ros_workspaces/ros2_ws/install/my_py_pkg/lib/python3.12/site-packages/my_py_pkg-0.0.0-py3.12.egg-info' (and everything under it)
[0.684s] Copying ../../build/my_py_pkg/my_py_pkg.egg-info to /home/beeboss/Desktop/ros_workspaces/ros2_ws/install/my_py_pkg/lib/python3.12/site-packages/my_py_pkg-0.0.0-py3.12.egg-info
[0.684s] running install_scripts
[0.749s] Installing number_publisher script to /home/beeboss/Desktop/ros_workspaces/ros2_ws/install/my_py_pkg/lib/my_py_pkg
[0.749s] Installing number_subscriber script to /home/beeboss/Desktop/ros_workspaces/ros2_ws/install/my_py_pkg/lib/my_py_pkg
[0.749s] Installing test_node script to /home/beeboss/Desktop/ros_workspaces/ros2_ws/install/my_py_pkg/lib/my_py_pkg
[0.750s] writing list of installed files to '/home/beeboss/Desktop/ros_workspaces/ros2_ws/build/my_py_pkg/install.log'
[0.767s] Invoked command in '/home/beeboss/Desktop/ros_workspaces/ros2_ws/src/my_py_pkg' returned '0': AMENT_PREFIX_PATH=/home/beeboss/Desktop/ros_workspaces/ros2_ws/install/my_custom_interfaces:${AMENT_PREFIX_PATH} CMAKE_PREFIX_PATH=/home/beeboss/Desktop/ros_workspaces/ros2_ws/install/my_custom_interfaces:${CMAKE_PREFIX_PATH} DEBUGINFOD_URLS=https://debuginfod.ubuntu.com LD_LIBRARY_PATH=/home/beeboss/Desktop/ros_workspaces/ros2_ws/install/my_custom_interfaces/lib:${LD_LIBRARY_PATH} PYTHONPATH=/home/beeboss/Desktop/ros_workspaces/ros2_ws/build/my_py_pkg/prefix_override:/usr/lib/python3/dist-packages/colcon_core/task/python/colcon_distutils_commands:/home/beeboss/Desktop/ros_workspaces/ros2_ws/install/my_py_pkg/lib/python3.12/site-packages:/home/beeboss/Desktop/ros_workspaces/ros2_ws/install/my_custom_interfaces/lib/python3.12/site-packages:${PYTHONPATH} /usr/bin/python3 -W ignore:setup.py install is deprecated -W ignore:easy_install command is deprecated setup.py egg_info --egg-base ../../build/my_py_pkg build --build-base /home/beeboss/Desktop/ros_workspaces/ros2_ws/build/my_py_pkg/build install --record /home/beeboss/Desktop/ros_workspaces/ros2_ws/build/my_py_pkg/install.log --single-version-externally-managed install_data
