[0.008s] Invoking command in '/home/beeboss/Desktop/ros_workspaces/ros2_ws/build/my_custom_interfaces': CMAKE_PREFIX_PATH=${CMAKE_PREFIX_PATH}:/home/beeboss/Desktop/ros_workspaces/ros2_ws/install/turtle_controller:/home/beeboss/Desktop/ros_workspaces/ros2_ws/install/my_py_pkg:/opt/ros/jazzy CONDA_PROMPT_MODIFIER=(base) DEBUGINFOD_URLS=https://debuginfod.ubuntu.com /usr/bin/cmake --build /home/beeboss/Desktop/ros_workspaces/ros2_ws/build/my_custom_interfaces -- -j20 -l20
[0.043s] [  2%] Built target my_custom_interfaces__rosidl_generator_type_description
[0.045s] [  4%] Built target my_custom_interfaces__rs
[0.050s] [  4%] Built target ament_cmake_python_copy_my_custom_interfaces
[0.060s] [  6%] Built target my_custom_interfaces__cpp
[0.062s] [ 24%] Built target my_custom_interfaces__rosidl_generator_c
[0.076s] [ 33%] Built target my_custom_interfaces__rosidl_typesupport_introspection_cpp
[0.077s] [ 42%] Built target my_custom_interfaces__rosidl_typesupport_introspection_c
[0.079s] [ 51%] Built target my_custom_interfaces__rosidl_typesupport_fastrtps_cpp
[0.079s] [ 64%] Built target my_custom_interfaces__rosidl_typesupport_cpp
[0.079s] [ 68%] Built target my_custom_interfaces__rosidl_typesupport_c
[0.080s] [ 77%] Built target my_custom_interfaces__rosidl_typesupport_fastrtps_c
[0.095s] [ 77%] Built target my_custom_interfaces
[0.108s] [ 80%] Built target my_custom_interfaces__py
[0.125s] [ 86%] Built target my_custom_interfaces__rosidl_generator_py
[0.142s] [ 91%] Built target my_custom_interfaces_s__rosidl_typesupport_introspection_c
[0.142s] [ 95%] Built target my_custom_interfaces_s__rosidl_typesupport_fastrtps_c
[0.146s] [100%] Built target my_custom_interfaces_s__rosidl_typesupport_c
[0.231s] running egg_info
[0.238s] writing my_custom_interfaces.egg-info/PKG-INFO
[0.238s] writing dependency_links to my_custom_interfaces.egg-info/dependency_links.txt
[0.238s] writing top-level names to my_custom_interfaces.egg-info/top_level.txt
[0.261s] reading manifest file 'my_custom_interfaces.egg-info/SOURCES.txt'
[0.261s] writing manifest file 'my_custom_interfaces.egg-info/SOURCES.txt'
[0.283s] [100%] Built target ament_cmake_python_build_my_custom_interfaces_egg
[0.294s] Invoked command in '/home/beeboss/Desktop/ros_workspaces/ros2_ws/build/my_custom_interfaces' returned '0': CMAKE_PREFIX_PATH=${CMAKE_PREFIX_PATH}:/home/beeboss/Desktop/ros_workspaces/ros2_ws/install/turtle_controller:/home/beeboss/Desktop/ros_workspaces/ros2_ws/install/my_py_pkg:/opt/ros/jazzy CONDA_PROMPT_MODIFIER=(base) DEBUGINFOD_URLS=https://debuginfod.ubuntu.com /usr/bin/cmake --build /home/beeboss/Desktop/ros_workspaces/ros2_ws/build/my_custom_interfaces -- -j20 -l20
[0.299s] Invoking command in '/home/beeboss/Desktop/ros_workspaces/ros2_ws/build/my_custom_interfaces': CMAKE_PREFIX_PATH=${CMAKE_PREFIX_PATH}:/home/beeboss/Desktop/ros_workspaces/ros2_ws/install/turtle_controller:/home/beeboss/Desktop/ros_workspaces/ros2_ws/install/my_py_pkg:/opt/ros/jazzy CONDA_PROMPT_MODIFIER=(base) DEBUGINFOD_URLS=https://debuginfod.ubuntu.com /usr/bin/cmake --install /home/beeboss/Desktop/ros_workspaces/ros2_ws/build/my_custom_interfaces
[0.303s] -- Install configuration: ""
[0.303s] -- Up-to-date: /home/beeboss/Desktop/ros_workspaces/ros2_ws/install/my_custom_interfaces/share/ament_index/resource_index/rosidl_interfaces/my_custom_interfaces
[0.303s] -- Up-to-date: /home/beeboss/Desktop/ros_workspaces/ros2_ws/install/my_custom_interfaces/share/my_custom_interfaces/msg/HardwareStatus.json
[0.304s] -- Up-to-date: /home/beeboss/Desktop/ros_workspaces/ros2_ws/install/my_custom_interfaces/share/my_custom_interfaces/srv/ResetCounter.json
[0.304s] -- Up-to-date: /home/beeboss/Desktop/ros_workspaces/ros2_ws/install/my_custom_interfaces/include/my_custom_interfaces/my_custom_interfaces
[0.304s] -- Up-to-date: /home/beeboss/Desktop/ros_workspaces/ros2_ws/install/my_custom_interfaces/include/my_custom_interfaces/my_custom_interfaces/srv
[0.304s] -- Up-to-date: /home/beeboss/Desktop/ros_workspaces/ros2_ws/install/my_custom_interfaces/include/my_custom_interfaces/my_custom_interfaces/srv/reset_counter.h
[0.304s] -- Up-to-date: /home/beeboss/Desktop/ros_workspaces/ros2_ws/install/my_custom_interfaces/include/my_custom_interfaces/my_custom_interfaces/srv/detail
[0.304s] -- Up-to-date: /home/beeboss/Desktop/ros_workspaces/ros2_ws/install/my_custom_interfaces/include/my_custom_interfaces/my_custom_interfaces/srv/detail/reset_counter__struct.h
[0.304s] -- Up-to-date: /home/beeboss/Desktop/ros_workspaces/ros2_ws/install/my_custom_interfaces/include/my_custom_interfaces/my_custom_interfaces/srv/detail/reset_counter__type_support.h
[0.304s] -- Up-to-date: /home/beeboss/Desktop/ros_workspaces/ros2_ws/install/my_custom_interfaces/include/my_custom_interfaces/my_custom_interfaces/srv/detail/reset_counter__functions.h
[0.304s] -- Up-to-date: /home/beeboss/Desktop/ros_workspaces/ros2_ws/install/my_custom_interfaces/include/my_custom_interfaces/my_custom_interfaces/srv/detail/reset_counter__functions.c
[0.304s] -- Up-to-date: /home/beeboss/Desktop/ros_workspaces/ros2_ws/install/my_custom_interfaces/include/my_custom_interfaces/my_custom_interfaces/srv/detail/reset_counter__description.c
[0.305s] -- Up-to-date: /home/beeboss/Desktop/ros_workspaces/ros2_ws/install/my_custom_interfaces/include/my_custom_interfaces/my_custom_interfaces/srv/detail/reset_counter__type_support.c
[0.305s] -- Up-to-date: /home/beeboss/Desktop/ros_workspaces/ros2_ws/install/my_custom_interfaces/include/my_custom_interfaces/my_custom_interfaces/msg
[0.305s] -- Up-to-date: /home/beeboss/Desktop/ros_workspaces/ros2_ws/install/my_custom_interfaces/include/my_custom_interfaces/my_custom_interfaces/msg/rosidl_generator_c__visibility_control.h
[0.305s] -- Up-to-date: /home/beeboss/Desktop/ros_workspaces/ros2_ws/install/my_custom_interfaces/include/my_custom_interfaces/my_custom_interfaces/msg/hardware_status.h
[0.305s] -- Up-to-date: /home/beeboss/Desktop/ros_workspaces/ros2_ws/install/my_custom_interfaces/include/my_custom_interfaces/my_custom_interfaces/msg/detail
[0.305s] -- Up-to-date: /home/beeboss/Desktop/ros_workspaces/ros2_ws/install/my_custom_interfaces/include/my_custom_interfaces/my_custom_interfaces/msg/detail/hardware_status__description.c
[0.305s] -- Up-to-date: /home/beeboss/Desktop/ros_workspaces/ros2_ws/install/my_custom_interfaces/include/my_custom_interfaces/my_custom_interfaces/msg/detail/hardware_status__type_support.h
[0.305s] -- Up-to-date: /home/beeboss/Desktop/ros_workspaces/ros2_ws/install/my_custom_interfaces/include/my_custom_interfaces/my_custom_interfaces/msg/detail/hardware_status__functions.c
[0.305s] -- Up-to-date: /home/beeboss/Desktop/ros_workspaces/ros2_ws/install/my_custom_interfaces/include/my_custom_interfaces/my_custom_interfaces/msg/detail/hardware_status__type_support.c
[0.305s] -- Up-to-date: /home/beeboss/Desktop/ros_workspaces/ros2_ws/install/my_custom_interfaces/include/my_custom_interfaces/my_custom_interfaces/msg/detail/hardware_status__functions.h
[0.305s] -- Up-to-date: /home/beeboss/Desktop/ros_workspaces/ros2_ws/install/my_custom_interfaces/include/my_custom_interfaces/my_custom_interfaces/msg/detail/hardware_status__struct.h
[0.305s] -- Up-to-date: /home/beeboss/Desktop/ros_workspaces/ros2_ws/install/my_custom_interfaces/share/my_custom_interfaces/environment/library_path.sh
[0.305s] -- Up-to-date: /home/beeboss/Desktop/ros_workspaces/ros2_ws/install/my_custom_interfaces/share/my_custom_interfaces/environment/library_path.dsv
[0.306s] -- Up-to-date: /home/beeboss/Desktop/ros_workspaces/ros2_ws/install/my_custom_interfaces/lib/libmy_custom_interfaces__rosidl_generator_c.so
[0.306s] -- Up-to-date: /home/beeboss/Desktop/ros_workspaces/ros2_ws/install/my_custom_interfaces/include/my_custom_interfaces/my_custom_interfaces
[0.306s] -- Up-to-date: /home/beeboss/Desktop/ros_workspaces/ros2_ws/install/my_custom_interfaces/include/my_custom_interfaces/my_custom_interfaces/srv
[0.306s] -- Up-to-date: /home/beeboss/Desktop/ros_workspaces/ros2_ws/install/my_custom_interfaces/include/my_custom_interfaces/my_custom_interfaces/srv/detail
[0.306s] -- Up-to-date: /home/beeboss/Desktop/ros_workspaces/ros2_ws/install/my_custom_interfaces/include/my_custom_interfaces/my_custom_interfaces/srv/detail/reset_counter__rosidl_typesupport_fastrtps_c.h
[0.306s] -- Up-to-date: /home/beeboss/Desktop/ros_workspaces/ros2_ws/install/my_custom_interfaces/include/my_custom_interfaces/my_custom_interfaces/msg
[0.306s] -- Up-to-date: /home/beeboss/Desktop/ros_workspaces/ros2_ws/install/my_custom_interfaces/include/my_custom_interfaces/my_custom_interfaces/msg/rosidl_typesupport_fastrtps_c__visibility_control.h
[0.306s] -- Up-to-date: /home/beeboss/Desktop/ros_workspaces/ros2_ws/install/my_custom_interfaces/include/my_custom_interfaces/my_custom_interfaces/msg/detail
[0.306s] -- Up-to-date: /home/beeboss/Desktop/ros_workspaces/ros2_ws/install/my_custom_interfaces/include/my_custom_interfaces/my_custom_interfaces/msg/detail/hardware_status__rosidl_typesupport_fastrtps_c.h
[0.306s] -- Up-to-date: /home/beeboss/Desktop/ros_workspaces/ros2_ws/install/my_custom_interfaces/lib/libmy_custom_interfaces__rosidl_typesupport_fastrtps_c.so
[0.306s] -- Up-to-date: /home/beeboss/Desktop/ros_workspaces/ros2_ws/install/my_custom_interfaces/include/my_custom_interfaces/my_custom_interfaces
[0.306s] -- Up-to-date: /home/beeboss/Desktop/ros_workspaces/ros2_ws/install/my_custom_interfaces/include/my_custom_interfaces/my_custom_interfaces/srv
[0.306s] -- Up-to-date: /home/beeboss/Desktop/ros_workspaces/ros2_ws/install/my_custom_interfaces/include/my_custom_interfaces/my_custom_interfaces/srv/detail
[0.306s] -- Up-to-date: /home/beeboss/Desktop/ros_workspaces/ros2_ws/install/my_custom_interfaces/include/my_custom_interfaces/my_custom_interfaces/srv/detail/reset_counter__rosidl_typesupport_introspection_c.h
[0.306s] -- Up-to-date: /home/beeboss/Desktop/ros_workspaces/ros2_ws/install/my_custom_interfaces/include/my_custom_interfaces/my_custom_interfaces/srv/detail/reset_counter__type_support.c
[0.307s] -- Up-to-date: /home/beeboss/Desktop/ros_workspaces/ros2_ws/install/my_custom_interfaces/include/my_custom_interfaces/my_custom_interfaces/msg
[0.307s] -- Up-to-date: /home/beeboss/Desktop/ros_workspaces/ros2_ws/install/my_custom_interfaces/include/my_custom_interfaces/my_custom_interfaces/msg/detail
[0.307s] -- Up-to-date: /home/beeboss/Desktop/ros_workspaces/ros2_ws/install/my_custom_interfaces/include/my_custom_interfaces/my_custom_interfaces/msg/detail/hardware_status__rosidl_typesupport_introspection_c.h
[0.307s] -- Up-to-date: /home/beeboss/Desktop/ros_workspaces/ros2_ws/install/my_custom_interfaces/include/my_custom_interfaces/my_custom_interfaces/msg/detail/hardware_status__type_support.c
[0.307s] -- Up-to-date: /home/beeboss/Desktop/ros_workspaces/ros2_ws/install/my_custom_interfaces/include/my_custom_interfaces/my_custom_interfaces/msg/rosidl_typesupport_introspection_c__visibility_control.h
[0.307s] -- Up-to-date: /home/beeboss/Desktop/ros_workspaces/ros2_ws/install/my_custom_interfaces/lib/libmy_custom_interfaces__rosidl_typesupport_introspection_c.so
[0.307s] -- Up-to-date: /home/beeboss/Desktop/ros_workspaces/ros2_ws/install/my_custom_interfaces/lib/libmy_custom_interfaces__rosidl_typesupport_c.so
[0.307s] -- Up-to-date: /home/beeboss/Desktop/ros_workspaces/ros2_ws/install/my_custom_interfaces/include/my_custom_interfaces/my_custom_interfaces
[0.307s] -- Up-to-date: /home/beeboss/Desktop/ros_workspaces/ros2_ws/install/my_custom_interfaces/include/my_custom_interfaces/my_custom_interfaces/srv
[0.307s] -- Up-to-date: /home/beeboss/Desktop/ros_workspaces/ros2_ws/install/my_custom_interfaces/include/my_custom_interfaces/my_custom_interfaces/srv/reset_counter.hpp
[0.307s] -- Up-to-date: /home/beeboss/Desktop/ros_workspaces/ros2_ws/install/my_custom_interfaces/include/my_custom_interfaces/my_custom_interfaces/srv/detail
[0.307s] -- Up-to-date: /home/beeboss/Desktop/ros_workspaces/ros2_ws/install/my_custom_interfaces/include/my_custom_interfaces/my_custom_interfaces/srv/detail/reset_counter__builder.hpp
[0.307s] -- Up-to-date: /home/beeboss/Desktop/ros_workspaces/ros2_ws/install/my_custom_interfaces/include/my_custom_interfaces/my_custom_interfaces/srv/detail/reset_counter__struct.hpp
[0.307s] -- Up-to-date: /home/beeboss/Desktop/ros_workspaces/ros2_ws/install/my_custom_interfaces/include/my_custom_interfaces/my_custom_interfaces/srv/detail/reset_counter__traits.hpp
[0.308s] -- Up-to-date: /home/beeboss/Desktop/ros_workspaces/ros2_ws/install/my_custom_interfaces/include/my_custom_interfaces/my_custom_interfaces/srv/detail/reset_counter__type_support.hpp
[0.308s] -- Up-to-date: /home/beeboss/Desktop/ros_workspaces/ros2_ws/install/my_custom_interfaces/include/my_custom_interfaces/my_custom_interfaces/msg
[0.308s] -- Up-to-date: /home/beeboss/Desktop/ros_workspaces/ros2_ws/install/my_custom_interfaces/include/my_custom_interfaces/my_custom_interfaces/msg/hardware_status.hpp
[0.308s] -- Up-to-date: /home/beeboss/Desktop/ros_workspaces/ros2_ws/install/my_custom_interfaces/include/my_custom_interfaces/my_custom_interfaces/msg/detail
[0.308s] -- Up-to-date: /home/beeboss/Desktop/ros_workspaces/ros2_ws/install/my_custom_interfaces/include/my_custom_interfaces/my_custom_interfaces/msg/detail/hardware_status__type_support.hpp
[0.308s] -- Up-to-date: /home/beeboss/Desktop/ros_workspaces/ros2_ws/install/my_custom_interfaces/include/my_custom_interfaces/my_custom_interfaces/msg/detail/hardware_status__struct.hpp
[0.308s] -- Up-to-date: /home/beeboss/Desktop/ros_workspaces/ros2_ws/install/my_custom_interfaces/include/my_custom_interfaces/my_custom_interfaces/msg/detail/hardware_status__builder.hpp
[0.308s] -- Up-to-date: /home/beeboss/Desktop/ros_workspaces/ros2_ws/install/my_custom_interfaces/include/my_custom_interfaces/my_custom_interfaces/msg/detail/hardware_status__traits.hpp
[0.308s] -- Up-to-date: /home/beeboss/Desktop/ros_workspaces/ros2_ws/install/my_custom_interfaces/include/my_custom_interfaces/my_custom_interfaces/msg/rosidl_generator_cpp__visibility_control.hpp
[0.308s] -- Up-to-date: /home/beeboss/Desktop/ros_workspaces/ros2_ws/install/my_custom_interfaces/include/my_custom_interfaces/my_custom_interfaces
[0.308s] -- Up-to-date: /home/beeboss/Desktop/ros_workspaces/ros2_ws/install/my_custom_interfaces/include/my_custom_interfaces/my_custom_interfaces/srv
[0.308s] -- Up-to-date: /home/beeboss/Desktop/ros_workspaces/ros2_ws/install/my_custom_interfaces/include/my_custom_interfaces/my_custom_interfaces/srv/detail
[0.308s] -- Up-to-date: /home/beeboss/Desktop/ros_workspaces/ros2_ws/install/my_custom_interfaces/include/my_custom_interfaces/my_custom_interfaces/srv/detail/dds_fastrtps
[0.308s] -- Up-to-date: /home/beeboss/Desktop/ros_workspaces/ros2_ws/install/my_custom_interfaces/include/my_custom_interfaces/my_custom_interfaces/srv/detail/reset_counter__rosidl_typesupport_fastrtps_cpp.hpp
[0.308s] -- Up-to-date: /home/beeboss/Desktop/ros_workspaces/ros2_ws/install/my_custom_interfaces/include/my_custom_interfaces/my_custom_interfaces/msg
[0.308s] -- Up-to-date: /home/beeboss/Desktop/ros_workspaces/ros2_ws/install/my_custom_interfaces/include/my_custom_interfaces/my_custom_interfaces/msg/rosidl_typesupport_fastrtps_cpp__visibility_control.h
[0.309s] -- Up-to-date: /home/beeboss/Desktop/ros_workspaces/ros2_ws/install/my_custom_interfaces/include/my_custom_interfaces/my_custom_interfaces/msg/detail
[0.309s] -- Up-to-date: /home/beeboss/Desktop/ros_workspaces/ros2_ws/install/my_custom_interfaces/include/my_custom_interfaces/my_custom_interfaces/msg/detail/hardware_status__rosidl_typesupport_fastrtps_cpp.hpp
[0.309s] -- Up-to-date: /home/beeboss/Desktop/ros_workspaces/ros2_ws/install/my_custom_interfaces/include/my_custom_interfaces/my_custom_interfaces/msg/detail/dds_fastrtps
[0.309s] -- Up-to-date: /home/beeboss/Desktop/ros_workspaces/ros2_ws/install/my_custom_interfaces/lib/libmy_custom_interfaces__rosidl_typesupport_fastrtps_cpp.so
[0.309s] -- Up-to-date: /home/beeboss/Desktop/ros_workspaces/ros2_ws/install/my_custom_interfaces/include/my_custom_interfaces/my_custom_interfaces
[0.309s] -- Up-to-date: /home/beeboss/Desktop/ros_workspaces/ros2_ws/install/my_custom_interfaces/include/my_custom_interfaces/my_custom_interfaces/srv
[0.309s] -- Up-to-date: /home/beeboss/Desktop/ros_workspaces/ros2_ws/install/my_custom_interfaces/include/my_custom_interfaces/my_custom_interfaces/srv/detail
[0.309s] -- Up-to-date: /home/beeboss/Desktop/ros_workspaces/ros2_ws/install/my_custom_interfaces/include/my_custom_interfaces/my_custom_interfaces/srv/detail/reset_counter__rosidl_typesupport_introspection_cpp.hpp
[0.309s] -- Up-to-date: /home/beeboss/Desktop/ros_workspaces/ros2_ws/install/my_custom_interfaces/include/my_custom_interfaces/my_custom_interfaces/srv/detail/reset_counter__type_support.cpp
[0.309s] -- Up-to-date: /home/beeboss/Desktop/ros_workspaces/ros2_ws/install/my_custom_interfaces/include/my_custom_interfaces/my_custom_interfaces/msg
[0.309s] -- Up-to-date: /home/beeboss/Desktop/ros_workspaces/ros2_ws/install/my_custom_interfaces/include/my_custom_interfaces/my_custom_interfaces/msg/detail
[0.309s] -- Up-to-date: /home/beeboss/Desktop/ros_workspaces/ros2_ws/install/my_custom_interfaces/include/my_custom_interfaces/my_custom_interfaces/msg/detail/hardware_status__rosidl_typesupport_introspection_cpp.hpp
[0.309s] -- Up-to-date: /home/beeboss/Desktop/ros_workspaces/ros2_ws/install/my_custom_interfaces/include/my_custom_interfaces/my_custom_interfaces/msg/detail/hardware_status__type_support.cpp
[0.309s] -- Up-to-date: /home/beeboss/Desktop/ros_workspaces/ros2_ws/install/my_custom_interfaces/lib/libmy_custom_interfaces__rosidl_typesupport_introspection_cpp.so
[0.309s] -- Up-to-date: /home/beeboss/Desktop/ros_workspaces/ros2_ws/install/my_custom_interfaces/lib/libmy_custom_interfaces__rosidl_typesupport_cpp.so
[0.309s] -- Up-to-date: /home/beeboss/Desktop/ros_workspaces/ros2_ws/install/my_custom_interfaces/share/my_custom_interfaces/environment/pythonpath.sh
[0.310s] -- Up-to-date: /home/beeboss/Desktop/ros_workspaces/ros2_ws/install/my_custom_interfaces/share/my_custom_interfaces/environment/pythonpath.dsv
[0.310s] -- Up-to-date: /home/beeboss/Desktop/ros_workspaces/ros2_ws/install/my_custom_interfaces/lib/python3.12/site-packages/my_custom_interfaces-0.0.0-py3.12.egg-info
[0.310s] -- Installing: /home/beeboss/Desktop/ros_workspaces/ros2_ws/install/my_custom_interfaces/lib/python3.12/site-packages/my_custom_interfaces-0.0.0-py3.12.egg-info/top_level.txt
[0.310s] -- Installing: /home/beeboss/Desktop/ros_workspaces/ros2_ws/install/my_custom_interfaces/lib/python3.12/site-packages/my_custom_interfaces-0.0.0-py3.12.egg-info/PKG-INFO
[0.310s] -- Installing: /home/beeboss/Desktop/ros_workspaces/ros2_ws/install/my_custom_interfaces/lib/python3.12/site-packages/my_custom_interfaces-0.0.0-py3.12.egg-info/SOURCES.txt
[0.310s] -- Installing: /home/beeboss/Desktop/ros_workspaces/ros2_ws/install/my_custom_interfaces/lib/python3.12/site-packages/my_custom_interfaces-0.0.0-py3.12.egg-info/dependency_links.txt
[0.310s] -- Up-to-date: /home/beeboss/Desktop/ros_workspaces/ros2_ws/install/my_custom_interfaces/lib/python3.12/site-packages/my_custom_interfaces
[0.310s] -- Up-to-date: /home/beeboss/Desktop/ros_workspaces/ros2_ws/install/my_custom_interfaces/lib/python3.12/site-packages/my_custom_interfaces/my_custom_interfaces_s__rosidl_typesupport_c.so
[0.310s] -- Up-to-date: /home/beeboss/Desktop/ros_workspaces/ros2_ws/install/my_custom_interfaces/lib/python3.12/site-packages/my_custom_interfaces/_my_custom_interfaces_s.ep.rosidl_typesupport_fastrtps_c.c
[0.310s] -- Up-to-date: /home/beeboss/Desktop/ros_workspaces/ros2_ws/install/my_custom_interfaces/lib/python3.12/site-packages/my_custom_interfaces/_my_custom_interfaces_s.ep.rosidl_typesupport_introspection_c.c
[0.310s] -- Up-to-date: /home/beeboss/Desktop/ros_workspaces/ros2_ws/install/my_custom_interfaces/lib/python3.12/site-packages/my_custom_interfaces/my_custom_interfaces_s__rosidl_typesupport_introspection_c.so
[0.310s] -- Up-to-date: /home/beeboss/Desktop/ros_workspaces/ros2_ws/install/my_custom_interfaces/lib/python3.12/site-packages/my_custom_interfaces/my_custom_interfaces_s__rosidl_typesupport_fastrtps_c.so
[0.310s] -- Up-to-date: /home/beeboss/Desktop/ros_workspaces/ros2_ws/install/my_custom_interfaces/lib/python3.12/site-packages/my_custom_interfaces/srv
[0.310s] -- Up-to-date: /home/beeboss/Desktop/ros_workspaces/ros2_ws/install/my_custom_interfaces/lib/python3.12/site-packages/my_custom_interfaces/srv/_reset_counter.py
[0.310s] -- Up-to-date: /home/beeboss/Desktop/ros_workspaces/ros2_ws/install/my_custom_interfaces/lib/python3.12/site-packages/my_custom_interfaces/srv/_reset_counter_s.c
[0.310s] -- Up-to-date: /home/beeboss/Desktop/ros_workspaces/ros2_ws/install/my_custom_interfaces/lib/python3.12/site-packages/my_custom_interfaces/srv/__init__.py
[0.311s] -- Up-to-date: /home/beeboss/Desktop/ros_workspaces/ros2_ws/install/my_custom_interfaces/lib/python3.12/site-packages/my_custom_interfaces/msg
[0.311s] -- Up-to-date: /home/beeboss/Desktop/ros_workspaces/ros2_ws/install/my_custom_interfaces/lib/python3.12/site-packages/my_custom_interfaces/msg/_hardware_status_s.c
[0.311s] -- Up-to-date: /home/beeboss/Desktop/ros_workspaces/ros2_ws/install/my_custom_interfaces/lib/python3.12/site-packages/my_custom_interfaces/msg/__init__.py
[0.311s] -- Up-to-date: /home/beeboss/Desktop/ros_workspaces/ros2_ws/install/my_custom_interfaces/lib/python3.12/site-packages/my_custom_interfaces/msg/_hardware_status.py
[0.311s] -- Up-to-date: /home/beeboss/Desktop/ros_workspaces/ros2_ws/install/my_custom_interfaces/lib/python3.12/site-packages/my_custom_interfaces/__init__.py
[0.311s] -- Up-to-date: /home/beeboss/Desktop/ros_workspaces/ros2_ws/install/my_custom_interfaces/lib/python3.12/site-packages/my_custom_interfaces/_my_custom_interfaces_s.ep.rosidl_typesupport_c.c
[0.322s] Listing '/home/beeboss/Desktop/ros_workspaces/ros2_ws/install/my_custom_interfaces/lib/python3.12/site-packages/my_custom_interfaces'...
[0.322s] Listing '/home/beeboss/Desktop/ros_workspaces/ros2_ws/install/my_custom_interfaces/lib/python3.12/site-packages/my_custom_interfaces/msg'...
[0.322s] Listing '/home/beeboss/Desktop/ros_workspaces/ros2_ws/install/my_custom_interfaces/lib/python3.12/site-packages/my_custom_interfaces/srv'...
[0.325s] -- Up-to-date: /home/beeboss/Desktop/ros_workspaces/ros2_ws/install/my_custom_interfaces/lib/python3.12/site-packages/my_custom_interfaces/my_custom_interfaces_s__rosidl_typesupport_fastrtps_c.so
[0.325s] -- Up-to-date: /home/beeboss/Desktop/ros_workspaces/ros2_ws/install/my_custom_interfaces/lib/python3.12/site-packages/my_custom_interfaces/my_custom_interfaces_s__rosidl_typesupport_introspection_c.so
[0.325s] -- Up-to-date: /home/beeboss/Desktop/ros_workspaces/ros2_ws/install/my_custom_interfaces/lib/python3.12/site-packages/my_custom_interfaces/my_custom_interfaces_s__rosidl_typesupport_c.so
[0.326s] -- Up-to-date: /home/beeboss/Desktop/ros_workspaces/ros2_ws/install/my_custom_interfaces/lib/libmy_custom_interfaces__rosidl_generator_py.so
[0.326s] -- Up-to-date: /home/beeboss/Desktop/ros_workspaces/ros2_ws/install/my_custom_interfaces/share/ament_index/resource_index/rust_packages/my_custom_interfaces
[0.326s] -- Up-to-date: /home/beeboss/Desktop/ros_workspaces/ros2_ws/install/my_custom_interfaces/share/my_custom_interfaces/rust
[0.326s] -- Up-to-date: /home/beeboss/Desktop/ros_workspaces/ros2_ws/install/my_custom_interfaces/share/my_custom_interfaces/rust/Cargo.toml
[0.326s] -- Up-to-date: /home/beeboss/Desktop/ros_workspaces/ros2_ws/install/my_custom_interfaces/share/my_custom_interfaces/rust/build.rs
[0.326s] -- Up-to-date: /home/beeboss/Desktop/ros_workspaces/ros2_ws/install/my_custom_interfaces/share/my_custom_interfaces/rust/src
[0.326s] -- Up-to-date: /home/beeboss/Desktop/ros_workspaces/ros2_ws/install/my_custom_interfaces/share/my_custom_interfaces/rust/src/srv.rs
[0.326s] -- Up-to-date: /home/beeboss/Desktop/ros_workspaces/ros2_ws/install/my_custom_interfaces/share/my_custom_interfaces/rust/src/lib.rs
[0.327s] -- Up-to-date: /home/beeboss/Desktop/ros_workspaces/ros2_ws/install/my_custom_interfaces/share/my_custom_interfaces/rust/src/srv
[0.327s] -- Up-to-date: /home/beeboss/Desktop/ros_workspaces/ros2_ws/install/my_custom_interfaces/share/my_custom_interfaces/rust/src/srv/rmw.rs
[0.327s] -- Up-to-date: /home/beeboss/Desktop/ros_workspaces/ros2_ws/install/my_custom_interfaces/share/my_custom_interfaces/rust/src/msg
[0.327s] -- Up-to-date: /home/beeboss/Desktop/ros_workspaces/ros2_ws/install/my_custom_interfaces/share/my_custom_interfaces/rust/src/msg/rmw.rs
[0.327s] -- Up-to-date: /home/beeboss/Desktop/ros_workspaces/ros2_ws/install/my_custom_interfaces/share/my_custom_interfaces/rust/src/msg.rs
[0.327s] -- Up-to-date: /home/beeboss/Desktop/ros_workspaces/ros2_ws/install/my_custom_interfaces/share/my_custom_interfaces/msg/HardwareStatus.idl
[0.327s] -- Up-to-date: /home/beeboss/Desktop/ros_workspaces/ros2_ws/install/my_custom_interfaces/share/my_custom_interfaces/srv/ResetCounter.idl
[0.327s] -- Up-to-date: /home/beeboss/Desktop/ros_workspaces/ros2_ws/install/my_custom_interfaces/share/my_custom_interfaces/msg/HardwareStatus.msg
[0.327s] -- Up-to-date: /home/beeboss/Desktop/ros_workspaces/ros2_ws/install/my_custom_interfaces/share/my_custom_interfaces/srv/ResetCounter.srv
[0.327s] -- Up-to-date: /home/beeboss/Desktop/ros_workspaces/ros2_ws/install/my_custom_interfaces/share/ament_index/resource_index/package_run_dependencies/my_custom_interfaces
[0.327s] -- Up-to-date: /home/beeboss/Desktop/ros_workspaces/ros2_ws/install/my_custom_interfaces/share/ament_index/resource_index/parent_prefix_path/my_custom_interfaces
[0.327s] -- Up-to-date: /home/beeboss/Desktop/ros_workspaces/ros2_ws/install/my_custom_interfaces/share/my_custom_interfaces/environment/ament_prefix_path.sh
[0.327s] -- Up-to-date: /home/beeboss/Desktop/ros_workspaces/ros2_ws/install/my_custom_interfaces/share/my_custom_interfaces/environment/ament_prefix_path.dsv
[0.327s] -- Up-to-date: /home/beeboss/Desktop/ros_workspaces/ros2_ws/install/my_custom_interfaces/share/my_custom_interfaces/environment/path.sh
[0.328s] -- Up-to-date: /home/beeboss/Desktop/ros_workspaces/ros2_ws/install/my_custom_interfaces/share/my_custom_interfaces/environment/path.dsv
[0.328s] -- Up-to-date: /home/beeboss/Desktop/ros_workspaces/ros2_ws/install/my_custom_interfaces/share/my_custom_interfaces/local_setup.bash
[0.328s] -- Up-to-date: /home/beeboss/Desktop/ros_workspaces/ros2_ws/install/my_custom_interfaces/share/my_custom_interfaces/local_setup.sh
[0.328s] -- Up-to-date: /home/beeboss/Desktop/ros_workspaces/ros2_ws/install/my_custom_interfaces/share/my_custom_interfaces/local_setup.zsh
[0.328s] -- Up-to-date: /home/beeboss/Desktop/ros_workspaces/ros2_ws/install/my_custom_interfaces/share/my_custom_interfaces/local_setup.dsv
[0.328s] -- Installing: /home/beeboss/Desktop/ros_workspaces/ros2_ws/install/my_custom_interfaces/share/my_custom_interfaces/package.dsv
[0.328s] -- Up-to-date: /home/beeboss/Desktop/ros_workspaces/ros2_ws/install/my_custom_interfaces/share/ament_index/resource_index/packages/my_custom_interfaces
[0.328s] -- Up-to-date: /home/beeboss/Desktop/ros_workspaces/ros2_ws/install/my_custom_interfaces/share/my_custom_interfaces/cmake/export_my_custom_interfaces__rosidl_generator_cExport.cmake
[0.329s] -- Up-to-date: /home/beeboss/Desktop/ros_workspaces/ros2_ws/install/my_custom_interfaces/share/my_custom_interfaces/cmake/export_my_custom_interfaces__rosidl_generator_cExport-noconfig.cmake
[0.329s] -- Up-to-date: /home/beeboss/Desktop/ros_workspaces/ros2_ws/install/my_custom_interfaces/share/my_custom_interfaces/cmake/export_my_custom_interfaces__rosidl_typesupport_fastrtps_cExport.cmake
[0.329s] -- Up-to-date: /home/beeboss/Desktop/ros_workspaces/ros2_ws/install/my_custom_interfaces/share/my_custom_interfaces/cmake/export_my_custom_interfaces__rosidl_typesupport_fastrtps_cExport-noconfig.cmake
[0.329s] -- Up-to-date: /home/beeboss/Desktop/ros_workspaces/ros2_ws/install/my_custom_interfaces/share/my_custom_interfaces/cmake/my_custom_interfaces__rosidl_typesupport_introspection_cExport.cmake
[0.329s] -- Up-to-date: /home/beeboss/Desktop/ros_workspaces/ros2_ws/install/my_custom_interfaces/share/my_custom_interfaces/cmake/my_custom_interfaces__rosidl_typesupport_introspection_cExport-noconfig.cmake
[0.329s] -- Up-to-date: /home/beeboss/Desktop/ros_workspaces/ros2_ws/install/my_custom_interfaces/share/my_custom_interfaces/cmake/my_custom_interfaces__rosidl_typesupport_cExport.cmake
[0.330s] -- Up-to-date: /home/beeboss/Desktop/ros_workspaces/ros2_ws/install/my_custom_interfaces/share/my_custom_interfaces/cmake/my_custom_interfaces__rosidl_typesupport_cExport-noconfig.cmake
[0.330s] -- Up-to-date: /home/beeboss/Desktop/ros_workspaces/ros2_ws/install/my_custom_interfaces/share/my_custom_interfaces/cmake/export_my_custom_interfaces__rosidl_generator_cppExport.cmake
[0.330s] -- Up-to-date: /home/beeboss/Desktop/ros_workspaces/ros2_ws/install/my_custom_interfaces/share/my_custom_interfaces/cmake/export_my_custom_interfaces__rosidl_typesupport_fastrtps_cppExport.cmake
[0.330s] -- Up-to-date: /home/beeboss/Desktop/ros_workspaces/ros2_ws/install/my_custom_interfaces/share/my_custom_interfaces/cmake/export_my_custom_interfaces__rosidl_typesupport_fastrtps_cppExport-noconfig.cmake
[0.330s] -- Up-to-date: /home/beeboss/Desktop/ros_workspaces/ros2_ws/install/my_custom_interfaces/share/my_custom_interfaces/cmake/my_custom_interfaces__rosidl_typesupport_introspection_cppExport.cmake
[0.330s] -- Up-to-date: /home/beeboss/Desktop/ros_workspaces/ros2_ws/install/my_custom_interfaces/share/my_custom_interfaces/cmake/my_custom_interfaces__rosidl_typesupport_introspection_cppExport-noconfig.cmake
[0.330s] -- Up-to-date: /home/beeboss/Desktop/ros_workspaces/ros2_ws/install/my_custom_interfaces/share/my_custom_interfaces/cmake/my_custom_interfaces__rosidl_typesupport_cppExport.cmake
[0.331s] -- Up-to-date: /home/beeboss/Desktop/ros_workspaces/ros2_ws/install/my_custom_interfaces/share/my_custom_interfaces/cmake/my_custom_interfaces__rosidl_typesupport_cppExport-noconfig.cmake
[0.331s] -- Up-to-date: /home/beeboss/Desktop/ros_workspaces/ros2_ws/install/my_custom_interfaces/share/my_custom_interfaces/cmake/export_my_custom_interfaces__rosidl_generator_pyExport.cmake
[0.331s] -- Up-to-date: /home/beeboss/Desktop/ros_workspaces/ros2_ws/install/my_custom_interfaces/share/my_custom_interfaces/cmake/export_my_custom_interfaces__rosidl_generator_pyExport-noconfig.cmake
[0.331s] -- Up-to-date: /home/beeboss/Desktop/ros_workspaces/ros2_ws/install/my_custom_interfaces/share/my_custom_interfaces/cmake/rosidl_cmake-extras.cmake
[0.331s] -- Up-to-date: /home/beeboss/Desktop/ros_workspaces/ros2_ws/install/my_custom_interfaces/share/my_custom_interfaces/cmake/ament_cmake_export_dependencies-extras.cmake
[0.331s] -- Up-to-date: /home/beeboss/Desktop/ros_workspaces/ros2_ws/install/my_custom_interfaces/share/my_custom_interfaces/cmake/ament_cmake_export_include_directories-extras.cmake
[0.332s] -- Up-to-date: /home/beeboss/Desktop/ros_workspaces/ros2_ws/install/my_custom_interfaces/share/my_custom_interfaces/cmake/ament_cmake_export_libraries-extras.cmake
[0.332s] -- Up-to-date: /home/beeboss/Desktop/ros_workspaces/ros2_ws/install/my_custom_interfaces/share/my_custom_interfaces/cmake/ament_cmake_export_targets-extras.cmake
[0.332s] -- Up-to-date: /home/beeboss/Desktop/ros_workspaces/ros2_ws/install/my_custom_interfaces/share/my_custom_interfaces/cmake/rosidl_cmake_export_typesupport_targets-extras.cmake
[0.332s] -- Up-to-date: /home/beeboss/Desktop/ros_workspaces/ros2_ws/install/my_custom_interfaces/share/my_custom_interfaces/cmake/rosidl_cmake_export_typesupport_libraries-extras.cmake
[0.332s] -- Up-to-date: /home/beeboss/Desktop/ros_workspaces/ros2_ws/install/my_custom_interfaces/share/my_custom_interfaces/cmake/my_custom_interfacesConfig.cmake
[0.332s] -- Up-to-date: /home/beeboss/Desktop/ros_workspaces/ros2_ws/install/my_custom_interfaces/share/my_custom_interfaces/cmake/my_custom_interfacesConfig-version.cmake
[0.332s] -- Up-to-date: /home/beeboss/Desktop/ros_workspaces/ros2_ws/install/my_custom_interfaces/share/my_custom_interfaces/package.xml
[0.332s] Invoked command in '/home/beeboss/Desktop/ros_workspaces/ros2_ws/build/my_custom_interfaces' returned '0': CMAKE_PREFIX_PATH=${CMAKE_PREFIX_PATH}:/home/beeboss/Desktop/ros_workspaces/ros2_ws/install/turtle_controller:/home/beeboss/Desktop/ros_workspaces/ros2_ws/install/my_py_pkg:/opt/ros/jazzy CONDA_PROMPT_MODIFIER=(base) DEBUGINFOD_URLS=https://debuginfod.ubuntu.com /usr/bin/cmake --install /home/beeboss/Desktop/ros_workspaces/ros2_ws/build/my_custom_interfaces
