[0.008s] Invoking command in '/home/beeboss/Desktop/ros_workspaces/ros2_ws/build/my_cpp_pkg': CMAKE_PREFIX_PATH=/home/beeboss/Desktop/ros_workspaces/ros2_ws/install/my_custom_interfaces:/home/beeboss/Desktop/ros_workspaces/ros2_ws/install/my_cpp_pkg:/opt/ros/jazzy/opt/gz_math_vendor:/opt/ros/jazzy/opt/gz_utils_vendor:/opt/ros/jazzy/opt/gz_cmake_vendor:/home/beeboss/Desktop/ros_workspaces/ros2_ws/install/turtle_controller:/home/beeboss/Desktop/ros_workspaces/ros2_ws/install/my_py_pkg:/opt/ros/jazzy CONDA_PROMPT_MODIFIER=(base) DEBUGINFOD_URLS=https://debuginfod.ubuntu.com PYTHONPATH=/home/beeboss/Desktop/ros_workspaces/ros2_ws/install/my_custom_interfaces/lib/python3.12/site-packages:/home/beeboss/Desktop/ros_workspaces/ros2_ws/install/turtle_controller/lib/python3.12/site-packages:/home/beeboss/Desktop/ros_workspaces/ros2_ws/install/my_py_pkg/lib/python3.12/site-packages:/opt/ros/jazzy/lib/python3.12/site-packages /usr/bin/cmake --build /home/beeboss/Desktop/ros_workspaces/ros2_ws/build/my_cpp_pkg -- -j20 -l20
[0.045s] [ 25%] Built target number_counter
[0.047s] [ 50%] Built target test_node
[0.052s] [ 62%] [32mBuilding CXX object CMakeFiles/reset_counter_client.dir/src/reset_counter_client.cpp.o[0m
[0.052s] [ 87%] Built target number_publisher
[0.967s] [01m[K/home/beeboss/Desktop/ros_workspaces/ros2_ws/src/my_cpp_pkg/src/reset_counter_client.cpp:[m[K In constructor ‘[01m[KResetCounterClientNode::[01;32m[KResetCounterClientNode[m[K()[m[K’:
[0.967s] [01m[K/home/beeboss/Desktop/ros_workspaces/ros2_ws/src/my_cpp_pkg/src/reset_counter_client.cpp:12:9:[m[K [01;31m[Kerror: [m[K‘[01m[Kclient_[m[K’ was not declared in this scope
[0.967s]    12 |         [01;31m[Kclient_[m[K = this->create_client<ResetCounter>("reset_counter");
[0.967s]       |         [01;31m[K^~~~~~~[m[K
[0.971s] [01m[K/home/beeboss/Desktop/ros_workspaces/ros2_ws/src/my_cpp_pkg/src/reset_counter_client.cpp:[m[K In member function ‘[01m[Kvoid ResetCounterClientNode::[01;32m[KcallResetCounter[m[K(int)[m[K’:
[0.971s] [01m[K/home/beeboss/Desktop/ros_workspaces/ros2_ws/src/my_cpp_pkg/src/reset_counter_client.cpp:16:17:[m[K [01;31m[Kerror: [m[K‘[01m[Kclient_[m[K’ was not declared in this scope
[0.971s]    16 |         while (![01;31m[Kclient_[m[K->wait_for_service(1s)) {
[0.971s]       |                 [01;31m[K^~~~~~~[m[K
[0.975s] [01m[K/home/beeboss/Desktop/ros_workspaces/ros2_ws/src/my_cpp_pkg/src/reset_counter_client.cpp:21:9:[m[K [01;31m[Kerror: [m[K‘[01m[Kclient_[m[K’ was not declared in this scope
[0.975s]    21 |         [01;31m[Kclient_[m[K->async_send_request(request, std::bind(&ResetCounterClientNode::responseCallback, this, _1));
[0.975s]       |         [01;31m[K^~~~~~~[m[K
[1.368s] gmake[2]: *** [CMakeFiles/reset_counter_client.dir/build.make:76: CMakeFiles/reset_counter_client.dir/src/reset_counter_client.cpp.o] Error 1
[1.368s] gmake[1]: *** [CMakeFiles/Makefile2:221: CMakeFiles/reset_counter_client.dir/all] Error 2
[1.368s] gmake: *** [Makefile:146: all] Error 2
[1.370s] Invoked command in '/home/beeboss/Desktop/ros_workspaces/ros2_ws/build/my_cpp_pkg' returned '2': CMAKE_PREFIX_PATH=/home/beeboss/Desktop/ros_workspaces/ros2_ws/install/my_custom_interfaces:/home/beeboss/Desktop/ros_workspaces/ros2_ws/install/my_cpp_pkg:/opt/ros/jazzy/opt/gz_math_vendor:/opt/ros/jazzy/opt/gz_utils_vendor:/opt/ros/jazzy/opt/gz_cmake_vendor:/home/beeboss/Desktop/ros_workspaces/ros2_ws/install/turtle_controller:/home/beeboss/Desktop/ros_workspaces/ros2_ws/install/my_py_pkg:/opt/ros/jazzy CONDA_PROMPT_MODIFIER=(base) DEBUGINFOD_URLS=https://debuginfod.ubuntu.com PYTHONPATH=/home/beeboss/Desktop/ros_workspaces/ros2_ws/install/my_custom_interfaces/lib/python3.12/site-packages:/home/beeboss/Desktop/ros_workspaces/ros2_ws/install/turtle_controller/lib/python3.12/site-packages:/home/beeboss/Desktop/ros_workspaces/ros2_ws/install/my_py_pkg/lib/python3.12/site-packages:/opt/ros/jazzy/lib/python3.12/site-packages /usr/bin/cmake --build /home/beeboss/Desktop/ros_workspaces/ros2_ws/build/my_cpp_pkg -- -j20 -l20
