[0.008s] Invoking command in '/home/beeboss/Desktop/ros_workspaces/ros2_ws/build/my_custom_interfaces': CMAKE_PREFIX_PATH=${CMAKE_PREFIX_PATH}:/home/beeboss/Desktop/ros_workspaces/ros2_ws/install/turtle_controller:/home/beeboss/Desktop/ros_workspaces/ros2_ws/install/my_py_pkg:/opt/ros/jazzy CONDA_PROMPT_MODIFIER=(base) DEBUGINFOD_URLS=https://debuginfod.ubuntu.com /usr/bin/cmake --build /home/beeboss/Desktop/ros_workspaces/ros2_ws/build/my_custom_interfaces -- -j20 -l20
[0.073s] -- Found ament_cmake: 2.5.6 (/opt/ros/jazzy/share/ament_cmake/cmake)
[0.157s] -- Found rosidl_default_generators: 1.6.0 (/opt/ros/jazzy/share/rosidl_default_generators/cmake)
[0.162s] -- Using all available rosidl_typesupport_c: rosidl_typesupport_fastrtps_c;rosidl_typesupport_introspection_c
[0.214s] -- Using all available rosidl_typesupport_cpp: rosidl_typesupport_fastrtps_cpp;rosidl_typesupport_introspection_cpp
[0.274s] -- Found rosidl_adapter: 4.6.7 (/opt/ros/jazzy/share/rosidl_adapter/cmake)
[0.516s] -- Found ament_cmake_ros: 0.12.0 (/opt/ros/jazzy/share/ament_cmake_ros/cmake)
[0.600s] -- Using all available rosidl_typesupport_c: rosidl_typesupport_fastrtps_c;rosidl_typesupport_introspection_c
[0.684s] -- Using all available rosidl_typesupport_cpp: rosidl_typesupport_fastrtps_cpp;rosidl_typesupport_introspection_cpp
[0.685s] -- Found python_cmake_module: 0.11.1 (/opt/ros/jazzy/share/python_cmake_module/cmake)
[0.852s] -- Found Python3: /usr/bin/python3 (found version "3.12.3") found components: Interpreter Development NumPy Development.Module Development.Embed 
[0.885s] -- Found Python3: /usr/bin/python3 (found version "3.12.3") found components: Interpreter 
[0.887s] -- Found ament_lint_auto: 0.17.5 (/opt/ros/jazzy/share/ament_lint_auto/cmake)
[0.903s] -- Added test 'lint_cmake' to check CMake code style
[0.904s] -- Added test 'xmllint' to check XML markup files
[0.907s] -- Configuring done (0.8s)
[0.935s] -- Generating done (0.0s)
[0.941s] -- Build files have been written to: /home/beeboss/Desktop/ros_workspaces/ros2_ws/build/my_custom_interfaces
[0.965s] [  2%] [34m[1mGenerating Rust code for ROS interfaces[0m
[0.968s] [  4%] [34m[1mGenerating type hashes for ROS interfaces[0m
[0.977s] [  4%] Built target ament_cmake_python_copy_my_custom_interfaces
[1.063s] [  4%] Built target my_custom_interfaces__rosidl_generator_type_description
[1.068s] [  6%] [34m[1mGenerating C code for ROS interfaces[0m
[1.076s] [  8%] [34m[1mGenerating C++ code for ROS interfaces[0m
[1.084s] [  8%] Built target my_custom_interfaces__rs
[1.139s] running egg_info
[1.146s] writing my_custom_interfaces.egg-info/PKG-INFO
[1.146s] writing dependency_links to my_custom_interfaces.egg-info/dependency_links.txt
[1.146s] writing top-level names to my_custom_interfaces.egg-info/top_level.txt
[1.171s] reading manifest file 'my_custom_interfaces.egg-info/SOURCES.txt'
[1.171s] writing manifest file 'my_custom_interfaces.egg-info/SOURCES.txt'
[1.192s] [  8%] Built target ament_cmake_python_build_my_custom_interfaces_egg
[1.240s] [  8%] Built target my_custom_interfaces__cpp
[1.257s] [ 11%] [32mBuilding C object CMakeFiles/my_custom_interfaces__rosidl_generator_c.dir/rosidl_generator_c/my_custom_interfaces/msg/detail/hardware_status__functions.c.o[0m
[1.258s] [ 15%] [32mBuilding C object CMakeFiles/my_custom_interfaces__rosidl_generator_c.dir/rosidl_generator_c/my_custom_interfaces/srv/detail/reset_counter__description.c.o[0m
[1.258s] [ 15%] [32mBuilding C object CMakeFiles/my_custom_interfaces__rosidl_generator_c.dir/rosidl_generator_c/my_custom_interfaces/srv/detail/reset_counter__functions.c.o[0m
[1.258s] [ 17%] [32mBuilding C object CMakeFiles/my_custom_interfaces__rosidl_generator_c.dir/rosidl_generator_c/my_custom_interfaces/msg/detail/hardware_status__type_support.c.o[0m
[1.259s] [ 20%] [32mBuilding C object CMakeFiles/my_custom_interfaces__rosidl_generator_c.dir/rosidl_generator_c/my_custom_interfaces/msg/detail/hardware_status__description.c.o[0m
[1.261s] [ 22%] [32mBuilding C object CMakeFiles/my_custom_interfaces__rosidl_generator_c.dir/rosidl_generator_c/my_custom_interfaces/srv/detail/reset_counter__type_support.c.o[0m
[1.338s] [ 24%] [32m[1mLinking C shared library libmy_custom_interfaces__rosidl_generator_c.so[0m
[1.363s] [ 24%] Built target my_custom_interfaces__rosidl_generator_c
[1.369s] [ 26%] [34m[1mGenerating C introspection for ROS interfaces[0m
[1.369s] [ 28%] [34m[1mGenerating C type support dispatch for ROS interfaces[0m
[1.370s] [ 31%] [34m[1mGenerating C++ type support for eProsima Fast-RTPS[0m
[1.370s] [ 33%] [34m[1mGenerating C++ introspection for ROS interfaces[0m
[1.372s] [ 35%] [34m[1mGenerating C type support for eProsima Fast-RTPS[0m
[1.372s] [ 37%] [34m[1mGenerating C++ type support dispatch for ROS interfaces[0m
[1.497s] [ 40%] [32mBuilding CXX object CMakeFiles/my_custom_interfaces__rosidl_typesupport_c.dir/rosidl_typesupport_c/my_custom_interfaces/msg/hardware_status__type_support.cpp.o[0m
[1.500s] [ 42%] [32mBuilding CXX object CMakeFiles/my_custom_interfaces__rosidl_typesupport_c.dir/rosidl_typesupport_c/my_custom_interfaces/srv/reset_counter__type_support.cpp.o[0m
[1.504s] [ 44%] [32mBuilding C object CMakeFiles/my_custom_interfaces__rosidl_typesupport_introspection_c.dir/rosidl_typesupport_introspection_c/my_custom_interfaces/msg/detail/hardware_status__type_support.c.o[0m
[1.507s] [ 46%] [32mBuilding C object CMakeFiles/my_custom_interfaces__rosidl_typesupport_introspection_c.dir/rosidl_typesupport_introspection_c/my_custom_interfaces/srv/detail/reset_counter__type_support.c.o[0m
[1.517s] [ 48%] [32mBuilding CXX object CMakeFiles/my_custom_interfaces__rosidl_typesupport_cpp.dir/rosidl_typesupport_cpp/my_custom_interfaces/srv/reset_counter__type_support.cpp.o[0m
[1.519s] [ 51%] [32mBuilding CXX object CMakeFiles/my_custom_interfaces__rosidl_typesupport_cpp.dir/rosidl_typesupport_cpp/my_custom_interfaces/msg/hardware_status__type_support.cpp.o[0m
[1.541s] [ 53%] [32mBuilding CXX object CMakeFiles/my_custom_interfaces__rosidl_typesupport_fastrtps_c.dir/rosidl_typesupport_fastrtps_c/my_custom_interfaces/msg/detail/hardware_status__type_support_c.cpp.o[0m
[1.543s] [ 55%] [32mBuilding CXX object CMakeFiles/my_custom_interfaces__rosidl_typesupport_fastrtps_cpp.dir/rosidl_typesupport_fastrtps_cpp/my_custom_interfaces/msg/detail/dds_fastrtps/hardware_status__type_support.cpp.o[0m
[1.543s] [ 57%] [32mBuilding CXX object CMakeFiles/my_custom_interfaces__rosidl_typesupport_fastrtps_cpp.dir/rosidl_typesupport_fastrtps_cpp/my_custom_interfaces/srv/detail/dds_fastrtps/reset_counter__type_support.cpp.o[0m
[1.544s] [ 60%] [32mBuilding CXX object CMakeFiles/my_custom_interfaces__rosidl_typesupport_fastrtps_c.dir/rosidl_typesupport_fastrtps_c/my_custom_interfaces/srv/detail/reset_counter__type_support_c.cpp.o[0m
[1.548s] [ 62%] [32mBuilding CXX object CMakeFiles/my_custom_interfaces__rosidl_typesupport_introspection_cpp.dir/rosidl_typesupport_introspection_cpp/my_custom_interfaces/srv/detail/reset_counter__type_support.cpp.o[0m
[1.549s] [ 64%] [32m[1mLinking C shared library libmy_custom_interfaces__rosidl_typesupport_introspection_c.so[0m
[1.550s] [ 66%] [32mBuilding CXX object CMakeFiles/my_custom_interfaces__rosidl_typesupport_introspection_cpp.dir/rosidl_typesupport_introspection_cpp/my_custom_interfaces/msg/detail/hardware_status__type_support.cpp.o[0m
[1.558s] [ 68%] [32m[1mLinking CXX shared library libmy_custom_interfaces__rosidl_typesupport_c.so[0m
[1.576s] [ 68%] Built target my_custom_interfaces__rosidl_typesupport_introspection_c
[1.586s] [ 68%] Built target my_custom_interfaces__rosidl_typesupport_c
[1.746s] [ 71%] [32m[1mLinking CXX shared library libmy_custom_interfaces__rosidl_typesupport_cpp.so[0m
[1.753s] [ 73%] [32m[1mLinking CXX shared library libmy_custom_interfaces__rosidl_typesupport_introspection_cpp.so[0m
[1.782s] [ 75%] [32m[1mLinking CXX shared library libmy_custom_interfaces__rosidl_typesupport_fastrtps_c.so[0m
[1.799s] [ 75%] Built target my_custom_interfaces__rosidl_typesupport_introspection_cpp
[1.808s] [ 75%] Built target my_custom_interfaces__rosidl_typesupport_cpp
[1.824s] [ 75%] Built target my_custom_interfaces__rosidl_typesupport_fastrtps_c
[1.839s] [ 77%] [32m[1mLinking CXX shared library libmy_custom_interfaces__rosidl_typesupport_fastrtps_cpp.so[0m
[1.879s] [ 77%] Built target my_custom_interfaces__rosidl_typesupport_fastrtps_cpp
[1.895s] [ 77%] Built target my_custom_interfaces
[1.908s] [ 80%] [34m[1mGenerating Python code for ROS interfaces[0m
[2.117s] [ 80%] Built target my_custom_interfaces__py
[2.129s] [ 82%] [32mBuilding C object CMakeFiles/my_custom_interfaces__rosidl_generator_py.dir/rosidl_generator_py/my_custom_interfaces/msg/_hardware_status_s.c.o[0m
[2.130s] [ 84%] [32mBuilding C object CMakeFiles/my_custom_interfaces__rosidl_generator_py.dir/rosidl_generator_py/my_custom_interfaces/srv/_reset_counter_s.c.o[0m
[2.292s] [ 86%] [32m[1mLinking C shared library libmy_custom_interfaces__rosidl_generator_py.so[0m
[2.322s] [ 86%] Built target my_custom_interfaces__rosidl_generator_py
[2.335s] [ 88%] [32mBuilding C object CMakeFiles/my_custom_interfaces_s__rosidl_typesupport_fastrtps_c.dir/rosidl_generator_py/my_custom_interfaces/_my_custom_interfaces_s.ep.rosidl_typesupport_fastrtps_c.c.o[0m
[2.335s] [ 91%] [32mBuilding C object CMakeFiles/my_custom_interfaces_s__rosidl_typesupport_c.dir/rosidl_generator_py/my_custom_interfaces/_my_custom_interfaces_s.ep.rosidl_typesupport_c.c.o[0m
[2.341s] [ 93%] [32mBuilding C object CMakeFiles/my_custom_interfaces_s__rosidl_typesupport_introspection_c.dir/rosidl_generator_py/my_custom_interfaces/_my_custom_interfaces_s.ep.rosidl_typesupport_introspection_c.c.o[0m
[2.389s] [ 95%] [32m[1mLinking C shared module rosidl_generator_py/my_custom_interfaces/my_custom_interfaces_s__rosidl_typesupport_c.so[0m
[2.395s] [ 97%] [32m[1mLinking C shared module rosidl_generator_py/my_custom_interfaces/my_custom_interfaces_s__rosidl_typesupport_fastrtps_c.so[0m
[2.412s] [ 97%] Built target my_custom_interfaces_s__rosidl_typesupport_c
[2.415s] [100%] [32m[1mLinking C shared module rosidl_generator_py/my_custom_interfaces/my_custom_interfaces_s__rosidl_typesupport_introspection_c.so[0m
[2.418s] [100%] Built target my_custom_interfaces_s__rosidl_typesupport_fastrtps_c
[2.435s] [100%] Built target my_custom_interfaces_s__rosidl_typesupport_introspection_c
[2.442s] Invoked command in '/home/beeboss/Desktop/ros_workspaces/ros2_ws/build/my_custom_interfaces' returned '0': CMAKE_PREFIX_PATH=${CMAKE_PREFIX_PATH}:/home/beeboss/Desktop/ros_workspaces/ros2_ws/install/turtle_controller:/home/beeboss/Desktop/ros_workspaces/ros2_ws/install/my_py_pkg:/opt/ros/jazzy CONDA_PROMPT_MODIFIER=(base) DEBUGINFOD_URLS=https://debuginfod.ubuntu.com /usr/bin/cmake --build /home/beeboss/Desktop/ros_workspaces/ros2_ws/build/my_custom_interfaces -- -j20 -l20
[2.448s] Invoking command in '/home/beeboss/Desktop/ros_workspaces/ros2_ws/build/my_custom_interfaces': CMAKE_PREFIX_PATH=${CMAKE_PREFIX_PATH}:/home/beeboss/Desktop/ros_workspaces/ros2_ws/install/turtle_controller:/home/beeboss/Desktop/ros_workspaces/ros2_ws/install/my_py_pkg:/opt/ros/jazzy CONDA_PROMPT_MODIFIER=(base) DEBUGINFOD_URLS=https://debuginfod.ubuntu.com /usr/bin/cmake --install /home/beeboss/Desktop/ros_workspaces/ros2_ws/build/my_custom_interfaces
[2.452s] -- Install configuration: ""
[2.452s] -- Installing: /home/beeboss/Desktop/ros_workspaces/ros2_ws/install/my_custom_interfaces/share/ament_index/resource_index/rosidl_interfaces/my_custom_interfaces
[2.452s] -- Installing: /home/beeboss/Desktop/ros_workspaces/ros2_ws/install/my_custom_interfaces/share/my_custom_interfaces/msg/HardwareStatus.json
[2.452s] -- Installing: /home/beeboss/Desktop/ros_workspaces/ros2_ws/install/my_custom_interfaces/share/my_custom_interfaces/srv/ResetCounter.json
[2.452s] -- Up-to-date: /home/beeboss/Desktop/ros_workspaces/ros2_ws/install/my_custom_interfaces/include/my_custom_interfaces/my_custom_interfaces
[2.452s] -- Installing: /home/beeboss/Desktop/ros_workspaces/ros2_ws/install/my_custom_interfaces/include/my_custom_interfaces/my_custom_interfaces/srv
[2.452s] -- Installing: /home/beeboss/Desktop/ros_workspaces/ros2_ws/install/my_custom_interfaces/include/my_custom_interfaces/my_custom_interfaces/srv/reset_counter.h
[2.452s] -- Installing: /home/beeboss/Desktop/ros_workspaces/ros2_ws/install/my_custom_interfaces/include/my_custom_interfaces/my_custom_interfaces/srv/detail
[2.452s] -- Installing: /home/beeboss/Desktop/ros_workspaces/ros2_ws/install/my_custom_interfaces/include/my_custom_interfaces/my_custom_interfaces/srv/detail/reset_counter__struct.h
[2.452s] -- Installing: /home/beeboss/Desktop/ros_workspaces/ros2_ws/install/my_custom_interfaces/include/my_custom_interfaces/my_custom_interfaces/srv/detail/reset_counter__type_support.h
[2.452s] -- Installing: /home/beeboss/Desktop/ros_workspaces/ros2_ws/install/my_custom_interfaces/include/my_custom_interfaces/my_custom_interfaces/srv/detail/reset_counter__functions.h
[2.453s] -- Installing: /home/beeboss/Desktop/ros_workspaces/ros2_ws/install/my_custom_interfaces/include/my_custom_interfaces/my_custom_interfaces/srv/detail/reset_counter__functions.c
[2.453s] -- Installing: /home/beeboss/Desktop/ros_workspaces/ros2_ws/install/my_custom_interfaces/include/my_custom_interfaces/my_custom_interfaces/srv/detail/reset_counter__description.c
[2.453s] -- Installing: /home/beeboss/Desktop/ros_workspaces/ros2_ws/install/my_custom_interfaces/include/my_custom_interfaces/my_custom_interfaces/srv/detail/reset_counter__type_support.c
[2.453s] -- Up-to-date: /home/beeboss/Desktop/ros_workspaces/ros2_ws/install/my_custom_interfaces/include/my_custom_interfaces/my_custom_interfaces/msg
[2.453s] -- Up-to-date: /home/beeboss/Desktop/ros_workspaces/ros2_ws/install/my_custom_interfaces/include/my_custom_interfaces/my_custom_interfaces/msg/rosidl_generator_c__visibility_control.h
[2.453s] -- Installing: /home/beeboss/Desktop/ros_workspaces/ros2_ws/install/my_custom_interfaces/include/my_custom_interfaces/my_custom_interfaces/msg/hardware_status.h
[2.453s] -- Up-to-date: /home/beeboss/Desktop/ros_workspaces/ros2_ws/install/my_custom_interfaces/include/my_custom_interfaces/my_custom_interfaces/msg/detail
[2.453s] -- Installing: /home/beeboss/Desktop/ros_workspaces/ros2_ws/install/my_custom_interfaces/include/my_custom_interfaces/my_custom_interfaces/msg/detail/hardware_status__description.c
[2.453s] -- Installing: /home/beeboss/Desktop/ros_workspaces/ros2_ws/install/my_custom_interfaces/include/my_custom_interfaces/my_custom_interfaces/msg/detail/hardware_status__type_support.h
[2.453s] -- Installing: /home/beeboss/Desktop/ros_workspaces/ros2_ws/install/my_custom_interfaces/include/my_custom_interfaces/my_custom_interfaces/msg/detail/hardware_status__functions.c
[2.453s] -- Installing: /home/beeboss/Desktop/ros_workspaces/ros2_ws/install/my_custom_interfaces/include/my_custom_interfaces/my_custom_interfaces/msg/detail/hardware_status__type_support.c
[2.453s] -- Installing: /home/beeboss/Desktop/ros_workspaces/ros2_ws/install/my_custom_interfaces/include/my_custom_interfaces/my_custom_interfaces/msg/detail/hardware_status__functions.h
[2.453s] -- Installing: /home/beeboss/Desktop/ros_workspaces/ros2_ws/install/my_custom_interfaces/include/my_custom_interfaces/my_custom_interfaces/msg/detail/hardware_status__struct.h
[2.453s] -- Up-to-date: /home/beeboss/Desktop/ros_workspaces/ros2_ws/install/my_custom_interfaces/share/my_custom_interfaces/environment/library_path.sh
[2.453s] -- Up-to-date: /home/beeboss/Desktop/ros_workspaces/ros2_ws/install/my_custom_interfaces/share/my_custom_interfaces/environment/library_path.dsv
[2.454s] -- Installing: /home/beeboss/Desktop/ros_workspaces/ros2_ws/install/my_custom_interfaces/lib/libmy_custom_interfaces__rosidl_generator_c.so
[2.454s] -- Set non-toolchain portion of runtime path of "/home/beeboss/Desktop/ros_workspaces/ros2_ws/install/my_custom_interfaces/lib/libmy_custom_interfaces__rosidl_generator_c.so" to ""
[2.454s] -- Up-to-date: /home/beeboss/Desktop/ros_workspaces/ros2_ws/install/my_custom_interfaces/include/my_custom_interfaces/my_custom_interfaces
[2.454s] -- Up-to-date: /home/beeboss/Desktop/ros_workspaces/ros2_ws/install/my_custom_interfaces/include/my_custom_interfaces/my_custom_interfaces/srv
[2.454s] -- Up-to-date: /home/beeboss/Desktop/ros_workspaces/ros2_ws/install/my_custom_interfaces/include/my_custom_interfaces/my_custom_interfaces/srv/detail
[2.454s] -- Installing: /home/beeboss/Desktop/ros_workspaces/ros2_ws/install/my_custom_interfaces/include/my_custom_interfaces/my_custom_interfaces/srv/detail/reset_counter__rosidl_typesupport_fastrtps_c.h
[2.454s] -- Up-to-date: /home/beeboss/Desktop/ros_workspaces/ros2_ws/install/my_custom_interfaces/include/my_custom_interfaces/my_custom_interfaces/msg
[2.454s] -- Up-to-date: /home/beeboss/Desktop/ros_workspaces/ros2_ws/install/my_custom_interfaces/include/my_custom_interfaces/my_custom_interfaces/msg/rosidl_typesupport_fastrtps_c__visibility_control.h
[2.454s] -- Up-to-date: /home/beeboss/Desktop/ros_workspaces/ros2_ws/install/my_custom_interfaces/include/my_custom_interfaces/my_custom_interfaces/msg/detail
[2.454s] -- Installing: /home/beeboss/Desktop/ros_workspaces/ros2_ws/install/my_custom_interfaces/include/my_custom_interfaces/my_custom_interfaces/msg/detail/hardware_status__rosidl_typesupport_fastrtps_c.h
[2.455s] -- Installing: /home/beeboss/Desktop/ros_workspaces/ros2_ws/install/my_custom_interfaces/lib/libmy_custom_interfaces__rosidl_typesupport_fastrtps_c.so
[2.455s] -- Set non-toolchain portion of runtime path of "/home/beeboss/Desktop/ros_workspaces/ros2_ws/install/my_custom_interfaces/lib/libmy_custom_interfaces__rosidl_typesupport_fastrtps_c.so" to ""
[2.455s] -- Up-to-date: /home/beeboss/Desktop/ros_workspaces/ros2_ws/install/my_custom_interfaces/include/my_custom_interfaces/my_custom_interfaces
[2.455s] -- Up-to-date: /home/beeboss/Desktop/ros_workspaces/ros2_ws/install/my_custom_interfaces/include/my_custom_interfaces/my_custom_interfaces/srv
[2.455s] -- Up-to-date: /home/beeboss/Desktop/ros_workspaces/ros2_ws/install/my_custom_interfaces/include/my_custom_interfaces/my_custom_interfaces/srv/detail
[2.455s] -- Installing: /home/beeboss/Desktop/ros_workspaces/ros2_ws/install/my_custom_interfaces/include/my_custom_interfaces/my_custom_interfaces/srv/detail/reset_counter__rosidl_typesupport_introspection_c.h
[2.456s] -- Up-to-date: /home/beeboss/Desktop/ros_workspaces/ros2_ws/install/my_custom_interfaces/include/my_custom_interfaces/my_custom_interfaces/srv/detail/reset_counter__type_support.c
[2.456s] -- Up-to-date: /home/beeboss/Desktop/ros_workspaces/ros2_ws/install/my_custom_interfaces/include/my_custom_interfaces/my_custom_interfaces/msg
[2.456s] -- Up-to-date: /home/beeboss/Desktop/ros_workspaces/ros2_ws/install/my_custom_interfaces/include/my_custom_interfaces/my_custom_interfaces/msg/detail
[2.456s] -- Installing: /home/beeboss/Desktop/ros_workspaces/ros2_ws/install/my_custom_interfaces/include/my_custom_interfaces/my_custom_interfaces/msg/detail/hardware_status__rosidl_typesupport_introspection_c.h
[2.456s] -- Up-to-date: /home/beeboss/Desktop/ros_workspaces/ros2_ws/install/my_custom_interfaces/include/my_custom_interfaces/my_custom_interfaces/msg/detail/hardware_status__type_support.c
[2.456s] -- Up-to-date: /home/beeboss/Desktop/ros_workspaces/ros2_ws/install/my_custom_interfaces/include/my_custom_interfaces/my_custom_interfaces/msg/rosidl_typesupport_introspection_c__visibility_control.h
[2.456s] -- Installing: /home/beeboss/Desktop/ros_workspaces/ros2_ws/install/my_custom_interfaces/lib/libmy_custom_interfaces__rosidl_typesupport_introspection_c.so
[2.457s] -- Set non-toolchain portion of runtime path of "/home/beeboss/Desktop/ros_workspaces/ros2_ws/install/my_custom_interfaces/lib/libmy_custom_interfaces__rosidl_typesupport_introspection_c.so" to ""
[2.457s] -- Installing: /home/beeboss/Desktop/ros_workspaces/ros2_ws/install/my_custom_interfaces/lib/libmy_custom_interfaces__rosidl_typesupport_c.so
[2.457s] -- Set non-toolchain portion of runtime path of "/home/beeboss/Desktop/ros_workspaces/ros2_ws/install/my_custom_interfaces/lib/libmy_custom_interfaces__rosidl_typesupport_c.so" to ""
[2.457s] -- Up-to-date: /home/beeboss/Desktop/ros_workspaces/ros2_ws/install/my_custom_interfaces/include/my_custom_interfaces/my_custom_interfaces
[2.457s] -- Up-to-date: /home/beeboss/Desktop/ros_workspaces/ros2_ws/install/my_custom_interfaces/include/my_custom_interfaces/my_custom_interfaces/srv
[2.457s] -- Installing: /home/beeboss/Desktop/ros_workspaces/ros2_ws/install/my_custom_interfaces/include/my_custom_interfaces/my_custom_interfaces/srv/reset_counter.hpp
[2.458s] -- Up-to-date: /home/beeboss/Desktop/ros_workspaces/ros2_ws/install/my_custom_interfaces/include/my_custom_interfaces/my_custom_interfaces/srv/detail
[2.458s] -- Installing: /home/beeboss/Desktop/ros_workspaces/ros2_ws/install/my_custom_interfaces/include/my_custom_interfaces/my_custom_interfaces/srv/detail/reset_counter__builder.hpp
[2.458s] -- Installing: /home/beeboss/Desktop/ros_workspaces/ros2_ws/install/my_custom_interfaces/include/my_custom_interfaces/my_custom_interfaces/srv/detail/reset_counter__struct.hpp
[2.458s] -- Installing: /home/beeboss/Desktop/ros_workspaces/ros2_ws/install/my_custom_interfaces/include/my_custom_interfaces/my_custom_interfaces/srv/detail/reset_counter__traits.hpp
[2.458s] -- Installing: /home/beeboss/Desktop/ros_workspaces/ros2_ws/install/my_custom_interfaces/include/my_custom_interfaces/my_custom_interfaces/srv/detail/reset_counter__type_support.hpp
[2.458s] -- Up-to-date: /home/beeboss/Desktop/ros_workspaces/ros2_ws/install/my_custom_interfaces/include/my_custom_interfaces/my_custom_interfaces/msg
[2.458s] -- Installing: /home/beeboss/Desktop/ros_workspaces/ros2_ws/install/my_custom_interfaces/include/my_custom_interfaces/my_custom_interfaces/msg/hardware_status.hpp
[2.458s] -- Up-to-date: /home/beeboss/Desktop/ros_workspaces/ros2_ws/install/my_custom_interfaces/include/my_custom_interfaces/my_custom_interfaces/msg/detail
[2.458s] -- Installing: /home/beeboss/Desktop/ros_workspaces/ros2_ws/install/my_custom_interfaces/include/my_custom_interfaces/my_custom_interfaces/msg/detail/hardware_status__type_support.hpp
[2.458s] -- Installing: /home/beeboss/Desktop/ros_workspaces/ros2_ws/install/my_custom_interfaces/include/my_custom_interfaces/my_custom_interfaces/msg/detail/hardware_status__struct.hpp
[2.458s] -- Installing: /home/beeboss/Desktop/ros_workspaces/ros2_ws/install/my_custom_interfaces/include/my_custom_interfaces/my_custom_interfaces/msg/detail/hardware_status__builder.hpp
[2.458s] -- Installing: /home/beeboss/Desktop/ros_workspaces/ros2_ws/install/my_custom_interfaces/include/my_custom_interfaces/my_custom_interfaces/msg/detail/hardware_status__traits.hpp
[2.458s] -- Installing: /home/beeboss/Desktop/ros_workspaces/ros2_ws/install/my_custom_interfaces/include/my_custom_interfaces/my_custom_interfaces/msg/rosidl_generator_cpp__visibility_control.hpp
[2.458s] -- Up-to-date: /home/beeboss/Desktop/ros_workspaces/ros2_ws/install/my_custom_interfaces/include/my_custom_interfaces/my_custom_interfaces
[2.458s] -- Up-to-date: /home/beeboss/Desktop/ros_workspaces/ros2_ws/install/my_custom_interfaces/include/my_custom_interfaces/my_custom_interfaces/srv
[2.458s] -- Up-to-date: /home/beeboss/Desktop/ros_workspaces/ros2_ws/install/my_custom_interfaces/include/my_custom_interfaces/my_custom_interfaces/srv/detail
[2.458s] -- Installing: /home/beeboss/Desktop/ros_workspaces/ros2_ws/install/my_custom_interfaces/include/my_custom_interfaces/my_custom_interfaces/srv/detail/dds_fastrtps
[2.458s] -- Installing: /home/beeboss/Desktop/ros_workspaces/ros2_ws/install/my_custom_interfaces/include/my_custom_interfaces/my_custom_interfaces/srv/detail/reset_counter__rosidl_typesupport_fastrtps_cpp.hpp
[2.458s] -- Up-to-date: /home/beeboss/Desktop/ros_workspaces/ros2_ws/install/my_custom_interfaces/include/my_custom_interfaces/my_custom_interfaces/msg
[2.458s] -- Up-to-date: /home/beeboss/Desktop/ros_workspaces/ros2_ws/install/my_custom_interfaces/include/my_custom_interfaces/my_custom_interfaces/msg/rosidl_typesupport_fastrtps_cpp__visibility_control.h
[2.458s] -- Up-to-date: /home/beeboss/Desktop/ros_workspaces/ros2_ws/install/my_custom_interfaces/include/my_custom_interfaces/my_custom_interfaces/msg/detail
[2.458s] -- Installing: /home/beeboss/Desktop/ros_workspaces/ros2_ws/install/my_custom_interfaces/include/my_custom_interfaces/my_custom_interfaces/msg/detail/hardware_status__rosidl_typesupport_fastrtps_cpp.hpp
[2.458s] -- Up-to-date: /home/beeboss/Desktop/ros_workspaces/ros2_ws/install/my_custom_interfaces/include/my_custom_interfaces/my_custom_interfaces/msg/detail/dds_fastrtps
[2.459s] -- Installing: /home/beeboss/Desktop/ros_workspaces/ros2_ws/install/my_custom_interfaces/lib/libmy_custom_interfaces__rosidl_typesupport_fastrtps_cpp.so
[2.459s] -- Set non-toolchain portion of runtime path of "/home/beeboss/Desktop/ros_workspaces/ros2_ws/install/my_custom_interfaces/lib/libmy_custom_interfaces__rosidl_typesupport_fastrtps_cpp.so" to ""
[2.459s] -- Up-to-date: /home/beeboss/Desktop/ros_workspaces/ros2_ws/install/my_custom_interfaces/include/my_custom_interfaces/my_custom_interfaces
[2.459s] -- Up-to-date: /home/beeboss/Desktop/ros_workspaces/ros2_ws/install/my_custom_interfaces/include/my_custom_interfaces/my_custom_interfaces/srv
[2.459s] -- Up-to-date: /home/beeboss/Desktop/ros_workspaces/ros2_ws/install/my_custom_interfaces/include/my_custom_interfaces/my_custom_interfaces/srv/detail
[2.459s] -- Installing: /home/beeboss/Desktop/ros_workspaces/ros2_ws/install/my_custom_interfaces/include/my_custom_interfaces/my_custom_interfaces/srv/detail/reset_counter__rosidl_typesupport_introspection_cpp.hpp
[2.459s] -- Installing: /home/beeboss/Desktop/ros_workspaces/ros2_ws/install/my_custom_interfaces/include/my_custom_interfaces/my_custom_interfaces/srv/detail/reset_counter__type_support.cpp
[2.460s] -- Up-to-date: /home/beeboss/Desktop/ros_workspaces/ros2_ws/install/my_custom_interfaces/include/my_custom_interfaces/my_custom_interfaces/msg
[2.460s] -- Up-to-date: /home/beeboss/Desktop/ros_workspaces/ros2_ws/install/my_custom_interfaces/include/my_custom_interfaces/my_custom_interfaces/msg/detail
[2.460s] -- Installing: /home/beeboss/Desktop/ros_workspaces/ros2_ws/install/my_custom_interfaces/include/my_custom_interfaces/my_custom_interfaces/msg/detail/hardware_status__rosidl_typesupport_introspection_cpp.hpp
[2.460s] -- Installing: /home/beeboss/Desktop/ros_workspaces/ros2_ws/install/my_custom_interfaces/include/my_custom_interfaces/my_custom_interfaces/msg/detail/hardware_status__type_support.cpp
[2.460s] -- Installing: /home/beeboss/Desktop/ros_workspaces/ros2_ws/install/my_custom_interfaces/lib/libmy_custom_interfaces__rosidl_typesupport_introspection_cpp.so
[2.461s] -- Set non-toolchain portion of runtime path of "/home/beeboss/Desktop/ros_workspaces/ros2_ws/install/my_custom_interfaces/lib/libmy_custom_interfaces__rosidl_typesupport_introspection_cpp.so" to ""
[2.461s] -- Installing: /home/beeboss/Desktop/ros_workspaces/ros2_ws/install/my_custom_interfaces/lib/libmy_custom_interfaces__rosidl_typesupport_cpp.so
[2.461s] -- Set non-toolchain portion of runtime path of "/home/beeboss/Desktop/ros_workspaces/ros2_ws/install/my_custom_interfaces/lib/libmy_custom_interfaces__rosidl_typesupport_cpp.so" to ""
[2.461s] -- Up-to-date: /home/beeboss/Desktop/ros_workspaces/ros2_ws/install/my_custom_interfaces/share/my_custom_interfaces/environment/pythonpath.sh
[2.461s] -- Up-to-date: /home/beeboss/Desktop/ros_workspaces/ros2_ws/install/my_custom_interfaces/share/my_custom_interfaces/environment/pythonpath.dsv
[2.462s] -- Up-to-date: /home/beeboss/Desktop/ros_workspaces/ros2_ws/install/my_custom_interfaces/lib/python3.12/site-packages/my_custom_interfaces-0.0.0-py3.12.egg-info
[2.462s] -- Installing: /home/beeboss/Desktop/ros_workspaces/ros2_ws/install/my_custom_interfaces/lib/python3.12/site-packages/my_custom_interfaces-0.0.0-py3.12.egg-info/top_level.txt
[2.462s] -- Installing: /home/beeboss/Desktop/ros_workspaces/ros2_ws/install/my_custom_interfaces/lib/python3.12/site-packages/my_custom_interfaces-0.0.0-py3.12.egg-info/PKG-INFO
[2.462s] -- Installing: /home/beeboss/Desktop/ros_workspaces/ros2_ws/install/my_custom_interfaces/lib/python3.12/site-packages/my_custom_interfaces-0.0.0-py3.12.egg-info/SOURCES.txt
[2.462s] -- Installing: /home/beeboss/Desktop/ros_workspaces/ros2_ws/install/my_custom_interfaces/lib/python3.12/site-packages/my_custom_interfaces-0.0.0-py3.12.egg-info/dependency_links.txt
[2.462s] -- Up-to-date: /home/beeboss/Desktop/ros_workspaces/ros2_ws/install/my_custom_interfaces/lib/python3.12/site-packages/my_custom_interfaces
[2.462s] -- Installing: /home/beeboss/Desktop/ros_workspaces/ros2_ws/install/my_custom_interfaces/lib/python3.12/site-packages/my_custom_interfaces/my_custom_interfaces_s__rosidl_typesupport_c.so
[2.462s] -- Installing: /home/beeboss/Desktop/ros_workspaces/ros2_ws/install/my_custom_interfaces/lib/python3.12/site-packages/my_custom_interfaces/_my_custom_interfaces_s.ep.rosidl_typesupport_fastrtps_c.c
[2.462s] -- Installing: /home/beeboss/Desktop/ros_workspaces/ros2_ws/install/my_custom_interfaces/lib/python3.12/site-packages/my_custom_interfaces/_my_custom_interfaces_s.ep.rosidl_typesupport_introspection_c.c
[2.462s] -- Installing: /home/beeboss/Desktop/ros_workspaces/ros2_ws/install/my_custom_interfaces/lib/python3.12/site-packages/my_custom_interfaces/my_custom_interfaces_s__rosidl_typesupport_introspection_c.so
[2.462s] -- Installing: /home/beeboss/Desktop/ros_workspaces/ros2_ws/install/my_custom_interfaces/lib/python3.12/site-packages/my_custom_interfaces/my_custom_interfaces_s__rosidl_typesupport_fastrtps_c.so
[2.462s] -- Installing: /home/beeboss/Desktop/ros_workspaces/ros2_ws/install/my_custom_interfaces/lib/python3.12/site-packages/my_custom_interfaces/srv
[2.462s] -- Installing: /home/beeboss/Desktop/ros_workspaces/ros2_ws/install/my_custom_interfaces/lib/python3.12/site-packages/my_custom_interfaces/srv/_reset_counter.py
[2.462s] -- Installing: /home/beeboss/Desktop/ros_workspaces/ros2_ws/install/my_custom_interfaces/lib/python3.12/site-packages/my_custom_interfaces/srv/_reset_counter_s.c
[2.462s] -- Installing: /home/beeboss/Desktop/ros_workspaces/ros2_ws/install/my_custom_interfaces/lib/python3.12/site-packages/my_custom_interfaces/srv/__init__.py
[2.462s] -- Up-to-date: /home/beeboss/Desktop/ros_workspaces/ros2_ws/install/my_custom_interfaces/lib/python3.12/site-packages/my_custom_interfaces/msg
[2.462s] -- Installing: /home/beeboss/Desktop/ros_workspaces/ros2_ws/install/my_custom_interfaces/lib/python3.12/site-packages/my_custom_interfaces/msg/_hardware_status_s.c
[2.462s] -- Installing: /home/beeboss/Desktop/ros_workspaces/ros2_ws/install/my_custom_interfaces/lib/python3.12/site-packages/my_custom_interfaces/msg/__init__.py
[2.463s] -- Installing: /home/beeboss/Desktop/ros_workspaces/ros2_ws/install/my_custom_interfaces/lib/python3.12/site-packages/my_custom_interfaces/msg/_hardware_status.py
[2.463s] -- Installing: /home/beeboss/Desktop/ros_workspaces/ros2_ws/install/my_custom_interfaces/lib/python3.12/site-packages/my_custom_interfaces/__init__.py
[2.463s] -- Installing: /home/beeboss/Desktop/ros_workspaces/ros2_ws/install/my_custom_interfaces/lib/python3.12/site-packages/my_custom_interfaces/_my_custom_interfaces_s.ep.rosidl_typesupport_c.c
[2.484s] Listing '/home/beeboss/Desktop/ros_workspaces/ros2_ws/install/my_custom_interfaces/lib/python3.12/site-packages/my_custom_interfaces'...
[2.484s] Compiling '/home/beeboss/Desktop/ros_workspaces/ros2_ws/install/my_custom_interfaces/lib/python3.12/site-packages/my_custom_interfaces/__init__.py'...
[2.484s] Listing '/home/beeboss/Desktop/ros_workspaces/ros2_ws/install/my_custom_interfaces/lib/python3.12/site-packages/my_custom_interfaces/msg'...
[2.484s] Compiling '/home/beeboss/Desktop/ros_workspaces/ros2_ws/install/my_custom_interfaces/lib/python3.12/site-packages/my_custom_interfaces/msg/__init__.py'...
[2.484s] Compiling '/home/beeboss/Desktop/ros_workspaces/ros2_ws/install/my_custom_interfaces/lib/python3.12/site-packages/my_custom_interfaces/msg/_hardware_status.py'...
[2.484s] Listing '/home/beeboss/Desktop/ros_workspaces/ros2_ws/install/my_custom_interfaces/lib/python3.12/site-packages/my_custom_interfaces/srv'...
[2.484s] Compiling '/home/beeboss/Desktop/ros_workspaces/ros2_ws/install/my_custom_interfaces/lib/python3.12/site-packages/my_custom_interfaces/srv/__init__.py'...
[2.484s] Compiling '/home/beeboss/Desktop/ros_workspaces/ros2_ws/install/my_custom_interfaces/lib/python3.12/site-packages/my_custom_interfaces/srv/_reset_counter.py'...
[2.487s] -- Installing: /home/beeboss/Desktop/ros_workspaces/ros2_ws/install/my_custom_interfaces/lib/python3.12/site-packages/my_custom_interfaces/my_custom_interfaces_s__rosidl_typesupport_fastrtps_c.so
[2.487s] -- Set non-toolchain portion of runtime path of "/home/beeboss/Desktop/ros_workspaces/ros2_ws/install/my_custom_interfaces/lib/python3.12/site-packages/my_custom_interfaces/my_custom_interfaces_s__rosidl_typesupport_fastrtps_c.so" to ""
[2.488s] -- Installing: /home/beeboss/Desktop/ros_workspaces/ros2_ws/install/my_custom_interfaces/lib/python3.12/site-packages/my_custom_interfaces/my_custom_interfaces_s__rosidl_typesupport_introspection_c.so
[2.488s] -- Set non-toolchain portion of runtime path of "/home/beeboss/Desktop/ros_workspaces/ros2_ws/install/my_custom_interfaces/lib/python3.12/site-packages/my_custom_interfaces/my_custom_interfaces_s__rosidl_typesupport_introspection_c.so" to ""
[2.488s] -- Installing: /home/beeboss/Desktop/ros_workspaces/ros2_ws/install/my_custom_interfaces/lib/python3.12/site-packages/my_custom_interfaces/my_custom_interfaces_s__rosidl_typesupport_c.so
[2.489s] -- Set non-toolchain portion of runtime path of "/home/beeboss/Desktop/ros_workspaces/ros2_ws/install/my_custom_interfaces/lib/python3.12/site-packages/my_custom_interfaces/my_custom_interfaces_s__rosidl_typesupport_c.so" to ""
[2.490s] -- Installing: /home/beeboss/Desktop/ros_workspaces/ros2_ws/install/my_custom_interfaces/lib/libmy_custom_interfaces__rosidl_generator_py.so
[2.490s] -- Set non-toolchain portion of runtime path of "/home/beeboss/Desktop/ros_workspaces/ros2_ws/install/my_custom_interfaces/lib/libmy_custom_interfaces__rosidl_generator_py.so" to ""
[2.490s] -- Up-to-date: /home/beeboss/Desktop/ros_workspaces/ros2_ws/install/my_custom_interfaces/share/ament_index/resource_index/rust_packages/my_custom_interfaces
[2.490s] -- Up-to-date: /home/beeboss/Desktop/ros_workspaces/ros2_ws/install/my_custom_interfaces/share/my_custom_interfaces/rust
[2.490s] -- Installing: /home/beeboss/Desktop/ros_workspaces/ros2_ws/install/my_custom_interfaces/share/my_custom_interfaces/rust/Cargo.toml
[2.490s] -- Installing: /home/beeboss/Desktop/ros_workspaces/ros2_ws/install/my_custom_interfaces/share/my_custom_interfaces/rust/build.rs
[2.490s] -- Up-to-date: /home/beeboss/Desktop/ros_workspaces/ros2_ws/install/my_custom_interfaces/share/my_custom_interfaces/rust/src
[2.490s] -- Installing: /home/beeboss/Desktop/ros_workspaces/ros2_ws/install/my_custom_interfaces/share/my_custom_interfaces/rust/src/srv.rs
[2.490s] -- Installing: /home/beeboss/Desktop/ros_workspaces/ros2_ws/install/my_custom_interfaces/share/my_custom_interfaces/rust/src/lib.rs
[2.491s] -- Installing: /home/beeboss/Desktop/ros_workspaces/ros2_ws/install/my_custom_interfaces/share/my_custom_interfaces/rust/src/srv
[2.491s] -- Installing: /home/beeboss/Desktop/ros_workspaces/ros2_ws/install/my_custom_interfaces/share/my_custom_interfaces/rust/src/srv/rmw.rs
[2.491s] -- Up-to-date: /home/beeboss/Desktop/ros_workspaces/ros2_ws/install/my_custom_interfaces/share/my_custom_interfaces/rust/src/msg
[2.491s] -- Installing: /home/beeboss/Desktop/ros_workspaces/ros2_ws/install/my_custom_interfaces/share/my_custom_interfaces/rust/src/msg/rmw.rs
[2.492s] -- Installing: /home/beeboss/Desktop/ros_workspaces/ros2_ws/install/my_custom_interfaces/share/my_custom_interfaces/rust/src/msg.rs
[2.492s] -- Up-to-date: /home/beeboss/Desktop/ros_workspaces/ros2_ws/install/my_custom_interfaces/share/my_custom_interfaces/msg/HardwareStatus.idl
[2.492s] -- Installing: /home/beeboss/Desktop/ros_workspaces/ros2_ws/install/my_custom_interfaces/share/my_custom_interfaces/srv/ResetCounter.idl
[2.492s] -- Up-to-date: /home/beeboss/Desktop/ros_workspaces/ros2_ws/install/my_custom_interfaces/share/my_custom_interfaces/msg/HardwareStatus.msg
[2.492s] -- Installing: /home/beeboss/Desktop/ros_workspaces/ros2_ws/install/my_custom_interfaces/share/my_custom_interfaces/srv/ResetCounter.srv
[2.492s] -- Up-to-date: /home/beeboss/Desktop/ros_workspaces/ros2_ws/install/my_custom_interfaces/share/ament_index/resource_index/package_run_dependencies/my_custom_interfaces
[2.492s] -- Installing: /home/beeboss/Desktop/ros_workspaces/ros2_ws/install/my_custom_interfaces/share/ament_index/resource_index/parent_prefix_path/my_custom_interfaces
[2.492s] -- Up-to-date: /home/beeboss/Desktop/ros_workspaces/ros2_ws/install/my_custom_interfaces/share/my_custom_interfaces/environment/ament_prefix_path.sh
[2.492s] -- Up-to-date: /home/beeboss/Desktop/ros_workspaces/ros2_ws/install/my_custom_interfaces/share/my_custom_interfaces/environment/ament_prefix_path.dsv
[2.492s] -- Up-to-date: /home/beeboss/Desktop/ros_workspaces/ros2_ws/install/my_custom_interfaces/share/my_custom_interfaces/environment/path.sh
[2.492s] -- Up-to-date: /home/beeboss/Desktop/ros_workspaces/ros2_ws/install/my_custom_interfaces/share/my_custom_interfaces/environment/path.dsv
[2.492s] -- Up-to-date: /home/beeboss/Desktop/ros_workspaces/ros2_ws/install/my_custom_interfaces/share/my_custom_interfaces/local_setup.bash
[2.492s] -- Up-to-date: /home/beeboss/Desktop/ros_workspaces/ros2_ws/install/my_custom_interfaces/share/my_custom_interfaces/local_setup.sh
[2.492s] -- Up-to-date: /home/beeboss/Desktop/ros_workspaces/ros2_ws/install/my_custom_interfaces/share/my_custom_interfaces/local_setup.zsh
[2.492s] -- Up-to-date: /home/beeboss/Desktop/ros_workspaces/ros2_ws/install/my_custom_interfaces/share/my_custom_interfaces/local_setup.dsv
[2.492s] -- Installing: /home/beeboss/Desktop/ros_workspaces/ros2_ws/install/my_custom_interfaces/share/my_custom_interfaces/package.dsv
[2.492s] -- Up-to-date: /home/beeboss/Desktop/ros_workspaces/ros2_ws/install/my_custom_interfaces/share/ament_index/resource_index/packages/my_custom_interfaces
[2.492s] -- Old export file "/home/beeboss/Desktop/ros_workspaces/ros2_ws/install/my_custom_interfaces/share/my_custom_interfaces/cmake/export_my_custom_interfaces__rosidl_generator_cExport.cmake" will be replaced.  Removing files [/home/beeboss/Desktop/ros_workspaces/ros2_ws/install/my_custom_interfaces/share/my_custom_interfaces/cmake/export_my_custom_interfaces__rosidl_generator_cExport-noconfig.cmake].
[2.492s] -- Installing: /home/beeboss/Desktop/ros_workspaces/ros2_ws/install/my_custom_interfaces/share/my_custom_interfaces/cmake/export_my_custom_interfaces__rosidl_generator_cExport.cmake
[2.492s] -- Installing: /home/beeboss/Desktop/ros_workspaces/ros2_ws/install/my_custom_interfaces/share/my_custom_interfaces/cmake/export_my_custom_interfaces__rosidl_generator_cExport-noconfig.cmake
[2.492s] -- Old export file "/home/beeboss/Desktop/ros_workspaces/ros2_ws/install/my_custom_interfaces/share/my_custom_interfaces/cmake/export_my_custom_interfaces__rosidl_typesupport_fastrtps_cExport.cmake" will be replaced.  Removing files [/home/beeboss/Desktop/ros_workspaces/ros2_ws/install/my_custom_interfaces/share/my_custom_interfaces/cmake/export_my_custom_interfaces__rosidl_typesupport_fastrtps_cExport-noconfig.cmake].
[2.492s] -- Installing: /home/beeboss/Desktop/ros_workspaces/ros2_ws/install/my_custom_interfaces/share/my_custom_interfaces/cmake/export_my_custom_interfaces__rosidl_typesupport_fastrtps_cExport.cmake
[2.492s] -- Installing: /home/beeboss/Desktop/ros_workspaces/ros2_ws/install/my_custom_interfaces/share/my_custom_interfaces/cmake/export_my_custom_interfaces__rosidl_typesupport_fastrtps_cExport-noconfig.cmake
[2.493s] -- Old export file "/home/beeboss/Desktop/ros_workspaces/ros2_ws/install/my_custom_interfaces/share/my_custom_interfaces/cmake/my_custom_interfaces__rosidl_typesupport_introspection_cExport.cmake" will be replaced.  Removing files [/home/beeboss/Desktop/ros_workspaces/ros2_ws/install/my_custom_interfaces/share/my_custom_interfaces/cmake/my_custom_interfaces__rosidl_typesupport_introspection_cExport-noconfig.cmake].
[2.493s] -- Installing: /home/beeboss/Desktop/ros_workspaces/ros2_ws/install/my_custom_interfaces/share/my_custom_interfaces/cmake/my_custom_interfaces__rosidl_typesupport_introspection_cExport.cmake
[2.493s] -- Installing: /home/beeboss/Desktop/ros_workspaces/ros2_ws/install/my_custom_interfaces/share/my_custom_interfaces/cmake/my_custom_interfaces__rosidl_typesupport_introspection_cExport-noconfig.cmake
[2.493s] -- Old export file "/home/beeboss/Desktop/ros_workspaces/ros2_ws/install/my_custom_interfaces/share/my_custom_interfaces/cmake/my_custom_interfaces__rosidl_typesupport_cExport.cmake" will be replaced.  Removing files [/home/beeboss/Desktop/ros_workspaces/ros2_ws/install/my_custom_interfaces/share/my_custom_interfaces/cmake/my_custom_interfaces__rosidl_typesupport_cExport-noconfig.cmake].
[2.494s] -- Installing: /home/beeboss/Desktop/ros_workspaces/ros2_ws/install/my_custom_interfaces/share/my_custom_interfaces/cmake/my_custom_interfaces__rosidl_typesupport_cExport.cmake
[2.494s] -- Installing: /home/beeboss/Desktop/ros_workspaces/ros2_ws/install/my_custom_interfaces/share/my_custom_interfaces/cmake/my_custom_interfaces__rosidl_typesupport_cExport-noconfig.cmake
[2.494s] -- Installing: /home/beeboss/Desktop/ros_workspaces/ros2_ws/install/my_custom_interfaces/share/my_custom_interfaces/cmake/export_my_custom_interfaces__rosidl_generator_cppExport.cmake
[2.494s] -- Old export file "/home/beeboss/Desktop/ros_workspaces/ros2_ws/install/my_custom_interfaces/share/my_custom_interfaces/cmake/export_my_custom_interfaces__rosidl_typesupport_fastrtps_cppExport.cmake" will be replaced.  Removing files [/home/beeboss/Desktop/ros_workspaces/ros2_ws/install/my_custom_interfaces/share/my_custom_interfaces/cmake/export_my_custom_interfaces__rosidl_typesupport_fastrtps_cppExport-noconfig.cmake].
[2.494s] -- Installing: /home/beeboss/Desktop/ros_workspaces/ros2_ws/install/my_custom_interfaces/share/my_custom_interfaces/cmake/export_my_custom_interfaces__rosidl_typesupport_fastrtps_cppExport.cmake
[2.494s] -- Installing: /home/beeboss/Desktop/ros_workspaces/ros2_ws/install/my_custom_interfaces/share/my_custom_interfaces/cmake/export_my_custom_interfaces__rosidl_typesupport_fastrtps_cppExport-noconfig.cmake
[2.495s] -- Old export file "/home/beeboss/Desktop/ros_workspaces/ros2_ws/install/my_custom_interfaces/share/my_custom_interfaces/cmake/my_custom_interfaces__rosidl_typesupport_introspection_cppExport.cmake" will be replaced.  Removing files [/home/beeboss/Desktop/ros_workspaces/ros2_ws/install/my_custom_interfaces/share/my_custom_interfaces/cmake/my_custom_interfaces__rosidl_typesupport_introspection_cppExport-noconfig.cmake].
[2.495s] -- Installing: /home/beeboss/Desktop/ros_workspaces/ros2_ws/install/my_custom_interfaces/share/my_custom_interfaces/cmake/my_custom_interfaces__rosidl_typesupport_introspection_cppExport.cmake
[2.495s] -- Installing: /home/beeboss/Desktop/ros_workspaces/ros2_ws/install/my_custom_interfaces/share/my_custom_interfaces/cmake/my_custom_interfaces__rosidl_typesupport_introspection_cppExport-noconfig.cmake
[2.495s] -- Old export file "/home/beeboss/Desktop/ros_workspaces/ros2_ws/install/my_custom_interfaces/share/my_custom_interfaces/cmake/my_custom_interfaces__rosidl_typesupport_cppExport.cmake" will be replaced.  Removing files [/home/beeboss/Desktop/ros_workspaces/ros2_ws/install/my_custom_interfaces/share/my_custom_interfaces/cmake/my_custom_interfaces__rosidl_typesupport_cppExport-noconfig.cmake].
[2.495s] -- Installing: /home/beeboss/Desktop/ros_workspaces/ros2_ws/install/my_custom_interfaces/share/my_custom_interfaces/cmake/my_custom_interfaces__rosidl_typesupport_cppExport.cmake
[2.495s] -- Installing: /home/beeboss/Desktop/ros_workspaces/ros2_ws/install/my_custom_interfaces/share/my_custom_interfaces/cmake/my_custom_interfaces__rosidl_typesupport_cppExport-noconfig.cmake
[2.496s] -- Up-to-date: /home/beeboss/Desktop/ros_workspaces/ros2_ws/install/my_custom_interfaces/share/my_custom_interfaces/cmake/export_my_custom_interfaces__rosidl_generator_pyExport.cmake
[2.496s] -- Installing: /home/beeboss/Desktop/ros_workspaces/ros2_ws/install/my_custom_interfaces/share/my_custom_interfaces/cmake/export_my_custom_interfaces__rosidl_generator_pyExport-noconfig.cmake
[2.496s] -- Installing: /home/beeboss/Desktop/ros_workspaces/ros2_ws/install/my_custom_interfaces/share/my_custom_interfaces/cmake/rosidl_cmake-extras.cmake
[2.496s] -- Installing: /home/beeboss/Desktop/ros_workspaces/ros2_ws/install/my_custom_interfaces/share/my_custom_interfaces/cmake/ament_cmake_export_dependencies-extras.cmake
[2.496s] -- Up-to-date: /home/beeboss/Desktop/ros_workspaces/ros2_ws/install/my_custom_interfaces/share/my_custom_interfaces/cmake/ament_cmake_export_include_directories-extras.cmake
[2.496s] -- Up-to-date: /home/beeboss/Desktop/ros_workspaces/ros2_ws/install/my_custom_interfaces/share/my_custom_interfaces/cmake/ament_cmake_export_libraries-extras.cmake
[2.496s] -- Up-to-date: /home/beeboss/Desktop/ros_workspaces/ros2_ws/install/my_custom_interfaces/share/my_custom_interfaces/cmake/ament_cmake_export_targets-extras.cmake
[2.496s] -- Up-to-date: /home/beeboss/Desktop/ros_workspaces/ros2_ws/install/my_custom_interfaces/share/my_custom_interfaces/cmake/rosidl_cmake_export_typesupport_targets-extras.cmake
[2.496s] -- Up-to-date: /home/beeboss/Desktop/ros_workspaces/ros2_ws/install/my_custom_interfaces/share/my_custom_interfaces/cmake/rosidl_cmake_export_typesupport_libraries-extras.cmake
[2.496s] -- Installing: /home/beeboss/Desktop/ros_workspaces/ros2_ws/install/my_custom_interfaces/share/my_custom_interfaces/cmake/my_custom_interfacesConfig.cmake
[2.496s] -- Up-to-date: /home/beeboss/Desktop/ros_workspaces/ros2_ws/install/my_custom_interfaces/share/my_custom_interfaces/cmake/my_custom_interfacesConfig-version.cmake
[2.496s] -- Up-to-date: /home/beeboss/Desktop/ros_workspaces/ros2_ws/install/my_custom_interfaces/share/my_custom_interfaces/package.xml
[2.499s] Invoked command in '/home/beeboss/Desktop/ros_workspaces/ros2_ws/build/my_custom_interfaces' returned '0': CMAKE_PREFIX_PATH=${CMAKE_PREFIX_PATH}:/home/beeboss/Desktop/ros_workspaces/ros2_ws/install/turtle_controller:/home/beeboss/Desktop/ros_workspaces/ros2_ws/install/my_py_pkg:/opt/ros/jazzy CONDA_PROMPT_MODIFIER=(base) DEBUGINFOD_URLS=https://debuginfod.ubuntu.com /usr/bin/cmake --install /home/beeboss/Desktop/ros_workspaces/ros2_ws/build/my_custom_interfaces
