[0.697s] Invoking command in '/home/beeboss/Desktop/ros_workspaces/ros2_ws/src/turtle_controller': CMAKE_PREFIX_PATH=/home/beeboss/Desktop/ros_workspaces/ros2_ws/install/my_custom_interfaces:/home/beeboss/Desktop/ros_workspaces/ros2_ws/install/my_cpp_pkg:/opt/ros/jazzy/opt/gz_math_vendor:/opt/ros/jazzy/opt/gz_utils_vendor:/opt/ros/jazzy/opt/gz_cmake_vendor CONDA_PROMPT_MODIFIER=(base) DEBUGINFOD_URLS=https://debuginfod.ubuntu.com PYTHONPATH=/home/beeboss/Desktop/ros_workspaces/ros2_ws/build/turtle_controller/prefix_override:/usr/lib/python3/dist-packages/colcon_core/task/python/colcon_distutils_commands:/home/beeboss/Desktop/ros_workspaces/ros2_ws/install/turtle_controller/lib/python3.12/site-packages:/home/beeboss/Desktop/ros_workspaces/ros2_ws/install/my_custom_interfaces/lib/python3.12/site-packages:/home/beeboss/Desktop/ros_workspaces/ros2_ws/install/turtle_controller/lib/python3.12/site-packages:/home/beeboss/Desktop/ros_workspaces/ros2_ws/install/my_py_pkg/lib/python3.12/site-packages:/opt/ros/jazzy/lib/python3.12/site-packages /usr/bin/python3 -W ignore:setup.py install is deprecated -W ignore:easy_install command is deprecated setup.py egg_info --egg-base ../../build/turtle_controller build --build-base /home/beeboss/Desktop/ros_workspaces/ros2_ws/build/turtle_controller/build install --record /home/beeboss/Desktop/ros_workspaces/ros2_ws/build/turtle_controller/install.log --single-version-externally-managed install_data
[0.883s] running egg_info
[0.889s] writing ../../build/turtle_controller/turtle_controller.egg-info/PKG-INFO
[0.889s] writing dependency_links to ../../build/turtle_controller/turtle_controller.egg-info/dependency_links.txt
[0.889s] writing entry points to ../../build/turtle_controller/turtle_controller.egg-info/entry_points.txt
[0.889s] writing requirements to ../../build/turtle_controller/turtle_controller.egg-info/requires.txt
[0.889s] writing top-level names to ../../build/turtle_controller/turtle_controller.egg-info/top_level.txt
[0.905s] reading manifest file '../../build/turtle_controller/turtle_controller.egg-info/SOURCES.txt'
[0.906s] writing manifest file '../../build/turtle_controller/turtle_controller.egg-info/SOURCES.txt'
[0.906s] running build
[0.906s] running build_py
[0.906s] copying turtle_controller/turtle_controller.py -> /home/beeboss/Desktop/ros_workspaces/ros2_ws/build/turtle_controller/build/lib/turtle_controller
[0.906s] running install
[0.909s] running install_lib
[0.918s] copying /home/beeboss/Desktop/ros_workspaces/ros2_ws/build/turtle_controller/build/lib/turtle_controller/turtle_controller.py -> /home/beeboss/Desktop/ros_workspaces/ros2_ws/install/turtle_controller/lib/python3.12/site-packages/turtle_controller
[0.918s] byte-compiling /home/beeboss/Desktop/ros_workspaces/ros2_ws/install/turtle_controller/lib/python3.12/site-packages/turtle_controller/turtle_controller.py to turtle_controller.cpython-312.pyc
[0.918s] running install_data
[0.918s] copying package.xml -> /home/beeboss/Desktop/ros_workspaces/ros2_ws/install/turtle_controller/share/turtle_controller
[0.918s] running install_egg_info
[0.927s] removing '/home/beeboss/Desktop/ros_workspaces/ros2_ws/install/turtle_controller/lib/python3.12/site-packages/turtle_controller-0.0.0-py3.12.egg-info' (and everything under it)
[0.927s] Copying ../../build/turtle_controller/turtle_controller.egg-info to /home/beeboss/Desktop/ros_workspaces/ros2_ws/install/turtle_controller/lib/python3.12/site-packages/turtle_controller-0.0.0-py3.12.egg-info
[0.927s] running install_scripts
[0.994s] Installing turtle_controller script to /home/beeboss/Desktop/ros_workspaces/ros2_ws/install/turtle_controller/lib/turtle_controller
[0.994s] writing list of installed files to '/home/beeboss/Desktop/ros_workspaces/ros2_ws/build/turtle_controller/install.log'
[1.013s] Invoked command in '/home/beeboss/Desktop/ros_workspaces/ros2_ws/src/turtle_controller' returned '0': CMAKE_PREFIX_PATH=/home/beeboss/Desktop/ros_workspaces/ros2_ws/install/my_custom_interfaces:/home/beeboss/Desktop/ros_workspaces/ros2_ws/install/my_cpp_pkg:/opt/ros/jazzy/opt/gz_math_vendor:/opt/ros/jazzy/opt/gz_utils_vendor:/opt/ros/jazzy/opt/gz_cmake_vendor CONDA_PROMPT_MODIFIER=(base) DEBUGINFOD_URLS=https://debuginfod.ubuntu.com PYTHONPATH=/home/beeboss/Desktop/ros_workspaces/ros2_ws/build/turtle_controller/prefix_override:/usr/lib/python3/dist-packages/colcon_core/task/python/colcon_distutils_commands:/home/beeboss/Desktop/ros_workspaces/ros2_ws/install/turtle_controller/lib/python3.12/site-packages:/home/beeboss/Desktop/ros_workspaces/ros2_ws/install/my_custom_interfaces/lib/python3.12/site-packages:/home/beeboss/Desktop/ros_workspaces/ros2_ws/install/turtle_controller/lib/python3.12/site-packages:/home/beeboss/Desktop/ros_workspaces/ros2_ws/install/my_py_pkg/lib/python3.12/site-packages:/opt/ros/jazzy/lib/python3.12/site-packages /usr/bin/python3 -W ignore:setup.py install is deprecated -W ignore:easy_install command is deprecated setup.py egg_info --egg-base ../../build/turtle_controller build --build-base /home/beeboss/Desktop/ros_workspaces/ros2_ws/build/turtle_controller/build install --record /home/beeboss/Desktop/ros_workspaces/ros2_ws/build/turtle_controller/install.log --single-version-externally-managed install_data
