[0.007s] Invoking command in '/home/beeboss/Desktop/ros_workspaces/ros2_ws/build/my_cpp_pkg': CMAKE_PREFIX_PATH=/home/beeboss/Desktop/ros_workspaces/ros2_ws/install/my_custom_interfaces:/home/beeboss/Desktop/ros_workspaces/ros2_ws/install/my_cpp_pkg:/opt/ros/jazzy/opt/gz_math_vendor:/opt/ros/jazzy/opt/gz_utils_vendor:/opt/ros/jazzy/opt/gz_cmake_vendor:/home/beeboss/Desktop/ros_workspaces/ros2_ws/install/turtle_controller:/home/beeboss/Desktop/ros_workspaces/ros2_ws/install/my_py_pkg:/opt/ros/jazzy CONDA_PROMPT_MODIFIER=(base) DEBUGINFOD_URLS=https://debuginfod.ubuntu.com PYTHONPATH=/home/beeboss/Desktop/ros_workspaces/ros2_ws/install/my_custom_interfaces/lib/python3.12/site-packages:/home/beeboss/Desktop/ros_workspaces/ros2_ws/install/turtle_controller/lib/python3.12/site-packages:/home/beeboss/Desktop/ros_workspaces/ros2_ws/install/my_py_pkg/lib/python3.12/site-packages:/opt/ros/jazzy/lib/python3.12/site-packages /usr/bin/cmake --build /home/beeboss/Desktop/ros_workspaces/ros2_ws/build/my_cpp_pkg -- -j20 -l20
[0.047s] [ 25%] Built target test_node
[0.047s] [ 50%] Built target number_counter
[0.049s] [ 75%] Built target number_publisher
[0.059s] [ 87%] [32mBuilding CXX object CMakeFiles/reset_counter_client.dir/src/reset_counter_client.cpp.o[0m
[1.735s] [100%] [32m[1mLinking CXX executable reset_counter_client[0m
[1.829s] [100%] Built target reset_counter_client
[1.838s] Invoked command in '/home/beeboss/Desktop/ros_workspaces/ros2_ws/build/my_cpp_pkg' returned '0': CMAKE_PREFIX_PATH=/home/beeboss/Desktop/ros_workspaces/ros2_ws/install/my_custom_interfaces:/home/beeboss/Desktop/ros_workspaces/ros2_ws/install/my_cpp_pkg:/opt/ros/jazzy/opt/gz_math_vendor:/opt/ros/jazzy/opt/gz_utils_vendor:/opt/ros/jazzy/opt/gz_cmake_vendor:/home/beeboss/Desktop/ros_workspaces/ros2_ws/install/turtle_controller:/home/beeboss/Desktop/ros_workspaces/ros2_ws/install/my_py_pkg:/opt/ros/jazzy CONDA_PROMPT_MODIFIER=(base) DEBUGINFOD_URLS=https://debuginfod.ubuntu.com PYTHONPATH=/home/beeboss/Desktop/ros_workspaces/ros2_ws/install/my_custom_interfaces/lib/python3.12/site-packages:/home/beeboss/Desktop/ros_workspaces/ros2_ws/install/turtle_controller/lib/python3.12/site-packages:/home/beeboss/Desktop/ros_workspaces/ros2_ws/install/my_py_pkg/lib/python3.12/site-packages:/opt/ros/jazzy/lib/python3.12/site-packages /usr/bin/cmake --build /home/beeboss/Desktop/ros_workspaces/ros2_ws/build/my_cpp_pkg -- -j20 -l20
[1.838s] Invoking command in '/home/beeboss/Desktop/ros_workspaces/ros2_ws/build/my_cpp_pkg': CMAKE_PREFIX_PATH=/home/beeboss/Desktop/ros_workspaces/ros2_ws/install/my_custom_interfaces:/home/beeboss/Desktop/ros_workspaces/ros2_ws/install/my_cpp_pkg:/opt/ros/jazzy/opt/gz_math_vendor:/opt/ros/jazzy/opt/gz_utils_vendor:/opt/ros/jazzy/opt/gz_cmake_vendor:/home/beeboss/Desktop/ros_workspaces/ros2_ws/install/turtle_controller:/home/beeboss/Desktop/ros_workspaces/ros2_ws/install/my_py_pkg:/opt/ros/jazzy CONDA_PROMPT_MODIFIER=(base) DEBUGINFOD_URLS=https://debuginfod.ubuntu.com PYTHONPATH=/home/beeboss/Desktop/ros_workspaces/ros2_ws/install/my_custom_interfaces/lib/python3.12/site-packages:/home/beeboss/Desktop/ros_workspaces/ros2_ws/install/turtle_controller/lib/python3.12/site-packages:/home/beeboss/Desktop/ros_workspaces/ros2_ws/install/my_py_pkg/lib/python3.12/site-packages:/opt/ros/jazzy/lib/python3.12/site-packages /usr/bin/cmake --install /home/beeboss/Desktop/ros_workspaces/ros2_ws/build/my_cpp_pkg
[1.842s] -- Install configuration: ""
[1.842s] -- Up-to-date: /home/beeboss/Desktop/ros_workspaces/ros2_ws/install/my_cpp_pkg/lib/my_cpp_pkg/test_node
[1.842s] -- Up-to-date: /home/beeboss/Desktop/ros_workspaces/ros2_ws/install/my_cpp_pkg/lib/my_cpp_pkg/number_publisher
[1.842s] -- Up-to-date: /home/beeboss/Desktop/ros_workspaces/ros2_ws/install/my_cpp_pkg/lib/my_cpp_pkg/number_counter
[1.842s] -- Installing: /home/beeboss/Desktop/ros_workspaces/ros2_ws/install/my_cpp_pkg/lib/my_cpp_pkg/reset_counter_client
[1.843s] -- Set non-toolchain portion of runtime path of "/home/beeboss/Desktop/ros_workspaces/ros2_ws/install/my_cpp_pkg/lib/my_cpp_pkg/reset_counter_client" to ""
[1.843s] -- Up-to-date: /home/beeboss/Desktop/ros_workspaces/ros2_ws/install/my_cpp_pkg/share/ament_index/resource_index/package_run_dependencies/my_cpp_pkg
[1.843s] -- Up-to-date: /home/beeboss/Desktop/ros_workspaces/ros2_ws/install/my_cpp_pkg/share/ament_index/resource_index/parent_prefix_path/my_cpp_pkg
[1.843s] -- Up-to-date: /home/beeboss/Desktop/ros_workspaces/ros2_ws/install/my_cpp_pkg/share/my_cpp_pkg/environment/ament_prefix_path.sh
[1.843s] -- Up-to-date: /home/beeboss/Desktop/ros_workspaces/ros2_ws/install/my_cpp_pkg/share/my_cpp_pkg/environment/ament_prefix_path.dsv
[1.843s] -- Up-to-date: /home/beeboss/Desktop/ros_workspaces/ros2_ws/install/my_cpp_pkg/share/my_cpp_pkg/environment/path.sh
[1.843s] -- Up-to-date: /home/beeboss/Desktop/ros_workspaces/ros2_ws/install/my_cpp_pkg/share/my_cpp_pkg/environment/path.dsv
[1.843s] -- Up-to-date: /home/beeboss/Desktop/ros_workspaces/ros2_ws/install/my_cpp_pkg/share/my_cpp_pkg/local_setup.bash
[1.844s] -- Up-to-date: /home/beeboss/Desktop/ros_workspaces/ros2_ws/install/my_cpp_pkg/share/my_cpp_pkg/local_setup.sh
[1.844s] -- Up-to-date: /home/beeboss/Desktop/ros_workspaces/ros2_ws/install/my_cpp_pkg/share/my_cpp_pkg/local_setup.zsh
[1.844s] -- Up-to-date: /home/beeboss/Desktop/ros_workspaces/ros2_ws/install/my_cpp_pkg/share/my_cpp_pkg/local_setup.dsv
[1.844s] -- Installing: /home/beeboss/Desktop/ros_workspaces/ros2_ws/install/my_cpp_pkg/share/my_cpp_pkg/package.dsv
[1.844s] -- Up-to-date: /home/beeboss/Desktop/ros_workspaces/ros2_ws/install/my_cpp_pkg/share/ament_index/resource_index/packages/my_cpp_pkg
[1.844s] -- Up-to-date: /home/beeboss/Desktop/ros_workspaces/ros2_ws/install/my_cpp_pkg/share/my_cpp_pkg/cmake/my_cpp_pkgConfig.cmake
[1.844s] -- Up-to-date: /home/beeboss/Desktop/ros_workspaces/ros2_ws/install/my_cpp_pkg/share/my_cpp_pkg/cmake/my_cpp_pkgConfig-version.cmake
[1.844s] -- Up-to-date: /home/beeboss/Desktop/ros_workspaces/ros2_ws/install/my_cpp_pkg/share/my_cpp_pkg/package.xml
[1.845s] Invoked command in '/home/beeboss/Desktop/ros_workspaces/ros2_ws/build/my_cpp_pkg' returned '0': CMAKE_PREFIX_PATH=/home/beeboss/Desktop/ros_workspaces/ros2_ws/install/my_custom_interfaces:/home/beeboss/Desktop/ros_workspaces/ros2_ws/install/my_cpp_pkg:/opt/ros/jazzy/opt/gz_math_vendor:/opt/ros/jazzy/opt/gz_utils_vendor:/opt/ros/jazzy/opt/gz_cmake_vendor:/home/beeboss/Desktop/ros_workspaces/ros2_ws/install/turtle_controller:/home/beeboss/Desktop/ros_workspaces/ros2_ws/install/my_py_pkg:/opt/ros/jazzy CONDA_PROMPT_MODIFIER=(base) DEBUGINFOD_URLS=https://debuginfod.ubuntu.com PYTHONPATH=/home/beeboss/Desktop/ros_workspaces/ros2_ws/install/my_custom_interfaces/lib/python3.12/site-packages:/home/beeboss/Desktop/ros_workspaces/ros2_ws/install/turtle_controller/lib/python3.12/site-packages:/home/beeboss/Desktop/ros_workspaces/ros2_ws/install/my_py_pkg/lib/python3.12/site-packages:/opt/ros/jazzy/lib/python3.12/site-packages /usr/bin/cmake --install /home/beeboss/Desktop/ros_workspaces/ros2_ws/build/my_cpp_pkg
