[0.010s] Invoking command in '/home/beeboss/Desktop/ros_workspaces/ros2_ws/build/my_cpp_pkg': CMAKE_PREFIX_PATH=${CMAKE_PREFIX_PATH}:/home/beeboss/Desktop/ros_workspaces/ros2_ws/install/my_py_pkg:/opt/ros/jazzy CONDA_PROMPT_MODIFIER=(base) DEBUGINFOD_URLS=https://debuginfod.ubuntu.com /usr/bin/cmake --build /home/beeboss/Desktop/ros_workspaces/ros2_ws/build/my_cpp_pkg -- -j20 -l20
[0.053s] [ 33%] Built target test_node
[0.054s] [ 66%] Built target number_subscriber
[0.059s] [100%] Built target number_publisher
[0.180s] Invoked command in '/home/beeboss/Desktop/ros_workspaces/ros2_ws/build/my_cpp_pkg' returned '0': CMAKE_PREFIX_PATH=${CMAKE_PREFIX_PATH}:/home/beeboss/Desktop/ros_workspaces/ros2_ws/install/my_py_pkg:/opt/ros/jazzy CONDA_PROMPT_MODIFIER=(base) DEBUGINFOD_URLS=https://debuginfod.ubuntu.com /usr/bin/cmake --build /home/beeboss/Desktop/ros_workspaces/ros2_ws/build/my_cpp_pkg -- -j20 -l20
[0.180s] Invoking command in '/home/beeboss/Desktop/ros_workspaces/ros2_ws/build/my_cpp_pkg': CMAKE_PREFIX_PATH=${CMAKE_PREFIX_PATH}:/home/beeboss/Desktop/ros_workspaces/ros2_ws/install/my_py_pkg:/opt/ros/jazzy CONDA_PROMPT_MODIFIER=(base) DEBUGINFOD_URLS=https://debuginfod.ubuntu.com /usr/bin/cmake --install /home/beeboss/Desktop/ros_workspaces/ros2_ws/build/my_cpp_pkg
[0.184s] -- Install configuration: ""
[0.184s] -- Up-to-date: /home/beeboss/Desktop/ros_workspaces/ros2_ws/install/my_cpp_pkg/lib/my_cpp_pkg/test_node
[0.184s] -- Up-to-date: /home/beeboss/Desktop/ros_workspaces/ros2_ws/install/my_cpp_pkg/lib/my_cpp_pkg/number_publisher
[0.185s] -- Up-to-date: /home/beeboss/Desktop/ros_workspaces/ros2_ws/install/my_cpp_pkg/lib/my_cpp_pkg/number_subscriber
[0.185s] -- Up-to-date: /home/beeboss/Desktop/ros_workspaces/ros2_ws/install/my_cpp_pkg/share/ament_index/resource_index/package_run_dependencies/my_cpp_pkg
[0.185s] -- Up-to-date: /home/beeboss/Desktop/ros_workspaces/ros2_ws/install/my_cpp_pkg/share/ament_index/resource_index/parent_prefix_path/my_cpp_pkg
[0.185s] -- Up-to-date: /home/beeboss/Desktop/ros_workspaces/ros2_ws/install/my_cpp_pkg/share/my_cpp_pkg/environment/ament_prefix_path.sh
[0.185s] -- Up-to-date: /home/beeboss/Desktop/ros_workspaces/ros2_ws/install/my_cpp_pkg/share/my_cpp_pkg/environment/ament_prefix_path.dsv
[0.185s] -- Up-to-date: /home/beeboss/Desktop/ros_workspaces/ros2_ws/install/my_cpp_pkg/share/my_cpp_pkg/environment/path.sh
[0.185s] -- Up-to-date: /home/beeboss/Desktop/ros_workspaces/ros2_ws/install/my_cpp_pkg/share/my_cpp_pkg/environment/path.dsv
[0.185s] -- Up-to-date: /home/beeboss/Desktop/ros_workspaces/ros2_ws/install/my_cpp_pkg/share/my_cpp_pkg/local_setup.bash
[0.185s] -- Up-to-date: /home/beeboss/Desktop/ros_workspaces/ros2_ws/install/my_cpp_pkg/share/my_cpp_pkg/local_setup.sh
[0.185s] -- Up-to-date: /home/beeboss/Desktop/ros_workspaces/ros2_ws/install/my_cpp_pkg/share/my_cpp_pkg/local_setup.zsh
[0.185s] -- Up-to-date: /home/beeboss/Desktop/ros_workspaces/ros2_ws/install/my_cpp_pkg/share/my_cpp_pkg/local_setup.dsv
[0.185s] -- Installing: /home/beeboss/Desktop/ros_workspaces/ros2_ws/install/my_cpp_pkg/share/my_cpp_pkg/package.dsv
[0.185s] -- Up-to-date: /home/beeboss/Desktop/ros_workspaces/ros2_ws/install/my_cpp_pkg/share/ament_index/resource_index/packages/my_cpp_pkg
[0.185s] -- Up-to-date: /home/beeboss/Desktop/ros_workspaces/ros2_ws/install/my_cpp_pkg/share/my_cpp_pkg/cmake/my_cpp_pkgConfig.cmake
[0.186s] -- Up-to-date: /home/beeboss/Desktop/ros_workspaces/ros2_ws/install/my_cpp_pkg/share/my_cpp_pkg/cmake/my_cpp_pkgConfig-version.cmake
[0.186s] -- Up-to-date: /home/beeboss/Desktop/ros_workspaces/ros2_ws/install/my_cpp_pkg/share/my_cpp_pkg/package.xml
[0.186s] Invoked command in '/home/beeboss/Desktop/ros_workspaces/ros2_ws/build/my_cpp_pkg' returned '0': CMAKE_PREFIX_PATH=${CMAKE_PREFIX_PATH}:/home/beeboss/Desktop/ros_workspaces/ros2_ws/install/my_py_pkg:/opt/ros/jazzy CONDA_PROMPT_MODIFIER=(base) DEBUGINFOD_URLS=https://debuginfod.ubuntu.com /usr/bin/cmake --install /home/beeboss/Desktop/ros_workspaces/ros2_ws/build/my_cpp_pkg
