[0.005s] Invoking command in '/home/beeboss/Desktop/ros_workspaces/ros2_ws/build/my_custom_interfaces': CMAKE_PREFIX_PATH=${CMAKE_PREFIX_PATH}:/home/beeboss/Desktop/ros_workspaces/ros2_ws/install/my_py_pkg:/opt/ros/jazzy CONDA_PROMPT_MODIFIER=(base) DEBUGINFOD_URLS=https://debuginfod.ubuntu.com /usr/bin/cmake --build /home/beeboss/Desktop/ros_workspaces/ros2_ws/build/my_custom_interfaces -- -j20 -l20
[0.045s] [  2%] Built target my_custom_interfaces__rs
[0.045s] [  5%] Built target my_custom_interfaces__rosidl_generator_type_description
[0.053s] [  5%] Built target ament_cmake_python_copy_my_custom_interfaces
[0.058s] [  8%] Built target my_custom_interfaces__cpp
[0.062s] [ 22%] Built target my_custom_interfaces__rosidl_generator_c
[0.077s] [ 31%] Built target my_custom_interfaces__rosidl_typesupport_introspection_c
[0.078s] [ 40%] Built target my_custom_interfaces__rosidl_typesupport_fastrtps_c
[0.080s] [ 54%] Built target my_custom_interfaces__rosidl_typesupport_cpp
[0.080s] [ 57%] Built target my_custom_interfaces__rosidl_typesupport_c
[0.080s] [ 65%] Built target my_custom_interfaces__rosidl_typesupport_fastrtps_cpp
[0.082s] [ 74%] Built target my_custom_interfaces__rosidl_typesupport_introspection_cpp
[0.093s] [ 74%] Built target my_custom_interfaces
[0.105s] [ 77%] Built target my_custom_interfaces__py
[0.118s] [ 82%] Built target my_custom_interfaces__rosidl_generator_py
[0.131s] [ 88%] Built target my_custom_interfaces_s__rosidl_typesupport_introspection_c
[0.132s] [ 94%] Built target my_custom_interfaces_s__rosidl_typesupport_c
[0.134s] [100%] Built target my_custom_interfaces_s__rosidl_typesupport_fastrtps_c
[0.208s] running egg_info
[0.216s] writing my_custom_interfaces.egg-info/PKG-INFO
[0.216s] writing dependency_links to my_custom_interfaces.egg-info/dependency_links.txt
[0.216s] writing top-level names to my_custom_interfaces.egg-info/top_level.txt
[0.238s] reading manifest file 'my_custom_interfaces.egg-info/SOURCES.txt'
[0.239s] writing manifest file 'my_custom_interfaces.egg-info/SOURCES.txt'
[0.261s] [100%] Built target ament_cmake_python_build_my_custom_interfaces_egg
[0.270s] Invoked command in '/home/beeboss/Desktop/ros_workspaces/ros2_ws/build/my_custom_interfaces' returned '0': CMAKE_PREFIX_PATH=${CMAKE_PREFIX_PATH}:/home/beeboss/Desktop/ros_workspaces/ros2_ws/install/my_py_pkg:/opt/ros/jazzy CONDA_PROMPT_MODIFIER=(base) DEBUGINFOD_URLS=https://debuginfod.ubuntu.com /usr/bin/cmake --build /home/beeboss/Desktop/ros_workspaces/ros2_ws/build/my_custom_interfaces -- -j20 -l20
[0.276s] Invoking command in '/home/beeboss/Desktop/ros_workspaces/ros2_ws/build/my_custom_interfaces': CMAKE_PREFIX_PATH=${CMAKE_PREFIX_PATH}:/home/beeboss/Desktop/ros_workspaces/ros2_ws/install/my_py_pkg:/opt/ros/jazzy CONDA_PROMPT_MODIFIER=(base) DEBUGINFOD_URLS=https://debuginfod.ubuntu.com /usr/bin/cmake --install /home/beeboss/Desktop/ros_workspaces/ros2_ws/build/my_custom_interfaces
[0.280s] -- Install configuration: ""
[0.280s] -- Up-to-date: /home/beeboss/Desktop/ros_workspaces/ros2_ws/install/my_custom_interfaces/share/ament_index/resource_index/rosidl_interfaces/my_custom_interfaces
[0.281s] -- Up-to-date: /home/beeboss/Desktop/ros_workspaces/ros2_ws/install/my_custom_interfaces/share/my_custom_interfaces/msg/HardwareStatus.json
[0.281s] -- Up-to-date: /home/beeboss/Desktop/ros_workspaces/ros2_ws/install/my_custom_interfaces/include/my_custom_interfaces/my_custom_interfaces
[0.281s] -- Up-to-date: /home/beeboss/Desktop/ros_workspaces/ros2_ws/install/my_custom_interfaces/include/my_custom_interfaces/my_custom_interfaces/msg
[0.281s] -- Up-to-date: /home/beeboss/Desktop/ros_workspaces/ros2_ws/install/my_custom_interfaces/include/my_custom_interfaces/my_custom_interfaces/msg/rosidl_generator_c__visibility_control.h
[0.281s] -- Up-to-date: /home/beeboss/Desktop/ros_workspaces/ros2_ws/install/my_custom_interfaces/include/my_custom_interfaces/my_custom_interfaces/msg/hardware_status.h
[0.281s] -- Up-to-date: /home/beeboss/Desktop/ros_workspaces/ros2_ws/install/my_custom_interfaces/include/my_custom_interfaces/my_custom_interfaces/msg/detail
[0.281s] -- Up-to-date: /home/beeboss/Desktop/ros_workspaces/ros2_ws/install/my_custom_interfaces/include/my_custom_interfaces/my_custom_interfaces/msg/detail/hardware_status__description.c
[0.281s] -- Up-to-date: /home/beeboss/Desktop/ros_workspaces/ros2_ws/install/my_custom_interfaces/include/my_custom_interfaces/my_custom_interfaces/msg/detail/hardware_status__type_support.h
[0.281s] -- Up-to-date: /home/beeboss/Desktop/ros_workspaces/ros2_ws/install/my_custom_interfaces/include/my_custom_interfaces/my_custom_interfaces/msg/detail/hardware_status__functions.c
[0.281s] -- Up-to-date: /home/beeboss/Desktop/ros_workspaces/ros2_ws/install/my_custom_interfaces/include/my_custom_interfaces/my_custom_interfaces/msg/detail/hardware_status__type_support.c
[0.281s] -- Up-to-date: /home/beeboss/Desktop/ros_workspaces/ros2_ws/install/my_custom_interfaces/include/my_custom_interfaces/my_custom_interfaces/msg/detail/hardware_status__functions.h
[0.281s] -- Up-to-date: /home/beeboss/Desktop/ros_workspaces/ros2_ws/install/my_custom_interfaces/include/my_custom_interfaces/my_custom_interfaces/msg/detail/hardware_status__struct.h
[0.282s] -- Up-to-date: /home/beeboss/Desktop/ros_workspaces/ros2_ws/install/my_custom_interfaces/share/my_custom_interfaces/environment/library_path.sh
[0.282s] -- Up-to-date: /home/beeboss/Desktop/ros_workspaces/ros2_ws/install/my_custom_interfaces/share/my_custom_interfaces/environment/library_path.dsv
[0.282s] -- Up-to-date: /home/beeboss/Desktop/ros_workspaces/ros2_ws/install/my_custom_interfaces/lib/libmy_custom_interfaces__rosidl_generator_c.so
[0.282s] -- Up-to-date: /home/beeboss/Desktop/ros_workspaces/ros2_ws/install/my_custom_interfaces/include/my_custom_interfaces/my_custom_interfaces
[0.282s] -- Up-to-date: /home/beeboss/Desktop/ros_workspaces/ros2_ws/install/my_custom_interfaces/include/my_custom_interfaces/my_custom_interfaces/msg
[0.282s] -- Up-to-date: /home/beeboss/Desktop/ros_workspaces/ros2_ws/install/my_custom_interfaces/include/my_custom_interfaces/my_custom_interfaces/msg/rosidl_typesupport_fastrtps_c__visibility_control.h
[0.282s] -- Up-to-date: /home/beeboss/Desktop/ros_workspaces/ros2_ws/install/my_custom_interfaces/include/my_custom_interfaces/my_custom_interfaces/msg/detail
[0.282s] -- Up-to-date: /home/beeboss/Desktop/ros_workspaces/ros2_ws/install/my_custom_interfaces/include/my_custom_interfaces/my_custom_interfaces/msg/detail/hardware_status__rosidl_typesupport_fastrtps_c.h
[0.282s] -- Up-to-date: /home/beeboss/Desktop/ros_workspaces/ros2_ws/install/my_custom_interfaces/lib/libmy_custom_interfaces__rosidl_typesupport_fastrtps_c.so
[0.282s] -- Up-to-date: /home/beeboss/Desktop/ros_workspaces/ros2_ws/install/my_custom_interfaces/include/my_custom_interfaces/my_custom_interfaces
[0.282s] -- Up-to-date: /home/beeboss/Desktop/ros_workspaces/ros2_ws/install/my_custom_interfaces/include/my_custom_interfaces/my_custom_interfaces/msg
[0.282s] -- Up-to-date: /home/beeboss/Desktop/ros_workspaces/ros2_ws/install/my_custom_interfaces/include/my_custom_interfaces/my_custom_interfaces/msg/detail
[0.282s] -- Up-to-date: /home/beeboss/Desktop/ros_workspaces/ros2_ws/install/my_custom_interfaces/include/my_custom_interfaces/my_custom_interfaces/msg/detail/hardware_status__rosidl_typesupport_introspection_c.h
[0.283s] -- Up-to-date: /home/beeboss/Desktop/ros_workspaces/ros2_ws/install/my_custom_interfaces/include/my_custom_interfaces/my_custom_interfaces/msg/detail/hardware_status__type_support.c
[0.283s] -- Up-to-date: /home/beeboss/Desktop/ros_workspaces/ros2_ws/install/my_custom_interfaces/include/my_custom_interfaces/my_custom_interfaces/msg/rosidl_typesupport_introspection_c__visibility_control.h
[0.283s] -- Up-to-date: /home/beeboss/Desktop/ros_workspaces/ros2_ws/install/my_custom_interfaces/lib/libmy_custom_interfaces__rosidl_typesupport_introspection_c.so
[0.283s] -- Up-to-date: /home/beeboss/Desktop/ros_workspaces/ros2_ws/install/my_custom_interfaces/lib/libmy_custom_interfaces__rosidl_typesupport_c.so
[0.283s] -- Up-to-date: /home/beeboss/Desktop/ros_workspaces/ros2_ws/install/my_custom_interfaces/include/my_custom_interfaces/my_custom_interfaces
[0.283s] -- Up-to-date: /home/beeboss/Desktop/ros_workspaces/ros2_ws/install/my_custom_interfaces/include/my_custom_interfaces/my_custom_interfaces/msg
[0.283s] -- Up-to-date: /home/beeboss/Desktop/ros_workspaces/ros2_ws/install/my_custom_interfaces/include/my_custom_interfaces/my_custom_interfaces/msg/hardware_status.hpp
[0.283s] -- Up-to-date: /home/beeboss/Desktop/ros_workspaces/ros2_ws/install/my_custom_interfaces/include/my_custom_interfaces/my_custom_interfaces/msg/detail
[0.283s] -- Up-to-date: /home/beeboss/Desktop/ros_workspaces/ros2_ws/install/my_custom_interfaces/include/my_custom_interfaces/my_custom_interfaces/msg/detail/hardware_status__type_support.hpp
[0.283s] -- Up-to-date: /home/beeboss/Desktop/ros_workspaces/ros2_ws/install/my_custom_interfaces/include/my_custom_interfaces/my_custom_interfaces/msg/detail/hardware_status__struct.hpp
[0.283s] -- Up-to-date: /home/beeboss/Desktop/ros_workspaces/ros2_ws/install/my_custom_interfaces/include/my_custom_interfaces/my_custom_interfaces/msg/detail/hardware_status__builder.hpp
[0.283s] -- Up-to-date: /home/beeboss/Desktop/ros_workspaces/ros2_ws/install/my_custom_interfaces/include/my_custom_interfaces/my_custom_interfaces/msg/detail/hardware_status__traits.hpp
[0.283s] -- Up-to-date: /home/beeboss/Desktop/ros_workspaces/ros2_ws/install/my_custom_interfaces/include/my_custom_interfaces/my_custom_interfaces/msg/rosidl_generator_cpp__visibility_control.hpp
[0.283s] -- Up-to-date: /home/beeboss/Desktop/ros_workspaces/ros2_ws/install/my_custom_interfaces/include/my_custom_interfaces/my_custom_interfaces
[0.283s] -- Up-to-date: /home/beeboss/Desktop/ros_workspaces/ros2_ws/install/my_custom_interfaces/include/my_custom_interfaces/my_custom_interfaces/msg
[0.284s] -- Up-to-date: /home/beeboss/Desktop/ros_workspaces/ros2_ws/install/my_custom_interfaces/include/my_custom_interfaces/my_custom_interfaces/msg/rosidl_typesupport_fastrtps_cpp__visibility_control.h
[0.284s] -- Up-to-date: /home/beeboss/Desktop/ros_workspaces/ros2_ws/install/my_custom_interfaces/include/my_custom_interfaces/my_custom_interfaces/msg/detail
[0.284s] -- Up-to-date: /home/beeboss/Desktop/ros_workspaces/ros2_ws/install/my_custom_interfaces/include/my_custom_interfaces/my_custom_interfaces/msg/detail/hardware_status__rosidl_typesupport_fastrtps_cpp.hpp
[0.284s] -- Up-to-date: /home/beeboss/Desktop/ros_workspaces/ros2_ws/install/my_custom_interfaces/include/my_custom_interfaces/my_custom_interfaces/msg/detail/dds_fastrtps
[0.284s] -- Up-to-date: /home/beeboss/Desktop/ros_workspaces/ros2_ws/install/my_custom_interfaces/lib/libmy_custom_interfaces__rosidl_typesupport_fastrtps_cpp.so
[0.284s] -- Up-to-date: /home/beeboss/Desktop/ros_workspaces/ros2_ws/install/my_custom_interfaces/include/my_custom_interfaces/my_custom_interfaces
[0.284s] -- Up-to-date: /home/beeboss/Desktop/ros_workspaces/ros2_ws/install/my_custom_interfaces/include/my_custom_interfaces/my_custom_interfaces/msg
[0.284s] -- Up-to-date: /home/beeboss/Desktop/ros_workspaces/ros2_ws/install/my_custom_interfaces/include/my_custom_interfaces/my_custom_interfaces/msg/detail
[0.284s] -- Up-to-date: /home/beeboss/Desktop/ros_workspaces/ros2_ws/install/my_custom_interfaces/include/my_custom_interfaces/my_custom_interfaces/msg/detail/hardware_status__rosidl_typesupport_introspection_cpp.hpp
[0.284s] -- Up-to-date: /home/beeboss/Desktop/ros_workspaces/ros2_ws/install/my_custom_interfaces/include/my_custom_interfaces/my_custom_interfaces/msg/detail/hardware_status__type_support.cpp
[0.284s] -- Up-to-date: /home/beeboss/Desktop/ros_workspaces/ros2_ws/install/my_custom_interfaces/lib/libmy_custom_interfaces__rosidl_typesupport_introspection_cpp.so
[0.284s] -- Up-to-date: /home/beeboss/Desktop/ros_workspaces/ros2_ws/install/my_custom_interfaces/lib/libmy_custom_interfaces__rosidl_typesupport_cpp.so
[0.284s] -- Up-to-date: /home/beeboss/Desktop/ros_workspaces/ros2_ws/install/my_custom_interfaces/share/my_custom_interfaces/environment/pythonpath.sh
[0.284s] -- Up-to-date: /home/beeboss/Desktop/ros_workspaces/ros2_ws/install/my_custom_interfaces/share/my_custom_interfaces/environment/pythonpath.dsv
[0.284s] -- Up-to-date: /home/beeboss/Desktop/ros_workspaces/ros2_ws/install/my_custom_interfaces/lib/python3.12/site-packages/my_custom_interfaces-0.0.0-py3.12.egg-info
[0.285s] -- Installing: /home/beeboss/Desktop/ros_workspaces/ros2_ws/install/my_custom_interfaces/lib/python3.12/site-packages/my_custom_interfaces-0.0.0-py3.12.egg-info/top_level.txt
[0.285s] -- Installing: /home/beeboss/Desktop/ros_workspaces/ros2_ws/install/my_custom_interfaces/lib/python3.12/site-packages/my_custom_interfaces-0.0.0-py3.12.egg-info/PKG-INFO
[0.285s] -- Installing: /home/beeboss/Desktop/ros_workspaces/ros2_ws/install/my_custom_interfaces/lib/python3.12/site-packages/my_custom_interfaces-0.0.0-py3.12.egg-info/SOURCES.txt
[0.285s] -- Installing: /home/beeboss/Desktop/ros_workspaces/ros2_ws/install/my_custom_interfaces/lib/python3.12/site-packages/my_custom_interfaces-0.0.0-py3.12.egg-info/dependency_links.txt
[0.285s] -- Up-to-date: /home/beeboss/Desktop/ros_workspaces/ros2_ws/install/my_custom_interfaces/lib/python3.12/site-packages/my_custom_interfaces
[0.285s] -- Up-to-date: /home/beeboss/Desktop/ros_workspaces/ros2_ws/install/my_custom_interfaces/lib/python3.12/site-packages/my_custom_interfaces/my_custom_interfaces_s__rosidl_typesupport_c.so
[0.285s] -- Up-to-date: /home/beeboss/Desktop/ros_workspaces/ros2_ws/install/my_custom_interfaces/lib/python3.12/site-packages/my_custom_interfaces/_my_custom_interfaces_s.ep.rosidl_typesupport_fastrtps_c.c
[0.285s] -- Up-to-date: /home/beeboss/Desktop/ros_workspaces/ros2_ws/install/my_custom_interfaces/lib/python3.12/site-packages/my_custom_interfaces/_my_custom_interfaces_s.ep.rosidl_typesupport_introspection_c.c
[0.285s] -- Up-to-date: /home/beeboss/Desktop/ros_workspaces/ros2_ws/install/my_custom_interfaces/lib/python3.12/site-packages/my_custom_interfaces/my_custom_interfaces_s__rosidl_typesupport_introspection_c.so
[0.285s] -- Up-to-date: /home/beeboss/Desktop/ros_workspaces/ros2_ws/install/my_custom_interfaces/lib/python3.12/site-packages/my_custom_interfaces/my_custom_interfaces_s__rosidl_typesupport_fastrtps_c.so
[0.285s] -- Up-to-date: /home/beeboss/Desktop/ros_workspaces/ros2_ws/install/my_custom_interfaces/lib/python3.12/site-packages/my_custom_interfaces/msg
[0.285s] -- Up-to-date: /home/beeboss/Desktop/ros_workspaces/ros2_ws/install/my_custom_interfaces/lib/python3.12/site-packages/my_custom_interfaces/msg/_hardware_status_s.c
[0.285s] -- Up-to-date: /home/beeboss/Desktop/ros_workspaces/ros2_ws/install/my_custom_interfaces/lib/python3.12/site-packages/my_custom_interfaces/msg/__init__.py
[0.285s] -- Up-to-date: /home/beeboss/Desktop/ros_workspaces/ros2_ws/install/my_custom_interfaces/lib/python3.12/site-packages/my_custom_interfaces/msg/_hardware_status.py
[0.285s] -- Up-to-date: /home/beeboss/Desktop/ros_workspaces/ros2_ws/install/my_custom_interfaces/lib/python3.12/site-packages/my_custom_interfaces/__init__.py
[0.286s] -- Up-to-date: /home/beeboss/Desktop/ros_workspaces/ros2_ws/install/my_custom_interfaces/lib/python3.12/site-packages/my_custom_interfaces/_my_custom_interfaces_s.ep.rosidl_typesupport_c.c
[0.312s] Listing '/home/beeboss/Desktop/ros_workspaces/ros2_ws/install/my_custom_interfaces/lib/python3.12/site-packages/my_custom_interfaces'...
[0.312s] Listing '/home/beeboss/Desktop/ros_workspaces/ros2_ws/install/my_custom_interfaces/lib/python3.12/site-packages/my_custom_interfaces/msg'...
[0.316s] -- Up-to-date: /home/beeboss/Desktop/ros_workspaces/ros2_ws/install/my_custom_interfaces/lib/python3.12/site-packages/my_custom_interfaces/my_custom_interfaces_s__rosidl_typesupport_fastrtps_c.so
[0.316s] -- Up-to-date: /home/beeboss/Desktop/ros_workspaces/ros2_ws/install/my_custom_interfaces/lib/python3.12/site-packages/my_custom_interfaces/my_custom_interfaces_s__rosidl_typesupport_introspection_c.so
[0.316s] -- Up-to-date: /home/beeboss/Desktop/ros_workspaces/ros2_ws/install/my_custom_interfaces/lib/python3.12/site-packages/my_custom_interfaces/my_custom_interfaces_s__rosidl_typesupport_c.so
[0.316s] -- Up-to-date: /home/beeboss/Desktop/ros_workspaces/ros2_ws/install/my_custom_interfaces/lib/libmy_custom_interfaces__rosidl_generator_py.so
[0.316s] -- Up-to-date: /home/beeboss/Desktop/ros_workspaces/ros2_ws/install/my_custom_interfaces/share/ament_index/resource_index/rust_packages/my_custom_interfaces
[0.316s] -- Up-to-date: /home/beeboss/Desktop/ros_workspaces/ros2_ws/install/my_custom_interfaces/share/my_custom_interfaces/rust
[0.316s] -- Up-to-date: /home/beeboss/Desktop/ros_workspaces/ros2_ws/install/my_custom_interfaces/share/my_custom_interfaces/rust/Cargo.toml
[0.316s] -- Up-to-date: /home/beeboss/Desktop/ros_workspaces/ros2_ws/install/my_custom_interfaces/share/my_custom_interfaces/rust/build.rs
[0.317s] -- Up-to-date: /home/beeboss/Desktop/ros_workspaces/ros2_ws/install/my_custom_interfaces/share/my_custom_interfaces/rust/src
[0.317s] -- Up-to-date: /home/beeboss/Desktop/ros_workspaces/ros2_ws/install/my_custom_interfaces/share/my_custom_interfaces/rust/src/lib.rs
[0.317s] -- Up-to-date: /home/beeboss/Desktop/ros_workspaces/ros2_ws/install/my_custom_interfaces/share/my_custom_interfaces/rust/src/msg
[0.317s] -- Up-to-date: /home/beeboss/Desktop/ros_workspaces/ros2_ws/install/my_custom_interfaces/share/my_custom_interfaces/rust/src/msg/rmw.rs
[0.317s] -- Up-to-date: /home/beeboss/Desktop/ros_workspaces/ros2_ws/install/my_custom_interfaces/share/my_custom_interfaces/rust/src/msg.rs
[0.317s] -- Up-to-date: /home/beeboss/Desktop/ros_workspaces/ros2_ws/install/my_custom_interfaces/share/my_custom_interfaces/msg/HardwareStatus.idl
[0.317s] -- Up-to-date: /home/beeboss/Desktop/ros_workspaces/ros2_ws/install/my_custom_interfaces/share/my_custom_interfaces/msg/HardwareStatus.msg
[0.317s] -- Up-to-date: /home/beeboss/Desktop/ros_workspaces/ros2_ws/install/my_custom_interfaces/share/ament_index/resource_index/package_run_dependencies/my_custom_interfaces
[0.317s] -- Up-to-date: /home/beeboss/Desktop/ros_workspaces/ros2_ws/install/my_custom_interfaces/share/ament_index/resource_index/parent_prefix_path/my_custom_interfaces
[0.317s] -- Up-to-date: /home/beeboss/Desktop/ros_workspaces/ros2_ws/install/my_custom_interfaces/share/my_custom_interfaces/environment/ament_prefix_path.sh
[0.317s] -- Up-to-date: /home/beeboss/Desktop/ros_workspaces/ros2_ws/install/my_custom_interfaces/share/my_custom_interfaces/environment/ament_prefix_path.dsv
[0.317s] -- Up-to-date: /home/beeboss/Desktop/ros_workspaces/ros2_ws/install/my_custom_interfaces/share/my_custom_interfaces/environment/path.sh
[0.317s] -- Up-to-date: /home/beeboss/Desktop/ros_workspaces/ros2_ws/install/my_custom_interfaces/share/my_custom_interfaces/environment/path.dsv
[0.318s] -- Up-to-date: /home/beeboss/Desktop/ros_workspaces/ros2_ws/install/my_custom_interfaces/share/my_custom_interfaces/local_setup.bash
[0.318s] -- Up-to-date: /home/beeboss/Desktop/ros_workspaces/ros2_ws/install/my_custom_interfaces/share/my_custom_interfaces/local_setup.sh
[0.318s] -- Up-to-date: /home/beeboss/Desktop/ros_workspaces/ros2_ws/install/my_custom_interfaces/share/my_custom_interfaces/local_setup.zsh
[0.318s] -- Up-to-date: /home/beeboss/Desktop/ros_workspaces/ros2_ws/install/my_custom_interfaces/share/my_custom_interfaces/local_setup.dsv
[0.318s] -- Installing: /home/beeboss/Desktop/ros_workspaces/ros2_ws/install/my_custom_interfaces/share/my_custom_interfaces/package.dsv
[0.318s] -- Up-to-date: /home/beeboss/Desktop/ros_workspaces/ros2_ws/install/my_custom_interfaces/share/ament_index/resource_index/packages/my_custom_interfaces
[0.318s] -- Up-to-date: /home/beeboss/Desktop/ros_workspaces/ros2_ws/install/my_custom_interfaces/share/my_custom_interfaces/cmake/export_my_custom_interfaces__rosidl_generator_cExport.cmake
[0.318s] -- Up-to-date: /home/beeboss/Desktop/ros_workspaces/ros2_ws/install/my_custom_interfaces/share/my_custom_interfaces/cmake/export_my_custom_interfaces__rosidl_generator_cExport-noconfig.cmake
[0.318s] -- Up-to-date: /home/beeboss/Desktop/ros_workspaces/ros2_ws/install/my_custom_interfaces/share/my_custom_interfaces/cmake/export_my_custom_interfaces__rosidl_typesupport_fastrtps_cExport.cmake
[0.318s] -- Up-to-date: /home/beeboss/Desktop/ros_workspaces/ros2_ws/install/my_custom_interfaces/share/my_custom_interfaces/cmake/export_my_custom_interfaces__rosidl_typesupport_fastrtps_cExport-noconfig.cmake
[0.318s] -- Up-to-date: /home/beeboss/Desktop/ros_workspaces/ros2_ws/install/my_custom_interfaces/share/my_custom_interfaces/cmake/my_custom_interfaces__rosidl_typesupport_introspection_cExport.cmake
[0.319s] -- Up-to-date: /home/beeboss/Desktop/ros_workspaces/ros2_ws/install/my_custom_interfaces/share/my_custom_interfaces/cmake/my_custom_interfaces__rosidl_typesupport_introspection_cExport-noconfig.cmake
[0.319s] -- Up-to-date: /home/beeboss/Desktop/ros_workspaces/ros2_ws/install/my_custom_interfaces/share/my_custom_interfaces/cmake/my_custom_interfaces__rosidl_typesupport_cExport.cmake
[0.319s] -- Up-to-date: /home/beeboss/Desktop/ros_workspaces/ros2_ws/install/my_custom_interfaces/share/my_custom_interfaces/cmake/my_custom_interfaces__rosidl_typesupport_cExport-noconfig.cmake
[0.319s] -- Up-to-date: /home/beeboss/Desktop/ros_workspaces/ros2_ws/install/my_custom_interfaces/share/my_custom_interfaces/cmake/export_my_custom_interfaces__rosidl_generator_cppExport.cmake
[0.320s] -- Up-to-date: /home/beeboss/Desktop/ros_workspaces/ros2_ws/install/my_custom_interfaces/share/my_custom_interfaces/cmake/export_my_custom_interfaces__rosidl_typesupport_fastrtps_cppExport.cmake
[0.320s] -- Up-to-date: /home/beeboss/Desktop/ros_workspaces/ros2_ws/install/my_custom_interfaces/share/my_custom_interfaces/cmake/export_my_custom_interfaces__rosidl_typesupport_fastrtps_cppExport-noconfig.cmake
[0.320s] -- Up-to-date: /home/beeboss/Desktop/ros_workspaces/ros2_ws/install/my_custom_interfaces/share/my_custom_interfaces/cmake/my_custom_interfaces__rosidl_typesupport_introspection_cppExport.cmake
[0.320s] -- Up-to-date: /home/beeboss/Desktop/ros_workspaces/ros2_ws/install/my_custom_interfaces/share/my_custom_interfaces/cmake/my_custom_interfaces__rosidl_typesupport_introspection_cppExport-noconfig.cmake
[0.320s] -- Up-to-date: /home/beeboss/Desktop/ros_workspaces/ros2_ws/install/my_custom_interfaces/share/my_custom_interfaces/cmake/my_custom_interfaces__rosidl_typesupport_cppExport.cmake
[0.320s] -- Up-to-date: /home/beeboss/Desktop/ros_workspaces/ros2_ws/install/my_custom_interfaces/share/my_custom_interfaces/cmake/my_custom_interfaces__rosidl_typesupport_cppExport-noconfig.cmake
[0.320s] -- Up-to-date: /home/beeboss/Desktop/ros_workspaces/ros2_ws/install/my_custom_interfaces/share/my_custom_interfaces/cmake/export_my_custom_interfaces__rosidl_generator_pyExport.cmake
[0.320s] -- Up-to-date: /home/beeboss/Desktop/ros_workspaces/ros2_ws/install/my_custom_interfaces/share/my_custom_interfaces/cmake/export_my_custom_interfaces__rosidl_generator_pyExport-noconfig.cmake
[0.321s] -- Up-to-date: /home/beeboss/Desktop/ros_workspaces/ros2_ws/install/my_custom_interfaces/share/my_custom_interfaces/cmake/rosidl_cmake-extras.cmake
[0.321s] -- Up-to-date: /home/beeboss/Desktop/ros_workspaces/ros2_ws/install/my_custom_interfaces/share/my_custom_interfaces/cmake/ament_cmake_export_include_directories-extras.cmake
[0.321s] -- Up-to-date: /home/beeboss/Desktop/ros_workspaces/ros2_ws/install/my_custom_interfaces/share/my_custom_interfaces/cmake/ament_cmake_export_libraries-extras.cmake
[0.321s] -- Up-to-date: /home/beeboss/Desktop/ros_workspaces/ros2_ws/install/my_custom_interfaces/share/my_custom_interfaces/cmake/ament_cmake_export_targets-extras.cmake
[0.321s] -- Up-to-date: /home/beeboss/Desktop/ros_workspaces/ros2_ws/install/my_custom_interfaces/share/my_custom_interfaces/cmake/rosidl_cmake_export_typesupport_targets-extras.cmake
[0.321s] -- Up-to-date: /home/beeboss/Desktop/ros_workspaces/ros2_ws/install/my_custom_interfaces/share/my_custom_interfaces/cmake/ament_cmake_export_dependencies-extras.cmake
[0.321s] -- Up-to-date: /home/beeboss/Desktop/ros_workspaces/ros2_ws/install/my_custom_interfaces/share/my_custom_interfaces/cmake/rosidl_cmake_export_typesupport_libraries-extras.cmake
[0.322s] -- Up-to-date: /home/beeboss/Desktop/ros_workspaces/ros2_ws/install/my_custom_interfaces/share/my_custom_interfaces/cmake/my_custom_interfacesConfig.cmake
[0.322s] -- Up-to-date: /home/beeboss/Desktop/ros_workspaces/ros2_ws/install/my_custom_interfaces/share/my_custom_interfaces/cmake/my_custom_interfacesConfig-version.cmake
[0.322s] -- Up-to-date: /home/beeboss/Desktop/ros_workspaces/ros2_ws/install/my_custom_interfaces/share/my_custom_interfaces/package.xml
[0.322s] Invoked command in '/home/beeboss/Desktop/ros_workspaces/ros2_ws/build/my_custom_interfaces' returned '0': CMAKE_PREFIX_PATH=${CMAKE_PREFIX_PATH}:/home/beeboss/Desktop/ros_workspaces/ros2_ws/install/my_py_pkg:/opt/ros/jazzy CONDA_PROMPT_MODIFIER=(base) DEBUGINFOD_URLS=https://debuginfod.ubuntu.com /usr/bin/cmake --install /home/beeboss/Desktop/ros_workspaces/ros2_ws/build/my_custom_interfaces
