[0.006s] Invoking command in '/home/beeboss/Desktop/ros_workspaces/ros2_ws/build/my_cpp_pkg': CMAKE_PREFIX_PATH=${CMAKE_PREFIX_PATH}:/home/beeboss/Desktop/ros_workspaces/ros2_ws/install/my_py_pkg:/opt/ros/jazzy CONDA_PROMPT_MODIFIER=(base) DEBUGINFOD_URLS=https://debuginfod.ubuntu.com /usr/bin/cmake --build /home/beeboss/Desktop/ros_workspaces/ros2_ws/build/my_cpp_pkg -- -j20 -l20
[0.019s] -- Found ament_cmake: 2.5.6 (/opt/ros/jazzy/share/ament_cmake/cmake)
[0.197s] -- Found rclcpp: 28.1.18 (/opt/ros/jazzy/share/rclcpp/cmake)
[0.220s] -- Found rosidl_generator_c: 4.6.7 (/opt/ros/jazzy/share/rosidl_generator_c/cmake)
[0.228s] -- Found rosidl_generator_cpp: 4.6.7 (/opt/ros/jazzy/share/rosidl_generator_cpp/cmake)
[0.238s] -- Using all available rosidl_typesupport_c: rosidl_typesupport_fastrtps_c;rosidl_typesupport_introspection_c
[0.248s] -- Using all available rosidl_typesupport_cpp: rosidl_typesupport_fastrtps_cpp;rosidl_typesupport_introspection_cpp
[0.272s] -- Found rmw_implementation_cmake: 7.3.3 (/opt/ros/jazzy/share/rmw_implementation_cmake/cmake)
[0.272s] -- Found rmw_fastrtps_cpp: 8.4.3 (/opt/ros/jazzy/share/rmw_fastrtps_cpp/cmake)
[0.306s] -- Using RMW implementation 'rmw_fastrtps_cpp' as default
[0.330s] -- Found example_interfaces: 0.12.0 (/opt/ros/jazzy/share/example_interfaces/cmake)
[0.350s] -- Found sensor_msgs: 5.3.7 (/opt/ros/jazzy/share/sensor_msgs/cmake)
[0.373s] -- Found ament_lint_auto: 0.17.5 (/opt/ros/jazzy/share/ament_lint_auto/cmake)
[0.417s] -- Added test 'cppcheck' to perform static code analysis on C / C++ code
[0.417s] -- Configured cppcheck include dirs: 
[0.418s] -- Configured cppcheck exclude dirs and/or files: 
[0.418s] -- Added test 'lint_cmake' to check CMake code style
[0.418s] -- Added test 'uncrustify' to check C / C++ code style
[0.418s] -- Configured uncrustify additional arguments: 
[0.418s] -- Added test 'xmllint' to check XML markup files
[0.419s] -- Configuring done (0.4s)
[0.428s] -- Generating done (0.0s)
[0.431s] -- Build files have been written to: /home/beeboss/Desktop/ros_workspaces/ros2_ws/build/my_cpp_pkg
[0.464s] [ 33%] Built target number_subscriber
[0.469s] [ 66%] Built target test_node
[0.471s] [100%] Built target number_publisher
[0.478s] Invoked command in '/home/beeboss/Desktop/ros_workspaces/ros2_ws/build/my_cpp_pkg' returned '0': CMAKE_PREFIX_PATH=${CMAKE_PREFIX_PATH}:/home/beeboss/Desktop/ros_workspaces/ros2_ws/install/my_py_pkg:/opt/ros/jazzy CONDA_PROMPT_MODIFIER=(base) DEBUGINFOD_URLS=https://debuginfod.ubuntu.com /usr/bin/cmake --build /home/beeboss/Desktop/ros_workspaces/ros2_ws/build/my_cpp_pkg -- -j20 -l20
[0.479s] Invoking command in '/home/beeboss/Desktop/ros_workspaces/ros2_ws/build/my_cpp_pkg': CMAKE_PREFIX_PATH=${CMAKE_PREFIX_PATH}:/home/beeboss/Desktop/ros_workspaces/ros2_ws/install/my_py_pkg:/opt/ros/jazzy CONDA_PROMPT_MODIFIER=(base) DEBUGINFOD_URLS=https://debuginfod.ubuntu.com /usr/bin/cmake --install /home/beeboss/Desktop/ros_workspaces/ros2_ws/build/my_cpp_pkg
[0.483s] -- Install configuration: ""
[0.483s] -- Up-to-date: /home/beeboss/Desktop/ros_workspaces/ros2_ws/install/my_cpp_pkg/lib/my_cpp_pkg/test_node
[0.483s] -- Up-to-date: /home/beeboss/Desktop/ros_workspaces/ros2_ws/install/my_cpp_pkg/lib/my_cpp_pkg/number_publisher
[0.483s] -- Up-to-date: /home/beeboss/Desktop/ros_workspaces/ros2_ws/install/my_cpp_pkg/lib/my_cpp_pkg/number_subscriber
[0.483s] -- Installing: /home/beeboss/Desktop/ros_workspaces/ros2_ws/install/my_cpp_pkg/share/ament_index/resource_index/package_run_dependencies/my_cpp_pkg
[0.483s] -- Installing: /home/beeboss/Desktop/ros_workspaces/ros2_ws/install/my_cpp_pkg/share/ament_index/resource_index/parent_prefix_path/my_cpp_pkg
[0.484s] -- Up-to-date: /home/beeboss/Desktop/ros_workspaces/ros2_ws/install/my_cpp_pkg/share/my_cpp_pkg/environment/ament_prefix_path.sh
[0.484s] -- Up-to-date: /home/beeboss/Desktop/ros_workspaces/ros2_ws/install/my_cpp_pkg/share/my_cpp_pkg/environment/ament_prefix_path.dsv
[0.484s] -- Up-to-date: /home/beeboss/Desktop/ros_workspaces/ros2_ws/install/my_cpp_pkg/share/my_cpp_pkg/environment/path.sh
[0.484s] -- Up-to-date: /home/beeboss/Desktop/ros_workspaces/ros2_ws/install/my_cpp_pkg/share/my_cpp_pkg/environment/path.dsv
[0.484s] -- Up-to-date: /home/beeboss/Desktop/ros_workspaces/ros2_ws/install/my_cpp_pkg/share/my_cpp_pkg/local_setup.bash
[0.484s] -- Up-to-date: /home/beeboss/Desktop/ros_workspaces/ros2_ws/install/my_cpp_pkg/share/my_cpp_pkg/local_setup.sh
[0.484s] -- Up-to-date: /home/beeboss/Desktop/ros_workspaces/ros2_ws/install/my_cpp_pkg/share/my_cpp_pkg/local_setup.zsh
[0.484s] -- Up-to-date: /home/beeboss/Desktop/ros_workspaces/ros2_ws/install/my_cpp_pkg/share/my_cpp_pkg/local_setup.dsv
[0.484s] -- Installing: /home/beeboss/Desktop/ros_workspaces/ros2_ws/install/my_cpp_pkg/share/my_cpp_pkg/package.dsv
[0.484s] -- Up-to-date: /home/beeboss/Desktop/ros_workspaces/ros2_ws/install/my_cpp_pkg/share/ament_index/resource_index/packages/my_cpp_pkg
[0.484s] -- Up-to-date: /home/beeboss/Desktop/ros_workspaces/ros2_ws/install/my_cpp_pkg/share/my_cpp_pkg/cmake/my_cpp_pkgConfig.cmake
[0.484s] -- Up-to-date: /home/beeboss/Desktop/ros_workspaces/ros2_ws/install/my_cpp_pkg/share/my_cpp_pkg/cmake/my_cpp_pkgConfig-version.cmake
[0.484s] -- Installing: /home/beeboss/Desktop/ros_workspaces/ros2_ws/install/my_cpp_pkg/share/my_cpp_pkg/package.xml
[0.485s] Invoked command in '/home/beeboss/Desktop/ros_workspaces/ros2_ws/build/my_cpp_pkg' returned '0': CMAKE_PREFIX_PATH=${CMAKE_PREFIX_PATH}:/home/beeboss/Desktop/ros_workspaces/ros2_ws/install/my_py_pkg:/opt/ros/jazzy CONDA_PROMPT_MODIFIER=(base) DEBUGINFOD_URLS=https://debuginfod.ubuntu.com /usr/bin/cmake --install /home/beeboss/Desktop/ros_workspaces/ros2_ws/build/my_cpp_pkg
