[0.043s] DEBUG:colcon:Command line arguments: ['/usr/bin/colcon', 'build']
[0.043s] DEBUG:colcon:Parsed command line arguments: Namespace(log_base=None, log_level=None, verb_name='build', build_base='build', install_base='install', merge_install=False, symlink_install=False, test_result_base=None, continue_on_error=False, executor='parallel', parallel_workers=20, event_handlers=None, ignore_user_meta=False, metas=['./colcon.meta'], base_paths=['.'], packages_ignore=None, packages_ignore_regex=None, paths=None, packages_up_to=None, packages_up_to_regex=None, packages_above=None, packages_above_and_dependencies=None, packages_above_depth=None, packages_select_by_dep=None, packages_skip_by_dep=None, packages_skip_up_to=None, packages_select_build_failed=False, packages_skip_build_finished=False, packages_select_test_failures=False, packages_skip_test_passed=False, packages_select=None, packages_skip=None, packages_select_regex=None, packages_skip_regex=None, packages_start=None, packages_end=None, allow_overriding=[], cmake_args=None, cmake_target=None, cmake_target_skip_unavailable=False, cmake_clean_cache=False, cmake_clean_first=False, cmake_force_configure=False, ament_cmake_args=None, catkin_cmake_args=None, catkin_skip_building_tests=False, mixin_files=None, mixin=None, verb_parser=<colcon_mixin.mixin.mixin_argument.MixinArgumentDecorator object at 0xfeee1f636f90>, verb_extension=<colcon_core.verb.build.BuildVerb object at 0xfeee1f5dcbc0>, main=<bound method BuildVerb.main of <colcon_core.verb.build.BuildVerb object at 0xfeee1f5dcbc0>>, mixin_verb=('build',))
[0.108s] Level 1:colcon.colcon_core.package_discovery:discover_packages(colcon_meta) check parameters
[0.108s] Level 1:colcon.colcon_core.package_discovery:discover_packages(recursive) check parameters
[0.108s] Level 1:colcon.colcon_core.package_discovery:discover_packages(ignore) check parameters
[0.108s] Level 1:colcon.colcon_core.package_discovery:discover_packages(path) check parameters
[0.108s] Level 1:colcon.colcon_core.package_discovery:discover_packages(colcon_meta) discover
[0.108s] Level 1:colcon.colcon_core.package_discovery:discover_packages(recursive) discover
[0.108s] INFO:colcon.colcon_core.package_discovery:Crawling recursively for packages in '/home/beeboss/Desktop/ros_workspaces/ros2_ws'
[0.108s] Level 1:colcon.colcon_core.package_identification:_identify(.) by extensions ['ignore', 'ignore_ament_install']
[0.109s] Level 1:colcon.colcon_core.package_identification:_identify(.) by extension 'ignore'
[0.109s] Level 1:colcon.colcon_core.package_identification:_identify(.) by extension 'ignore_ament_install'
[0.109s] Level 1:colcon.colcon_core.package_identification:_identify(.) by extensions ['colcon_pkg']
[0.109s] Level 1:colcon.colcon_core.package_identification:_identify(.) by extension 'colcon_pkg'
[0.109s] Level 1:colcon.colcon_core.package_identification:_identify(.) by extensions ['colcon_meta']
[0.109s] Level 1:colcon.colcon_core.package_identification:_identify(.) by extension 'colcon_meta'
[0.109s] Level 1:colcon.colcon_core.package_identification:_identify(.) by extensions ['ros']
[0.109s] Level 1:colcon.colcon_core.package_identification:_identify(.) by extension 'ros'
[0.120s] Level 1:colcon.colcon_core.package_identification:_identify(.) by extensions ['cmake', 'python']
[0.120s] Level 1:colcon.colcon_core.package_identification:_identify(.) by extension 'cmake'
[0.120s] Level 1:colcon.colcon_core.package_identification:_identify(.) by extension 'python'
[0.120s] Level 1:colcon.colcon_core.package_identification:_identify(.) by extensions ['python_setup_py']
[0.120s] Level 1:colcon.colcon_core.package_identification:_identify(.) by extension 'python_setup_py'
[0.120s] Level 1:colcon.colcon_core.package_identification:_identify(bags) by extensions ['ignore', 'ignore_ament_install']
[0.120s] Level 1:colcon.colcon_core.package_identification:_identify(bags) by extension 'ignore'
[0.120s] Level 1:colcon.colcon_core.package_identification:_identify(bags) by extension 'ignore_ament_install'
[0.120s] Level 1:colcon.colcon_core.package_identification:_identify(bags) by extensions ['colcon_pkg']
[0.120s] Level 1:colcon.colcon_core.package_identification:_identify(bags) by extension 'colcon_pkg'
[0.120s] Level 1:colcon.colcon_core.package_identification:_identify(bags) by extensions ['colcon_meta']
[0.120s] Level 1:colcon.colcon_core.package_identification:_identify(bags) by extension 'colcon_meta'
[0.120s] Level 1:colcon.colcon_core.package_identification:_identify(bags) by extensions ['ros']
[0.120s] Level 1:colcon.colcon_core.package_identification:_identify(bags) by extension 'ros'
[0.120s] Level 1:colcon.colcon_core.package_identification:_identify(bags) by extensions ['cmake', 'python']
[0.120s] Level 1:colcon.colcon_core.package_identification:_identify(bags) by extension 'cmake'
[0.120s] Level 1:colcon.colcon_core.package_identification:_identify(bags) by extension 'python'
[0.120s] Level 1:colcon.colcon_core.package_identification:_identify(bags) by extensions ['python_setup_py']
[0.120s] Level 1:colcon.colcon_core.package_identification:_identify(bags) by extension 'python_setup_py'
[0.120s] Level 1:colcon.colcon_core.package_identification:_identify(bags/bag1) by extensions ['ignore', 'ignore_ament_install']
[0.120s] Level 1:colcon.colcon_core.package_identification:_identify(bags/bag1) by extension 'ignore'
[0.120s] Level 1:colcon.colcon_core.package_identification:_identify(bags/bag1) by extension 'ignore_ament_install'
[0.120s] Level 1:colcon.colcon_core.package_identification:_identify(bags/bag1) by extensions ['colcon_pkg']
[0.120s] Level 1:colcon.colcon_core.package_identification:_identify(bags/bag1) by extension 'colcon_pkg'
[0.120s] Level 1:colcon.colcon_core.package_identification:_identify(bags/bag1) by extensions ['colcon_meta']
[0.120s] Level 1:colcon.colcon_core.package_identification:_identify(bags/bag1) by extension 'colcon_meta'
[0.120s] Level 1:colcon.colcon_core.package_identification:_identify(bags/bag1) by extensions ['ros']
[0.120s] Level 1:colcon.colcon_core.package_identification:_identify(bags/bag1) by extension 'ros'
[0.120s] Level 1:colcon.colcon_core.package_identification:_identify(bags/bag1) by extensions ['cmake', 'python']
[0.120s] Level 1:colcon.colcon_core.package_identification:_identify(bags/bag1) by extension 'cmake'
[0.120s] Level 1:colcon.colcon_core.package_identification:_identify(bags/bag1) by extension 'python'
[0.120s] Level 1:colcon.colcon_core.package_identification:_identify(bags/bag1) by extensions ['python_setup_py']
[0.120s] Level 1:colcon.colcon_core.package_identification:_identify(bags/bag1) by extension 'python_setup_py'
[0.120s] Level 1:colcon.colcon_core.package_identification:_identify(build) by extensions ['ignore', 'ignore_ament_install']
[0.120s] Level 1:colcon.colcon_core.package_identification:_identify(build) by extension 'ignore'
[0.120s] Level 1:colcon.colcon_core.package_identification:_identify(build) ignored
[0.120s] Level 1:colcon.colcon_core.package_identification:_identify(install) by extensions ['ignore', 'ignore_ament_install']
[0.120s] Level 1:colcon.colcon_core.package_identification:_identify(install) by extension 'ignore'
[0.120s] Level 1:colcon.colcon_core.package_identification:_identify(install) ignored
[0.120s] Level 1:colcon.colcon_core.package_identification:_identify(log) by extensions ['ignore', 'ignore_ament_install']
[0.120s] Level 1:colcon.colcon_core.package_identification:_identify(log) by extension 'ignore'
[0.120s] Level 1:colcon.colcon_core.package_identification:_identify(log) ignored
[0.120s] Level 1:colcon.colcon_core.package_identification:_identify(src) by extensions ['ignore', 'ignore_ament_install']
[0.121s] Level 1:colcon.colcon_core.package_identification:_identify(src) by extension 'ignore'
[0.121s] Level 1:colcon.colcon_core.package_identification:_identify(src) by extension 'ignore_ament_install'
[0.121s] Level 1:colcon.colcon_core.package_identification:_identify(src) by extensions ['colcon_pkg']
[0.121s] Level 1:colcon.colcon_core.package_identification:_identify(src) by extension 'colcon_pkg'
[0.121s] Level 1:colcon.colcon_core.package_identification:_identify(src) by extensions ['colcon_meta']
[0.121s] Level 1:colcon.colcon_core.package_identification:_identify(src) by extension 'colcon_meta'
[0.121s] Level 1:colcon.colcon_core.package_identification:_identify(src) by extensions ['ros']
[0.121s] Level 1:colcon.colcon_core.package_identification:_identify(src) by extension 'ros'
[0.121s] Level 1:colcon.colcon_core.package_identification:_identify(src) by extensions ['cmake', 'python']
[0.121s] Level 1:colcon.colcon_core.package_identification:_identify(src) by extension 'cmake'
[0.121s] Level 1:colcon.colcon_core.package_identification:_identify(src) by extension 'python'
[0.121s] Level 1:colcon.colcon_core.package_identification:_identify(src) by extensions ['python_setup_py']
[0.121s] Level 1:colcon.colcon_core.package_identification:_identify(src) by extension 'python_setup_py'
[0.121s] Level 1:colcon.colcon_core.package_identification:_identify(src/my_cpp_pkg) by extensions ['ignore', 'ignore_ament_install']
[0.121s] Level 1:colcon.colcon_core.package_identification:_identify(src/my_cpp_pkg) by extension 'ignore'
[0.121s] Level 1:colcon.colcon_core.package_identification:_identify(src/my_cpp_pkg) by extension 'ignore_ament_install'
[0.121s] Level 1:colcon.colcon_core.package_identification:_identify(src/my_cpp_pkg) by extensions ['colcon_pkg']
[0.121s] Level 1:colcon.colcon_core.package_identification:_identify(src/my_cpp_pkg) by extension 'colcon_pkg'
[0.121s] Level 1:colcon.colcon_core.package_identification:_identify(src/my_cpp_pkg) by extensions ['colcon_meta']
[0.121s] Level 1:colcon.colcon_core.package_identification:_identify(src/my_cpp_pkg) by extension 'colcon_meta'
[0.121s] Level 1:colcon.colcon_core.package_identification:_identify(src/my_cpp_pkg) by extensions ['ros']
[0.121s] Level 1:colcon.colcon_core.package_identification:_identify(src/my_cpp_pkg) by extension 'ros'
[0.122s] DEBUG:colcon.colcon_core.package_identification:Package 'src/my_cpp_pkg' with type 'ros.ament_cmake' and name 'my_cpp_pkg'
[0.122s] Level 1:colcon.colcon_core.package_identification:_identify(src/my_custom_interfaces) by extensions ['ignore', 'ignore_ament_install']
[0.122s] Level 1:colcon.colcon_core.package_identification:_identify(src/my_custom_interfaces) by extension 'ignore'
[0.122s] Level 1:colcon.colcon_core.package_identification:_identify(src/my_custom_interfaces) by extension 'ignore_ament_install'
[0.122s] Level 1:colcon.colcon_core.package_identification:_identify(src/my_custom_interfaces) by extensions ['colcon_pkg']
[0.122s] Level 1:colcon.colcon_core.package_identification:_identify(src/my_custom_interfaces) by extension 'colcon_pkg'
[0.122s] Level 1:colcon.colcon_core.package_identification:_identify(src/my_custom_interfaces) by extensions ['colcon_meta']
[0.122s] Level 1:colcon.colcon_core.package_identification:_identify(src/my_custom_interfaces) by extension 'colcon_meta'
[0.122s] Level 1:colcon.colcon_core.package_identification:_identify(src/my_custom_interfaces) by extensions ['ros']
[0.122s] Level 1:colcon.colcon_core.package_identification:_identify(src/my_custom_interfaces) by extension 'ros'
[0.122s] DEBUG:colcon.colcon_core.package_identification:Package 'src/my_custom_interfaces' with type 'ros.ament_cmake' and name 'my_custom_interfaces'
[0.122s] Level 1:colcon.colcon_core.package_identification:_identify(src/my_py_pkg) by extensions ['ignore', 'ignore_ament_install']
[0.122s] Level 1:colcon.colcon_core.package_identification:_identify(src/my_py_pkg) by extension 'ignore'
[0.122s] Level 1:colcon.colcon_core.package_identification:_identify(src/my_py_pkg) by extension 'ignore_ament_install'
[0.122s] Level 1:colcon.colcon_core.package_identification:_identify(src/my_py_pkg) by extensions ['colcon_pkg']
[0.122s] Level 1:colcon.colcon_core.package_identification:_identify(src/my_py_pkg) by extension 'colcon_pkg'
[0.122s] Level 1:colcon.colcon_core.package_identification:_identify(src/my_py_pkg) by extensions ['colcon_meta']
[0.122s] Level 1:colcon.colcon_core.package_identification:_identify(src/my_py_pkg) by extension 'colcon_meta'
[0.122s] Level 1:colcon.colcon_core.package_identification:_identify(src/my_py_pkg) by extensions ['ros']
[0.122s] Level 1:colcon.colcon_core.package_identification:_identify(src/my_py_pkg) by extension 'ros'
[0.123s] DEBUG:colcon.colcon_core.package_identification:Package 'src/my_py_pkg' with type 'ros.ament_python' and name 'my_py_pkg'
[0.123s] Level 1:colcon.colcon_core.package_identification:_identify(src/turtle_controller) by extensions ['ignore', 'ignore_ament_install']
[0.123s] Level 1:colcon.colcon_core.package_identification:_identify(src/turtle_controller) by extension 'ignore'
[0.123s] Level 1:colcon.colcon_core.package_identification:_identify(src/turtle_controller) by extension 'ignore_ament_install'
[0.123s] Level 1:colcon.colcon_core.package_identification:_identify(src/turtle_controller) by extensions ['colcon_pkg']
[0.123s] Level 1:colcon.colcon_core.package_identification:_identify(src/turtle_controller) by extension 'colcon_pkg'
[0.123s] Level 1:colcon.colcon_core.package_identification:_identify(src/turtle_controller) by extensions ['colcon_meta']
[0.123s] Level 1:colcon.colcon_core.package_identification:_identify(src/turtle_controller) by extension 'colcon_meta'
[0.123s] Level 1:colcon.colcon_core.package_identification:_identify(src/turtle_controller) by extensions ['ros']
[0.123s] Level 1:colcon.colcon_core.package_identification:_identify(src/turtle_controller) by extension 'ros'
[0.123s] DEBUG:colcon.colcon_core.package_identification:Package 'src/turtle_controller' with type 'ros.ament_python' and name 'turtle_controller'
[0.123s] Level 1:colcon.colcon_core.package_discovery:discover_packages(recursive) using defaults
[0.123s] Level 1:colcon.colcon_core.package_discovery:discover_packages(ignore) discover
[0.123s] Level 1:colcon.colcon_core.package_discovery:discover_packages(ignore) using defaults
[0.123s] Level 1:colcon.colcon_core.package_discovery:discover_packages(path) discover
[0.123s] Level 1:colcon.colcon_core.package_discovery:discover_packages(path) using defaults
[0.131s] Level 1:colcon.colcon_core.package_discovery:discover_packages(prefix_path) check parameters
[0.131s] Level 1:colcon.colcon_core.package_discovery:discover_packages(prefix_path) discover
[0.132s] DEBUG:colcon.colcon_installed_package_information.package_discovery:Found 4 installed packages in /home/beeboss/Desktop/ros_workspaces/ros2_ws/install
[0.132s] DEBUG:colcon.colcon_installed_package_information.package_discovery:Found 287 installed packages in /opt/ros/jazzy
[0.133s] Level 1:colcon.colcon_core.package_discovery:discover_packages(prefix_path) using defaults
[0.149s] Level 5:colcon.colcon_core.verb:set package 'my_custom_interfaces' build argument 'cmake_args' from command line to 'None'
[0.149s] Level 5:colcon.colcon_core.verb:set package 'my_custom_interfaces' build argument 'cmake_target' from command line to 'None'
[0.149s] Level 5:colcon.colcon_core.verb:set package 'my_custom_interfaces' build argument 'cmake_target_skip_unavailable' from command line to 'False'
[0.149s] Level 5:colcon.colcon_core.verb:set package 'my_custom_interfaces' build argument 'cmake_clean_cache' from command line to 'False'
[0.149s] Level 5:colcon.colcon_core.verb:set package 'my_custom_interfaces' build argument 'cmake_clean_first' from command line to 'False'
[0.149s] Level 5:colcon.colcon_core.verb:set package 'my_custom_interfaces' build argument 'cmake_force_configure' from command line to 'False'
[0.149s] Level 5:colcon.colcon_core.verb:set package 'my_custom_interfaces' build argument 'ament_cmake_args' from command line to 'None'
[0.149s] Level 5:colcon.colcon_core.verb:set package 'my_custom_interfaces' build argument 'catkin_cmake_args' from command line to 'None'
[0.149s] Level 5:colcon.colcon_core.verb:set package 'my_custom_interfaces' build argument 'catkin_skip_building_tests' from command line to 'False'
[0.149s] DEBUG:colcon.colcon_core.verb:Building package 'my_custom_interfaces' with the following arguments: {'ament_cmake_args': None, 'build_base': '/home/beeboss/Desktop/ros_workspaces/ros2_ws/build/my_custom_interfaces', 'catkin_cmake_args': None, 'catkin_skip_building_tests': False, 'cmake_args': None, 'cmake_clean_cache': False, 'cmake_clean_first': False, 'cmake_force_configure': False, 'cmake_target': None, 'cmake_target_skip_unavailable': False, 'install_base': '/home/beeboss/Desktop/ros_workspaces/ros2_ws/install/my_custom_interfaces', 'merge_install': False, 'path': '/home/beeboss/Desktop/ros_workspaces/ros2_ws/src/my_custom_interfaces', 'symlink_install': False, 'test_result_base': None}
[0.150s] Level 5:colcon.colcon_core.verb:set package 'my_cpp_pkg' build argument 'cmake_args' from command line to 'None'
[0.150s] Level 5:colcon.colcon_core.verb:set package 'my_cpp_pkg' build argument 'cmake_target' from command line to 'None'
[0.150s] Level 5:colcon.colcon_core.verb:set package 'my_cpp_pkg' build argument 'cmake_target_skip_unavailable' from command line to 'False'
[0.150s] Level 5:colcon.colcon_core.verb:set package 'my_cpp_pkg' build argument 'cmake_clean_cache' from command line to 'False'
[0.150s] Level 5:colcon.colcon_core.verb:set package 'my_cpp_pkg' build argument 'cmake_clean_first' from command line to 'False'
[0.150s] Level 5:colcon.colcon_core.verb:set package 'my_cpp_pkg' build argument 'cmake_force_configure' from command line to 'False'
[0.150s] Level 5:colcon.colcon_core.verb:set package 'my_cpp_pkg' build argument 'ament_cmake_args' from command line to 'None'
[0.150s] Level 5:colcon.colcon_core.verb:set package 'my_cpp_pkg' build argument 'catkin_cmake_args' from command line to 'None'
[0.150s] Level 5:colcon.colcon_core.verb:set package 'my_cpp_pkg' build argument 'catkin_skip_building_tests' from command line to 'False'
[0.150s] DEBUG:colcon.colcon_core.verb:Building package 'my_cpp_pkg' with the following arguments: {'ament_cmake_args': None, 'build_base': '/home/beeboss/Desktop/ros_workspaces/ros2_ws/build/my_cpp_pkg', 'catkin_cmake_args': None, 'catkin_skip_building_tests': False, 'cmake_args': None, 'cmake_clean_cache': False, 'cmake_clean_first': False, 'cmake_force_configure': False, 'cmake_target': None, 'cmake_target_skip_unavailable': False, 'install_base': '/home/beeboss/Desktop/ros_workspaces/ros2_ws/install/my_cpp_pkg', 'merge_install': False, 'path': '/home/beeboss/Desktop/ros_workspaces/ros2_ws/src/my_cpp_pkg', 'symlink_install': False, 'test_result_base': None}
[0.150s] Level 5:colcon.colcon_core.verb:set package 'my_py_pkg' build argument 'cmake_args' from command line to 'None'
[0.150s] Level 5:colcon.colcon_core.verb:set package 'my_py_pkg' build argument 'cmake_target' from command line to 'None'
[0.150s] Level 5:colcon.colcon_core.verb:set package 'my_py_pkg' build argument 'cmake_target_skip_unavailable' from command line to 'False'
[0.150s] Level 5:colcon.colcon_core.verb:set package 'my_py_pkg' build argument 'cmake_clean_cache' from command line to 'False'
[0.150s] Level 5:colcon.colcon_core.verb:set package 'my_py_pkg' build argument 'cmake_clean_first' from command line to 'False'
[0.150s] Level 5:colcon.colcon_core.verb:set package 'my_py_pkg' build argument 'cmake_force_configure' from command line to 'False'
[0.150s] Level 5:colcon.colcon_core.verb:set package 'my_py_pkg' build argument 'ament_cmake_args' from command line to 'None'
[0.150s] Level 5:colcon.colcon_core.verb:set package 'my_py_pkg' build argument 'catkin_cmake_args' from command line to 'None'
[0.150s] Level 5:colcon.colcon_core.verb:set package 'my_py_pkg' build argument 'catkin_skip_building_tests' from command line to 'False'
[0.150s] DEBUG:colcon.colcon_core.verb:Building package 'my_py_pkg' with the following arguments: {'ament_cmake_args': None, 'build_base': '/home/beeboss/Desktop/ros_workspaces/ros2_ws/build/my_py_pkg', 'catkin_cmake_args': None, 'catkin_skip_building_tests': False, 'cmake_args': None, 'cmake_clean_cache': False, 'cmake_clean_first': False, 'cmake_force_configure': False, 'cmake_target': None, 'cmake_target_skip_unavailable': False, 'install_base': '/home/beeboss/Desktop/ros_workspaces/ros2_ws/install/my_py_pkg', 'merge_install': False, 'path': '/home/beeboss/Desktop/ros_workspaces/ros2_ws/src/my_py_pkg', 'symlink_install': False, 'test_result_base': None}
[0.150s] Level 5:colcon.colcon_core.verb:set package 'turtle_controller' build argument 'cmake_args' from command line to 'None'
[0.150s] Level 5:colcon.colcon_core.verb:set package 'turtle_controller' build argument 'cmake_target' from command line to 'None'
[0.150s] Level 5:colcon.colcon_core.verb:set package 'turtle_controller' build argument 'cmake_target_skip_unavailable' from command line to 'False'
[0.150s] Level 5:colcon.colcon_core.verb:set package 'turtle_controller' build argument 'cmake_clean_cache' from command line to 'False'
[0.150s] Level 5:colcon.colcon_core.verb:set package 'turtle_controller' build argument 'cmake_clean_first' from command line to 'False'
[0.150s] Level 5:colcon.colcon_core.verb:set package 'turtle_controller' build argument 'cmake_force_configure' from command line to 'False'
[0.150s] Level 5:colcon.colcon_core.verb:set package 'turtle_controller' build argument 'ament_cmake_args' from command line to 'None'
[0.150s] Level 5:colcon.colcon_core.verb:set package 'turtle_controller' build argument 'catkin_cmake_args' from command line to 'None'
[0.150s] Level 5:colcon.colcon_core.verb:set package 'turtle_controller' build argument 'catkin_skip_building_tests' from command line to 'False'
[0.150s] DEBUG:colcon.colcon_core.verb:Building package 'turtle_controller' with the following arguments: {'ament_cmake_args': None, 'build_base': '/home/beeboss/Desktop/ros_workspaces/ros2_ws/build/turtle_controller', 'catkin_cmake_args': None, 'catkin_skip_building_tests': False, 'cmake_args': None, 'cmake_clean_cache': False, 'cmake_clean_first': False, 'cmake_force_configure': False, 'cmake_target': None, 'cmake_target_skip_unavailable': False, 'install_base': '/home/beeboss/Desktop/ros_workspaces/ros2_ws/install/turtle_controller', 'merge_install': False, 'path': '/home/beeboss/Desktop/ros_workspaces/ros2_ws/src/turtle_controller', 'symlink_install': False, 'test_result_base': None}
[0.150s] INFO:colcon.colcon_core.executor:Executing jobs using 'parallel' executor
[0.151s] DEBUG:colcon.colcon_parallel_executor.executor.parallel:run_until_complete
[0.151s] INFO:colcon.colcon_ros.task.ament_cmake.build:Building ROS package in '/home/beeboss/Desktop/ros_workspaces/ros2_ws/src/my_custom_interfaces' with build type 'ament_cmake'
[0.151s] INFO:colcon.colcon_cmake.task.cmake.build:Building CMake package in '/home/beeboss/Desktop/ros_workspaces/ros2_ws/src/my_custom_interfaces'
[0.152s] INFO:colcon.colcon_core.plugin_system:Skipping extension 'colcon_core.shell.bat': Not used on non-Windows systems
[0.152s] INFO:colcon.colcon_core.shell:Skip shell extension 'powershell' for command environment: Not usable outside of PowerShell
[0.152s] DEBUG:colcon.colcon_core.shell:Skip shell extension 'dsv' for command environment
[0.156s] DEBUG:colcon.colcon_core.event_handler.log_command:Invoking command in '/home/beeboss/Desktop/ros_workspaces/ros2_ws/build/my_custom_interfaces': CMAKE_PREFIX_PATH=${CMAKE_PREFIX_PATH}:/home/beeboss/Desktop/ros_workspaces/ros2_ws/install/turtle_controller:/home/beeboss/Desktop/ros_workspaces/ros2_ws/install/my_py_pkg:/opt/ros/jazzy CONDA_PROMPT_MODIFIER=(base) DEBUGINFOD_URLS=https://debuginfod.ubuntu.com /usr/bin/cmake --build /home/beeboss/Desktop/ros_workspaces/ros2_ws/build/my_custom_interfaces -- -j20 -l20
[2.304s] DEBUG:colcon.colcon_core.event_handler.log_command:Invoked command in '/home/beeboss/Desktop/ros_workspaces/ros2_ws/build/my_custom_interfaces' returned '0': CMAKE_PREFIX_PATH=${CMAKE_PREFIX_PATH}:/home/beeboss/Desktop/ros_workspaces/ros2_ws/install/turtle_controller:/home/beeboss/Desktop/ros_workspaces/ros2_ws/install/my_py_pkg:/opt/ros/jazzy CONDA_PROMPT_MODIFIER=(base) DEBUGINFOD_URLS=https://debuginfod.ubuntu.com /usr/bin/cmake --build /home/beeboss/Desktop/ros_workspaces/ros2_ws/build/my_custom_interfaces -- -j20 -l20
[2.310s] DEBUG:colcon.colcon_core.event_handler.log_command:Invoking command in '/home/beeboss/Desktop/ros_workspaces/ros2_ws/build/my_custom_interfaces': CMAKE_PREFIX_PATH=${CMAKE_PREFIX_PATH}:/home/beeboss/Desktop/ros_workspaces/ros2_ws/install/turtle_controller:/home/beeboss/Desktop/ros_workspaces/ros2_ws/install/my_py_pkg:/opt/ros/jazzy CONDA_PROMPT_MODIFIER=(base) DEBUGINFOD_URLS=https://debuginfod.ubuntu.com /usr/bin/cmake --install /home/beeboss/Desktop/ros_workspaces/ros2_ws/build/my_custom_interfaces
[2.368s] Level 1:colcon.colcon_core.environment:create_environment_scripts_only(my_custom_interfaces)
[2.370s] DEBUG:colcon.colcon_core.event_handler.log_command:Invoked command in '/home/beeboss/Desktop/ros_workspaces/ros2_ws/build/my_custom_interfaces' returned '0': CMAKE_PREFIX_PATH=${CMAKE_PREFIX_PATH}:/home/beeboss/Desktop/ros_workspaces/ros2_ws/install/turtle_controller:/home/beeboss/Desktop/ros_workspaces/ros2_ws/install/my_py_pkg:/opt/ros/jazzy CONDA_PROMPT_MODIFIER=(base) DEBUGINFOD_URLS=https://debuginfod.ubuntu.com /usr/bin/cmake --install /home/beeboss/Desktop/ros_workspaces/ros2_ws/build/my_custom_interfaces
[2.370s] Level 1:colcon.colcon_core.environment:checking '/home/beeboss/Desktop/ros_workspaces/ros2_ws/install/my_custom_interfaces' for CMake module files
[2.371s] Level 1:colcon.colcon_core.environment:checking '/home/beeboss/Desktop/ros_workspaces/ros2_ws/install/my_custom_interfaces' for CMake config files
[2.371s] Level 1:colcon.colcon_core.shell:create_environment_hook('my_custom_interfaces', 'cmake_prefix_path')
[2.371s] INFO:colcon.colcon_core.shell:Creating environment hook '/home/beeboss/Desktop/ros_workspaces/ros2_ws/install/my_custom_interfaces/share/my_custom_interfaces/hook/cmake_prefix_path.ps1'
[2.371s] INFO:colcon.colcon_core.shell:Creating environment descriptor '/home/beeboss/Desktop/ros_workspaces/ros2_ws/install/my_custom_interfaces/share/my_custom_interfaces/hook/cmake_prefix_path.dsv'
[2.372s] INFO:colcon.colcon_core.shell:Creating environment hook '/home/beeboss/Desktop/ros_workspaces/ros2_ws/install/my_custom_interfaces/share/my_custom_interfaces/hook/cmake_prefix_path.sh'
[2.372s] Level 1:colcon.colcon_core.environment:checking '/home/beeboss/Desktop/ros_workspaces/ros2_ws/install/my_custom_interfaces/lib'
[2.372s] Level 1:colcon.colcon_core.shell:create_environment_hook('my_custom_interfaces', 'ld_library_path_lib')
[2.372s] INFO:colcon.colcon_core.shell:Creating environment hook '/home/beeboss/Desktop/ros_workspaces/ros2_ws/install/my_custom_interfaces/share/my_custom_interfaces/hook/ld_library_path_lib.ps1'
[2.372s] INFO:colcon.colcon_core.shell:Creating environment descriptor '/home/beeboss/Desktop/ros_workspaces/ros2_ws/install/my_custom_interfaces/share/my_custom_interfaces/hook/ld_library_path_lib.dsv'
[2.372s] INFO:colcon.colcon_core.shell:Creating environment hook '/home/beeboss/Desktop/ros_workspaces/ros2_ws/install/my_custom_interfaces/share/my_custom_interfaces/hook/ld_library_path_lib.sh'
[2.372s] Level 1:colcon.colcon_core.environment:checking '/home/beeboss/Desktop/ros_workspaces/ros2_ws/install/my_custom_interfaces/bin'
[2.372s] Level 1:colcon.colcon_core.environment:checking '/home/beeboss/Desktop/ros_workspaces/ros2_ws/install/my_custom_interfaces/lib/pkgconfig/my_custom_interfaces.pc'
[2.373s] Level 1:colcon.colcon_core.environment:checking '/home/beeboss/Desktop/ros_workspaces/ros2_ws/install/my_custom_interfaces/lib/python3.12/site-packages'
[2.373s] Level 1:colcon.colcon_core.shell:create_environment_hook('my_custom_interfaces', 'pythonpath')
[2.373s] INFO:colcon.colcon_core.shell:Creating environment hook '/home/beeboss/Desktop/ros_workspaces/ros2_ws/install/my_custom_interfaces/share/my_custom_interfaces/hook/pythonpath.ps1'
[2.373s] INFO:colcon.colcon_core.shell:Creating environment descriptor '/home/beeboss/Desktop/ros_workspaces/ros2_ws/install/my_custom_interfaces/share/my_custom_interfaces/hook/pythonpath.dsv'
[2.373s] INFO:colcon.colcon_core.shell:Creating environment hook '/home/beeboss/Desktop/ros_workspaces/ros2_ws/install/my_custom_interfaces/share/my_custom_interfaces/hook/pythonpath.sh'
[2.373s] Level 1:colcon.colcon_core.environment:checking '/home/beeboss/Desktop/ros_workspaces/ros2_ws/install/my_custom_interfaces/bin'
[2.373s] INFO:colcon.colcon_core.shell:Creating package script '/home/beeboss/Desktop/ros_workspaces/ros2_ws/install/my_custom_interfaces/share/my_custom_interfaces/package.ps1'
[2.374s] INFO:colcon.colcon_core.shell:Creating package descriptor '/home/beeboss/Desktop/ros_workspaces/ros2_ws/install/my_custom_interfaces/share/my_custom_interfaces/package.dsv'
[2.374s] INFO:colcon.colcon_core.shell:Creating package script '/home/beeboss/Desktop/ros_workspaces/ros2_ws/install/my_custom_interfaces/share/my_custom_interfaces/package.sh'
[2.374s] INFO:colcon.colcon_core.shell:Creating package script '/home/beeboss/Desktop/ros_workspaces/ros2_ws/install/my_custom_interfaces/share/my_custom_interfaces/package.bash'
[2.374s] INFO:colcon.colcon_core.shell:Creating package script '/home/beeboss/Desktop/ros_workspaces/ros2_ws/install/my_custom_interfaces/share/my_custom_interfaces/package.zsh'
[2.374s] Level 1:colcon.colcon_core.environment:create_file_with_runtime_dependencies(/home/beeboss/Desktop/ros_workspaces/ros2_ws/install/my_custom_interfaces/share/colcon-core/packages/my_custom_interfaces)
[2.375s] Level 1:colcon.colcon_core.environment:create_environment_scripts_only(my_custom_interfaces)
[2.375s] Level 1:colcon.colcon_core.environment:checking '/home/beeboss/Desktop/ros_workspaces/ros2_ws/install/my_custom_interfaces' for CMake module files
[2.375s] Level 1:colcon.colcon_core.environment:checking '/home/beeboss/Desktop/ros_workspaces/ros2_ws/install/my_custom_interfaces' for CMake config files
[2.375s] Level 1:colcon.colcon_core.shell:create_environment_hook('my_custom_interfaces', 'cmake_prefix_path')
[2.375s] INFO:colcon.colcon_core.shell:Creating environment hook '/home/beeboss/Desktop/ros_workspaces/ros2_ws/install/my_custom_interfaces/share/my_custom_interfaces/hook/cmake_prefix_path.ps1'
[2.375s] INFO:colcon.colcon_core.shell:Creating environment descriptor '/home/beeboss/Desktop/ros_workspaces/ros2_ws/install/my_custom_interfaces/share/my_custom_interfaces/hook/cmake_prefix_path.dsv'
[2.375s] INFO:colcon.colcon_core.shell:Creating environment hook '/home/beeboss/Desktop/ros_workspaces/ros2_ws/install/my_custom_interfaces/share/my_custom_interfaces/hook/cmake_prefix_path.sh'
[2.375s] Level 1:colcon.colcon_core.environment:checking '/home/beeboss/Desktop/ros_workspaces/ros2_ws/install/my_custom_interfaces/lib'
[2.375s] Level 1:colcon.colcon_core.shell:create_environment_hook('my_custom_interfaces', 'ld_library_path_lib')
[2.376s] INFO:colcon.colcon_core.shell:Creating environment hook '/home/beeboss/Desktop/ros_workspaces/ros2_ws/install/my_custom_interfaces/share/my_custom_interfaces/hook/ld_library_path_lib.ps1'
[2.376s] INFO:colcon.colcon_core.shell:Creating environment descriptor '/home/beeboss/Desktop/ros_workspaces/ros2_ws/install/my_custom_interfaces/share/my_custom_interfaces/hook/ld_library_path_lib.dsv'
[2.376s] INFO:colcon.colcon_core.shell:Creating environment hook '/home/beeboss/Desktop/ros_workspaces/ros2_ws/install/my_custom_interfaces/share/my_custom_interfaces/hook/ld_library_path_lib.sh'
[2.376s] Level 1:colcon.colcon_core.environment:checking '/home/beeboss/Desktop/ros_workspaces/ros2_ws/install/my_custom_interfaces/bin'
[2.376s] Level 1:colcon.colcon_core.environment:checking '/home/beeboss/Desktop/ros_workspaces/ros2_ws/install/my_custom_interfaces/lib/pkgconfig/my_custom_interfaces.pc'
[2.376s] Level 1:colcon.colcon_core.environment:checking '/home/beeboss/Desktop/ros_workspaces/ros2_ws/install/my_custom_interfaces/lib/python3.12/site-packages'
[2.376s] Level 1:colcon.colcon_core.shell:create_environment_hook('my_custom_interfaces', 'pythonpath')
[2.376s] INFO:colcon.colcon_core.shell:Creating environment hook '/home/beeboss/Desktop/ros_workspaces/ros2_ws/install/my_custom_interfaces/share/my_custom_interfaces/hook/pythonpath.ps1'
[2.376s] INFO:colcon.colcon_core.shell:Creating environment descriptor '/home/beeboss/Desktop/ros_workspaces/ros2_ws/install/my_custom_interfaces/share/my_custom_interfaces/hook/pythonpath.dsv'
[2.376s] INFO:colcon.colcon_core.shell:Creating environment hook '/home/beeboss/Desktop/ros_workspaces/ros2_ws/install/my_custom_interfaces/share/my_custom_interfaces/hook/pythonpath.sh'
[2.376s] Level 1:colcon.colcon_core.environment:checking '/home/beeboss/Desktop/ros_workspaces/ros2_ws/install/my_custom_interfaces/bin'
[2.377s] INFO:colcon.colcon_core.shell:Creating package script '/home/beeboss/Desktop/ros_workspaces/ros2_ws/install/my_custom_interfaces/share/my_custom_interfaces/package.ps1'
[2.377s] INFO:colcon.colcon_core.shell:Creating package descriptor '/home/beeboss/Desktop/ros_workspaces/ros2_ws/install/my_custom_interfaces/share/my_custom_interfaces/package.dsv'
[2.377s] INFO:colcon.colcon_core.shell:Creating package script '/home/beeboss/Desktop/ros_workspaces/ros2_ws/install/my_custom_interfaces/share/my_custom_interfaces/package.sh'
[2.377s] INFO:colcon.colcon_core.shell:Creating package script '/home/beeboss/Desktop/ros_workspaces/ros2_ws/install/my_custom_interfaces/share/my_custom_interfaces/package.bash'
[2.377s] INFO:colcon.colcon_core.shell:Creating package script '/home/beeboss/Desktop/ros_workspaces/ros2_ws/install/my_custom_interfaces/share/my_custom_interfaces/package.zsh'
[2.377s] Level 1:colcon.colcon_core.environment:create_file_with_runtime_dependencies(/home/beeboss/Desktop/ros_workspaces/ros2_ws/install/my_custom_interfaces/share/colcon-core/packages/my_custom_interfaces)
[2.377s] INFO:colcon.colcon_ros.task.ament_cmake.build:Building ROS package in '/home/beeboss/Desktop/ros_workspaces/ros2_ws/src/my_cpp_pkg' with build type 'ament_cmake'
[2.377s] INFO:colcon.colcon_cmake.task.cmake.build:Building CMake package in '/home/beeboss/Desktop/ros_workspaces/ros2_ws/src/my_cpp_pkg'
[2.378s] INFO:colcon.colcon_core.shell:Skip shell extension 'powershell' for command environment: Not usable outside of PowerShell
[2.378s] DEBUG:colcon.colcon_core.shell:Skip shell extension 'dsv' for command environment
[2.380s] INFO:colcon.colcon_ros.task.ament_python.build:Building ROS package in '/home/beeboss/Desktop/ros_workspaces/ros2_ws/src/my_py_pkg' with build type 'ament_python'
[2.380s] Level 1:colcon.colcon_core.shell:create_environment_hook('my_py_pkg', 'ament_prefix_path')
[2.380s] INFO:colcon.colcon_core.shell:Creating environment hook '/home/beeboss/Desktop/ros_workspaces/ros2_ws/install/my_py_pkg/share/my_py_pkg/hook/ament_prefix_path.ps1'
[2.380s] INFO:colcon.colcon_core.shell:Creating environment descriptor '/home/beeboss/Desktop/ros_workspaces/ros2_ws/install/my_py_pkg/share/my_py_pkg/hook/ament_prefix_path.dsv'
[2.380s] INFO:colcon.colcon_core.shell:Creating environment hook '/home/beeboss/Desktop/ros_workspaces/ros2_ws/install/my_py_pkg/share/my_py_pkg/hook/ament_prefix_path.sh'
[2.380s] INFO:colcon.colcon_core.shell:Skip shell extension 'powershell' for command environment: Not usable outside of PowerShell
[2.380s] DEBUG:colcon.colcon_core.shell:Skip shell extension 'dsv' for command environment
[2.382s] INFO:colcon.colcon_ros.task.ament_python.build:Building ROS package in '/home/beeboss/Desktop/ros_workspaces/ros2_ws/src/turtle_controller' with build type 'ament_python'
[2.382s] Level 1:colcon.colcon_core.shell:create_environment_hook('turtle_controller', 'ament_prefix_path')
[2.382s] INFO:colcon.colcon_core.shell:Creating environment hook '/home/beeboss/Desktop/ros_workspaces/ros2_ws/install/turtle_controller/share/turtle_controller/hook/ament_prefix_path.ps1'
[2.382s] INFO:colcon.colcon_core.shell:Creating environment descriptor '/home/beeboss/Desktop/ros_workspaces/ros2_ws/install/turtle_controller/share/turtle_controller/hook/ament_prefix_path.dsv'
[2.382s] INFO:colcon.colcon_core.shell:Creating environment hook '/home/beeboss/Desktop/ros_workspaces/ros2_ws/install/turtle_controller/share/turtle_controller/hook/ament_prefix_path.sh'
[2.382s] INFO:colcon.colcon_core.shell:Skip shell extension 'powershell' for command environment: Not usable outside of PowerShell
[2.382s] DEBUG:colcon.colcon_core.shell:Skip shell extension 'dsv' for command environment
[2.385s] DEBUG:colcon.colcon_core.event_handler.log_command:Invoking command in '/home/beeboss/Desktop/ros_workspaces/ros2_ws/build/my_cpp_pkg': CMAKE_PREFIX_PATH=/home/beeboss/Desktop/ros_workspaces/ros2_ws/install/my_custom_interfaces:/home/beeboss/Desktop/ros_workspaces/ros2_ws/install/my_cpp_pkg:/opt/ros/jazzy/opt/gz_math_vendor:/opt/ros/jazzy/opt/gz_utils_vendor:/opt/ros/jazzy/opt/gz_cmake_vendor:/home/beeboss/Desktop/ros_workspaces/ros2_ws/install/turtle_controller:/home/beeboss/Desktop/ros_workspaces/ros2_ws/install/my_py_pkg:/opt/ros/jazzy CONDA_PROMPT_MODIFIER=(base) DEBUGINFOD_URLS=https://debuginfod.ubuntu.com PYTHONPATH=/home/beeboss/Desktop/ros_workspaces/ros2_ws/install/my_custom_interfaces/lib/python3.12/site-packages:/home/beeboss/Desktop/ros_workspaces/ros2_ws/install/turtle_controller/lib/python3.12/site-packages:/home/beeboss/Desktop/ros_workspaces/ros2_ws/install/my_py_pkg/lib/python3.12/site-packages:/opt/ros/jazzy/lib/python3.12/site-packages /usr/bin/cmake --build /home/beeboss/Desktop/ros_workspaces/ros2_ws/build/my_cpp_pkg -- -j20 -l20
[2.531s] INFO:colcon.colcon_core.task.python.build:Building Python package in '/home/beeboss/Desktop/ros_workspaces/ros2_ws/src/my_py_pkg'
[2.531s] INFO:colcon.colcon_core.shell:Skip shell extension 'powershell' for command environment: Not usable outside of PowerShell
[2.531s] DEBUG:colcon.colcon_core.shell:Skip shell extension 'dsv' for command environment
[2.708s] INFO:colcon.colcon_core.task.python.build:Building Python package in '/home/beeboss/Desktop/ros_workspaces/ros2_ws/src/turtle_controller'
[2.709s] INFO:colcon.colcon_core.shell:Skip shell extension 'powershell' for command environment: Not usable outside of PowerShell
[2.709s] DEBUG:colcon.colcon_core.shell:Skip shell extension 'dsv' for command environment
[3.069s] DEBUG:colcon.colcon_core.event_handler.log_command:Invoking command in '/home/beeboss/Desktop/ros_workspaces/ros2_ws/src/my_py_pkg': CMAKE_PREFIX_PATH=/home/beeboss/Desktop/ros_workspaces/ros2_ws/install/my_custom_interfaces:/home/beeboss/Desktop/ros_workspaces/ros2_ws/install/my_cpp_pkg:/opt/ros/jazzy/opt/gz_math_vendor:/opt/ros/jazzy/opt/gz_utils_vendor:/opt/ros/jazzy/opt/gz_cmake_vendor CONDA_PROMPT_MODIFIER=(base) DEBUGINFOD_URLS=https://debuginfod.ubuntu.com PYTHONPATH=/home/beeboss/Desktop/ros_workspaces/ros2_ws/build/my_py_pkg/prefix_override:/usr/lib/python3/dist-packages/colcon_core/task/python/colcon_distutils_commands:/home/beeboss/Desktop/ros_workspaces/ros2_ws/install/my_py_pkg/lib/python3.12/site-packages:/home/beeboss/Desktop/ros_workspaces/ros2_ws/install/my_custom_interfaces/lib/python3.12/site-packages:/home/beeboss/Desktop/ros_workspaces/ros2_ws/install/turtle_controller/lib/python3.12/site-packages:/home/beeboss/Desktop/ros_workspaces/ros2_ws/install/my_py_pkg/lib/python3.12/site-packages:/opt/ros/jazzy/lib/python3.12/site-packages /usr/bin/python3 -W ignore:setup.py install is deprecated -W ignore:easy_install command is deprecated setup.py egg_info --egg-base ../../build/my_py_pkg build --build-base /home/beeboss/Desktop/ros_workspaces/ros2_ws/build/my_py_pkg/build install --record /home/beeboss/Desktop/ros_workspaces/ros2_ws/build/my_py_pkg/install.log --single-version-externally-managed install_data
[3.079s] DEBUG:colcon.colcon_core.event_handler.log_command:Invoking command in '/home/beeboss/Desktop/ros_workspaces/ros2_ws/src/turtle_controller': CMAKE_PREFIX_PATH=/home/beeboss/Desktop/ros_workspaces/ros2_ws/install/my_custom_interfaces:/home/beeboss/Desktop/ros_workspaces/ros2_ws/install/my_cpp_pkg:/opt/ros/jazzy/opt/gz_math_vendor:/opt/ros/jazzy/opt/gz_utils_vendor:/opt/ros/jazzy/opt/gz_cmake_vendor CONDA_PROMPT_MODIFIER=(base) DEBUGINFOD_URLS=https://debuginfod.ubuntu.com PYTHONPATH=/home/beeboss/Desktop/ros_workspaces/ros2_ws/build/turtle_controller/prefix_override:/usr/lib/python3/dist-packages/colcon_core/task/python/colcon_distutils_commands:/home/beeboss/Desktop/ros_workspaces/ros2_ws/install/turtle_controller/lib/python3.12/site-packages:/home/beeboss/Desktop/ros_workspaces/ros2_ws/install/my_custom_interfaces/lib/python3.12/site-packages:/home/beeboss/Desktop/ros_workspaces/ros2_ws/install/turtle_controller/lib/python3.12/site-packages:/home/beeboss/Desktop/ros_workspaces/ros2_ws/install/my_py_pkg/lib/python3.12/site-packages:/opt/ros/jazzy/lib/python3.12/site-packages /usr/bin/python3 -W ignore:setup.py install is deprecated -W ignore:easy_install command is deprecated setup.py egg_info --egg-base ../../build/turtle_controller build --build-base /home/beeboss/Desktop/ros_workspaces/ros2_ws/build/turtle_controller/build install --record /home/beeboss/Desktop/ros_workspaces/ros2_ws/build/turtle_controller/install.log --single-version-externally-managed install_data
[3.360s] Level 1:colcon.colcon_core.environment:checking '/home/beeboss/Desktop/ros_workspaces/ros2_ws/install/my_py_pkg' for CMake module files
[3.361s] DEBUG:colcon.colcon_core.event_handler.log_command:Invoked command in '/home/beeboss/Desktop/ros_workspaces/ros2_ws/src/my_py_pkg' returned '0': CMAKE_PREFIX_PATH=/home/beeboss/Desktop/ros_workspaces/ros2_ws/install/my_custom_interfaces:/home/beeboss/Desktop/ros_workspaces/ros2_ws/install/my_cpp_pkg:/opt/ros/jazzy/opt/gz_math_vendor:/opt/ros/jazzy/opt/gz_utils_vendor:/opt/ros/jazzy/opt/gz_cmake_vendor CONDA_PROMPT_MODIFIER=(base) DEBUGINFOD_URLS=https://debuginfod.ubuntu.com PYTHONPATH=/home/beeboss/Desktop/ros_workspaces/ros2_ws/build/my_py_pkg/prefix_override:/usr/lib/python3/dist-packages/colcon_core/task/python/colcon_distutils_commands:/home/beeboss/Desktop/ros_workspaces/ros2_ws/install/my_py_pkg/lib/python3.12/site-packages:/home/beeboss/Desktop/ros_workspaces/ros2_ws/install/my_custom_interfaces/lib/python3.12/site-packages:/home/beeboss/Desktop/ros_workspaces/ros2_ws/install/turtle_controller/lib/python3.12/site-packages:/home/beeboss/Desktop/ros_workspaces/ros2_ws/install/my_py_pkg/lib/python3.12/site-packages:/opt/ros/jazzy/lib/python3.12/site-packages /usr/bin/python3 -W ignore:setup.py install is deprecated -W ignore:easy_install command is deprecated setup.py egg_info --egg-base ../../build/my_py_pkg build --build-base /home/beeboss/Desktop/ros_workspaces/ros2_ws/build/my_py_pkg/build install --record /home/beeboss/Desktop/ros_workspaces/ros2_ws/build/my_py_pkg/install.log --single-version-externally-managed install_data
[3.361s] Level 1:colcon.colcon_core.environment:checking '/home/beeboss/Desktop/ros_workspaces/ros2_ws/install/my_py_pkg' for CMake config files
[3.362s] Level 1:colcon.colcon_core.environment:checking '/home/beeboss/Desktop/ros_workspaces/ros2_ws/install/my_py_pkg/lib'
[3.362s] Level 1:colcon.colcon_core.environment:checking '/home/beeboss/Desktop/ros_workspaces/ros2_ws/install/my_py_pkg/bin'
[3.362s] Level 1:colcon.colcon_core.environment:checking '/home/beeboss/Desktop/ros_workspaces/ros2_ws/install/my_py_pkg/lib/pkgconfig/my_py_pkg.pc'
[3.362s] Level 1:colcon.colcon_core.environment:checking '/home/beeboss/Desktop/ros_workspaces/ros2_ws/install/my_py_pkg/lib/python3.12/site-packages'
[3.362s] Level 1:colcon.colcon_core.shell:create_environment_hook('my_py_pkg', 'pythonpath')
[3.362s] INFO:colcon.colcon_core.shell:Creating environment hook '/home/beeboss/Desktop/ros_workspaces/ros2_ws/install/my_py_pkg/share/my_py_pkg/hook/pythonpath.ps1'
[3.362s] INFO:colcon.colcon_core.shell:Creating environment descriptor '/home/beeboss/Desktop/ros_workspaces/ros2_ws/install/my_py_pkg/share/my_py_pkg/hook/pythonpath.dsv'
[3.362s] INFO:colcon.colcon_core.shell:Creating environment hook '/home/beeboss/Desktop/ros_workspaces/ros2_ws/install/my_py_pkg/share/my_py_pkg/hook/pythonpath.sh'
[3.363s] Level 1:colcon.colcon_core.environment:checking '/home/beeboss/Desktop/ros_workspaces/ros2_ws/install/my_py_pkg/bin'
[3.363s] Level 1:colcon.colcon_core.environment:create_environment_scripts_only(my_py_pkg)
[3.363s] INFO:colcon.colcon_core.shell:Creating package script '/home/beeboss/Desktop/ros_workspaces/ros2_ws/install/my_py_pkg/share/my_py_pkg/package.ps1'
[3.363s] INFO:colcon.colcon_core.shell:Creating package descriptor '/home/beeboss/Desktop/ros_workspaces/ros2_ws/install/my_py_pkg/share/my_py_pkg/package.dsv'
[3.363s] INFO:colcon.colcon_core.shell:Creating package script '/home/beeboss/Desktop/ros_workspaces/ros2_ws/install/my_py_pkg/share/my_py_pkg/package.sh'
[3.363s] INFO:colcon.colcon_core.shell:Creating package script '/home/beeboss/Desktop/ros_workspaces/ros2_ws/install/my_py_pkg/share/my_py_pkg/package.bash'
[3.363s] INFO:colcon.colcon_core.shell:Creating package script '/home/beeboss/Desktop/ros_workspaces/ros2_ws/install/my_py_pkg/share/my_py_pkg/package.zsh'
[3.363s] Level 1:colcon.colcon_core.environment:create_file_with_runtime_dependencies(/home/beeboss/Desktop/ros_workspaces/ros2_ws/install/my_py_pkg/share/colcon-core/packages/my_py_pkg)
[3.395s] Level 1:colcon.colcon_core.environment:checking '/home/beeboss/Desktop/ros_workspaces/ros2_ws/install/turtle_controller' for CMake module files
[3.395s] DEBUG:colcon.colcon_core.event_handler.log_command:Invoked command in '/home/beeboss/Desktop/ros_workspaces/ros2_ws/src/turtle_controller' returned '0': CMAKE_PREFIX_PATH=/home/beeboss/Desktop/ros_workspaces/ros2_ws/install/my_custom_interfaces:/home/beeboss/Desktop/ros_workspaces/ros2_ws/install/my_cpp_pkg:/opt/ros/jazzy/opt/gz_math_vendor:/opt/ros/jazzy/opt/gz_utils_vendor:/opt/ros/jazzy/opt/gz_cmake_vendor CONDA_PROMPT_MODIFIER=(base) DEBUGINFOD_URLS=https://debuginfod.ubuntu.com PYTHONPATH=/home/beeboss/Desktop/ros_workspaces/ros2_ws/build/turtle_controller/prefix_override:/usr/lib/python3/dist-packages/colcon_core/task/python/colcon_distutils_commands:/home/beeboss/Desktop/ros_workspaces/ros2_ws/install/turtle_controller/lib/python3.12/site-packages:/home/beeboss/Desktop/ros_workspaces/ros2_ws/install/my_custom_interfaces/lib/python3.12/site-packages:/home/beeboss/Desktop/ros_workspaces/ros2_ws/install/turtle_controller/lib/python3.12/site-packages:/home/beeboss/Desktop/ros_workspaces/ros2_ws/install/my_py_pkg/lib/python3.12/site-packages:/opt/ros/jazzy/lib/python3.12/site-packages /usr/bin/python3 -W ignore:setup.py install is deprecated -W ignore:easy_install command is deprecated setup.py egg_info --egg-base ../../build/turtle_controller build --build-base /home/beeboss/Desktop/ros_workspaces/ros2_ws/build/turtle_controller/build install --record /home/beeboss/Desktop/ros_workspaces/ros2_ws/build/turtle_controller/install.log --single-version-externally-managed install_data
[3.395s] Level 1:colcon.colcon_core.environment:checking '/home/beeboss/Desktop/ros_workspaces/ros2_ws/install/turtle_controller' for CMake config files
[3.396s] Level 1:colcon.colcon_core.environment:checking '/home/beeboss/Desktop/ros_workspaces/ros2_ws/install/turtle_controller/lib'
[3.396s] Level 1:colcon.colcon_core.environment:checking '/home/beeboss/Desktop/ros_workspaces/ros2_ws/install/turtle_controller/bin'
[3.396s] Level 1:colcon.colcon_core.environment:checking '/home/beeboss/Desktop/ros_workspaces/ros2_ws/install/turtle_controller/lib/pkgconfig/turtle_controller.pc'
[3.396s] Level 1:colcon.colcon_core.environment:checking '/home/beeboss/Desktop/ros_workspaces/ros2_ws/install/turtle_controller/lib/python3.12/site-packages'
[3.396s] Level 1:colcon.colcon_core.shell:create_environment_hook('turtle_controller', 'pythonpath')
[3.396s] INFO:colcon.colcon_core.shell:Creating environment hook '/home/beeboss/Desktop/ros_workspaces/ros2_ws/install/turtle_controller/share/turtle_controller/hook/pythonpath.ps1'
[3.396s] INFO:colcon.colcon_core.shell:Creating environment descriptor '/home/beeboss/Desktop/ros_workspaces/ros2_ws/install/turtle_controller/share/turtle_controller/hook/pythonpath.dsv'
[3.396s] INFO:colcon.colcon_core.shell:Creating environment hook '/home/beeboss/Desktop/ros_workspaces/ros2_ws/install/turtle_controller/share/turtle_controller/hook/pythonpath.sh'
[3.397s] Level 1:colcon.colcon_core.environment:checking '/home/beeboss/Desktop/ros_workspaces/ros2_ws/install/turtle_controller/bin'
[3.397s] Level 1:colcon.colcon_core.environment:create_environment_scripts_only(turtle_controller)
[3.397s] INFO:colcon.colcon_core.shell:Creating package script '/home/beeboss/Desktop/ros_workspaces/ros2_ws/install/turtle_controller/share/turtle_controller/package.ps1'
[3.397s] INFO:colcon.colcon_core.shell:Creating package descriptor '/home/beeboss/Desktop/ros_workspaces/ros2_ws/install/turtle_controller/share/turtle_controller/package.dsv'
[3.397s] INFO:colcon.colcon_core.shell:Creating package script '/home/beeboss/Desktop/ros_workspaces/ros2_ws/install/turtle_controller/share/turtle_controller/package.sh'
[3.397s] INFO:colcon.colcon_core.shell:Creating package script '/home/beeboss/Desktop/ros_workspaces/ros2_ws/install/turtle_controller/share/turtle_controller/package.bash'
[3.397s] INFO:colcon.colcon_core.shell:Creating package script '/home/beeboss/Desktop/ros_workspaces/ros2_ws/install/turtle_controller/share/turtle_controller/package.zsh'
[3.397s] Level 1:colcon.colcon_core.environment:create_file_with_runtime_dependencies(/home/beeboss/Desktop/ros_workspaces/ros2_ws/install/turtle_controller/share/colcon-core/packages/turtle_controller)
[6.640s] DEBUG:colcon.colcon_core.event_handler.log_command:Invoked command in '/home/beeboss/Desktop/ros_workspaces/ros2_ws/build/my_cpp_pkg' returned '0': CMAKE_PREFIX_PATH=/home/beeboss/Desktop/ros_workspaces/ros2_ws/install/my_custom_interfaces:/home/beeboss/Desktop/ros_workspaces/ros2_ws/install/my_cpp_pkg:/opt/ros/jazzy/opt/gz_math_vendor:/opt/ros/jazzy/opt/gz_utils_vendor:/opt/ros/jazzy/opt/gz_cmake_vendor:/home/beeboss/Desktop/ros_workspaces/ros2_ws/install/turtle_controller:/home/beeboss/Desktop/ros_workspaces/ros2_ws/install/my_py_pkg:/opt/ros/jazzy CONDA_PROMPT_MODIFIER=(base) DEBUGINFOD_URLS=https://debuginfod.ubuntu.com PYTHONPATH=/home/beeboss/Desktop/ros_workspaces/ros2_ws/install/my_custom_interfaces/lib/python3.12/site-packages:/home/beeboss/Desktop/ros_workspaces/ros2_ws/install/turtle_controller/lib/python3.12/site-packages:/home/beeboss/Desktop/ros_workspaces/ros2_ws/install/my_py_pkg/lib/python3.12/site-packages:/opt/ros/jazzy/lib/python3.12/site-packages /usr/bin/cmake --build /home/beeboss/Desktop/ros_workspaces/ros2_ws/build/my_cpp_pkg -- -j20 -l20
[6.641s] DEBUG:colcon.colcon_core.event_handler.log_command:Invoking command in '/home/beeboss/Desktop/ros_workspaces/ros2_ws/build/my_cpp_pkg': CMAKE_PREFIX_PATH=/home/beeboss/Desktop/ros_workspaces/ros2_ws/install/my_custom_interfaces:/home/beeboss/Desktop/ros_workspaces/ros2_ws/install/my_cpp_pkg:/opt/ros/jazzy/opt/gz_math_vendor:/opt/ros/jazzy/opt/gz_utils_vendor:/opt/ros/jazzy/opt/gz_cmake_vendor:/home/beeboss/Desktop/ros_workspaces/ros2_ws/install/turtle_controller:/home/beeboss/Desktop/ros_workspaces/ros2_ws/install/my_py_pkg:/opt/ros/jazzy CONDA_PROMPT_MODIFIER=(base) DEBUGINFOD_URLS=https://debuginfod.ubuntu.com PYTHONPATH=/home/beeboss/Desktop/ros_workspaces/ros2_ws/install/my_custom_interfaces/lib/python3.12/site-packages:/home/beeboss/Desktop/ros_workspaces/ros2_ws/install/turtle_controller/lib/python3.12/site-packages:/home/beeboss/Desktop/ros_workspaces/ros2_ws/install/my_py_pkg/lib/python3.12/site-packages:/opt/ros/jazzy/lib/python3.12/site-packages /usr/bin/cmake --install /home/beeboss/Desktop/ros_workspaces/ros2_ws/build/my_cpp_pkg
[6.655s] Level 1:colcon.colcon_core.environment:create_environment_scripts_only(my_cpp_pkg)
[6.655s] Level 1:colcon.colcon_core.environment:checking '/home/beeboss/Desktop/ros_workspaces/ros2_ws/install/my_cpp_pkg' for CMake module files
[6.655s] DEBUG:colcon.colcon_core.event_handler.log_command:Invoked command in '/home/beeboss/Desktop/ros_workspaces/ros2_ws/build/my_cpp_pkg' returned '0': CMAKE_PREFIX_PATH=/home/beeboss/Desktop/ros_workspaces/ros2_ws/install/my_custom_interfaces:/home/beeboss/Desktop/ros_workspaces/ros2_ws/install/my_cpp_pkg:/opt/ros/jazzy/opt/gz_math_vendor:/opt/ros/jazzy/opt/gz_utils_vendor:/opt/ros/jazzy/opt/gz_cmake_vendor:/home/beeboss/Desktop/ros_workspaces/ros2_ws/install/turtle_controller:/home/beeboss/Desktop/ros_workspaces/ros2_ws/install/my_py_pkg:/opt/ros/jazzy CONDA_PROMPT_MODIFIER=(base) DEBUGINFOD_URLS=https://debuginfod.ubuntu.com PYTHONPATH=/home/beeboss/Desktop/ros_workspaces/ros2_ws/install/my_custom_interfaces/lib/python3.12/site-packages:/home/beeboss/Desktop/ros_workspaces/ros2_ws/install/turtle_controller/lib/python3.12/site-packages:/home/beeboss/Desktop/ros_workspaces/ros2_ws/install/my_py_pkg/lib/python3.12/site-packages:/opt/ros/jazzy/lib/python3.12/site-packages /usr/bin/cmake --install /home/beeboss/Desktop/ros_workspaces/ros2_ws/build/my_cpp_pkg
[6.655s] Level 1:colcon.colcon_core.environment:checking '/home/beeboss/Desktop/ros_workspaces/ros2_ws/install/my_cpp_pkg' for CMake config files
[6.656s] Level 1:colcon.colcon_core.shell:create_environment_hook('my_cpp_pkg', 'cmake_prefix_path')
[6.656s] INFO:colcon.colcon_core.shell:Creating environment hook '/home/beeboss/Desktop/ros_workspaces/ros2_ws/install/my_cpp_pkg/share/my_cpp_pkg/hook/cmake_prefix_path.ps1'
[6.656s] INFO:colcon.colcon_core.shell:Creating environment descriptor '/home/beeboss/Desktop/ros_workspaces/ros2_ws/install/my_cpp_pkg/share/my_cpp_pkg/hook/cmake_prefix_path.dsv'
[6.656s] INFO:colcon.colcon_core.shell:Creating environment hook '/home/beeboss/Desktop/ros_workspaces/ros2_ws/install/my_cpp_pkg/share/my_cpp_pkg/hook/cmake_prefix_path.sh'
[6.656s] Level 1:colcon.colcon_core.environment:checking '/home/beeboss/Desktop/ros_workspaces/ros2_ws/install/my_cpp_pkg/lib'
[6.656s] Level 1:colcon.colcon_core.environment:checking '/home/beeboss/Desktop/ros_workspaces/ros2_ws/install/my_cpp_pkg/bin'
[6.656s] Level 1:colcon.colcon_core.environment:checking '/home/beeboss/Desktop/ros_workspaces/ros2_ws/install/my_cpp_pkg/lib/pkgconfig/my_cpp_pkg.pc'
[6.656s] Level 1:colcon.colcon_core.environment:checking '/home/beeboss/Desktop/ros_workspaces/ros2_ws/install/my_cpp_pkg/lib/python3.12/site-packages'
[6.657s] Level 1:colcon.colcon_core.environment:checking '/home/beeboss/Desktop/ros_workspaces/ros2_ws/install/my_cpp_pkg/bin'
[6.657s] INFO:colcon.colcon_core.shell:Creating package script '/home/beeboss/Desktop/ros_workspaces/ros2_ws/install/my_cpp_pkg/share/my_cpp_pkg/package.ps1'
[6.657s] INFO:colcon.colcon_core.shell:Creating package descriptor '/home/beeboss/Desktop/ros_workspaces/ros2_ws/install/my_cpp_pkg/share/my_cpp_pkg/package.dsv'
[6.657s] INFO:colcon.colcon_core.shell:Creating package script '/home/beeboss/Desktop/ros_workspaces/ros2_ws/install/my_cpp_pkg/share/my_cpp_pkg/package.sh'
[6.657s] INFO:colcon.colcon_core.shell:Creating package script '/home/beeboss/Desktop/ros_workspaces/ros2_ws/install/my_cpp_pkg/share/my_cpp_pkg/package.bash'
[6.657s] INFO:colcon.colcon_core.shell:Creating package script '/home/beeboss/Desktop/ros_workspaces/ros2_ws/install/my_cpp_pkg/share/my_cpp_pkg/package.zsh'
[6.657s] Level 1:colcon.colcon_core.environment:create_file_with_runtime_dependencies(/home/beeboss/Desktop/ros_workspaces/ros2_ws/install/my_cpp_pkg/share/colcon-core/packages/my_cpp_pkg)
[6.658s] Level 1:colcon.colcon_core.environment:create_environment_scripts_only(my_cpp_pkg)
[6.658s] Level 1:colcon.colcon_core.environment:checking '/home/beeboss/Desktop/ros_workspaces/ros2_ws/install/my_cpp_pkg' for CMake module files
[6.658s] Level 1:colcon.colcon_core.environment:checking '/home/beeboss/Desktop/ros_workspaces/ros2_ws/install/my_cpp_pkg' for CMake config files
[6.658s] Level 1:colcon.colcon_core.shell:create_environment_hook('my_cpp_pkg', 'cmake_prefix_path')
[6.658s] INFO:colcon.colcon_core.shell:Creating environment hook '/home/beeboss/Desktop/ros_workspaces/ros2_ws/install/my_cpp_pkg/share/my_cpp_pkg/hook/cmake_prefix_path.ps1'
[6.658s] INFO:colcon.colcon_core.shell:Creating environment descriptor '/home/beeboss/Desktop/ros_workspaces/ros2_ws/install/my_cpp_pkg/share/my_cpp_pkg/hook/cmake_prefix_path.dsv'
[6.658s] INFO:colcon.colcon_core.shell:Creating environment hook '/home/beeboss/Desktop/ros_workspaces/ros2_ws/install/my_cpp_pkg/share/my_cpp_pkg/hook/cmake_prefix_path.sh'
[6.658s] Level 1:colcon.colcon_core.environment:checking '/home/beeboss/Desktop/ros_workspaces/ros2_ws/install/my_cpp_pkg/lib'
[6.658s] Level 1:colcon.colcon_core.environment:checking '/home/beeboss/Desktop/ros_workspaces/ros2_ws/install/my_cpp_pkg/bin'
[6.658s] Level 1:colcon.colcon_core.environment:checking '/home/beeboss/Desktop/ros_workspaces/ros2_ws/install/my_cpp_pkg/lib/pkgconfig/my_cpp_pkg.pc'
[6.658s] Level 1:colcon.colcon_core.environment:checking '/home/beeboss/Desktop/ros_workspaces/ros2_ws/install/my_cpp_pkg/lib/python3.12/site-packages'
[6.659s] Level 1:colcon.colcon_core.environment:checking '/home/beeboss/Desktop/ros_workspaces/ros2_ws/install/my_cpp_pkg/bin'
[6.659s] INFO:colcon.colcon_core.shell:Creating package script '/home/beeboss/Desktop/ros_workspaces/ros2_ws/install/my_cpp_pkg/share/my_cpp_pkg/package.ps1'
[6.659s] INFO:colcon.colcon_core.shell:Creating package descriptor '/home/beeboss/Desktop/ros_workspaces/ros2_ws/install/my_cpp_pkg/share/my_cpp_pkg/package.dsv'
[6.659s] INFO:colcon.colcon_core.shell:Creating package script '/home/beeboss/Desktop/ros_workspaces/ros2_ws/install/my_cpp_pkg/share/my_cpp_pkg/package.sh'
[6.659s] INFO:colcon.colcon_core.shell:Creating package script '/home/beeboss/Desktop/ros_workspaces/ros2_ws/install/my_cpp_pkg/share/my_cpp_pkg/package.bash'
[6.659s] INFO:colcon.colcon_core.shell:Creating package script '/home/beeboss/Desktop/ros_workspaces/ros2_ws/install/my_cpp_pkg/share/my_cpp_pkg/package.zsh'
[6.659s] Level 1:colcon.colcon_core.environment:create_file_with_runtime_dependencies(/home/beeboss/Desktop/ros_workspaces/ros2_ws/install/my_cpp_pkg/share/colcon-core/packages/my_cpp_pkg)
[6.659s] DEBUG:colcon.colcon_parallel_executor.executor.parallel:closing loop
[6.660s] DEBUG:colcon.colcon_parallel_executor.executor.parallel:loop closed
[6.660s] DEBUG:colcon.colcon_parallel_executor.executor.parallel:run_until_complete finished with '0'
[6.660s] DEBUG:colcon.colcon_core.event_reactor:joining thread
[6.666s] INFO:colcon.colcon_core.plugin_system:Skipping extension 'colcon_notification.desktop_notification.terminal_notifier': Not used on non-Darwin systems
[6.666s] INFO:colcon.colcon_core.plugin_system:Skipping extension 'colcon_notification.desktop_notification.win32': Not used on non-Windows systems
[6.666s] INFO:colcon.colcon_notification.desktop_notification:Sending desktop notification using 'notify2'
[6.707s] DEBUG:colcon.colcon_core.event_reactor:joined thread
[6.707s] INFO:colcon.colcon_core.shell:Creating prefix script '/home/beeboss/Desktop/ros_workspaces/ros2_ws/install/local_setup.ps1'
[6.707s] INFO:colcon.colcon_core.shell:Creating prefix util module '/home/beeboss/Desktop/ros_workspaces/ros2_ws/install/_local_setup_util_ps1.py'
[6.708s] INFO:colcon.colcon_core.shell:Creating prefix chain script '/home/beeboss/Desktop/ros_workspaces/ros2_ws/install/setup.ps1'
[6.708s] INFO:colcon.colcon_core.shell:Creating prefix script '/home/beeboss/Desktop/ros_workspaces/ros2_ws/install/local_setup.sh'
[6.708s] INFO:colcon.colcon_core.shell:Creating prefix util module '/home/beeboss/Desktop/ros_workspaces/ros2_ws/install/_local_setup_util_sh.py'
[6.709s] INFO:colcon.colcon_core.shell:Creating prefix chain script '/home/beeboss/Desktop/ros_workspaces/ros2_ws/install/setup.sh'
[6.709s] INFO:colcon.colcon_core.shell:Creating prefix script '/home/beeboss/Desktop/ros_workspaces/ros2_ws/install/local_setup.bash'
[6.709s] INFO:colcon.colcon_core.shell:Creating prefix chain script '/home/beeboss/Desktop/ros_workspaces/ros2_ws/install/setup.bash'
[6.710s] INFO:colcon.colcon_core.shell:Creating prefix script '/home/beeboss/Desktop/ros_workspaces/ros2_ws/install/local_setup.zsh'
[6.710s] INFO:colcon.colcon_core.shell:Creating prefix chain script '/home/beeboss/Desktop/ros_workspaces/ros2_ws/install/setup.zsh'
