[0.509s] Invoking command in '/home/beeboss/Desktop/ros_workspaces/ros2_ws/src/turtle_controller': CONDA_PROMPT_MODIFIER=(base) DEBUGINFOD_URLS=https://debuginfod.ubuntu.com PYTHONPATH=/home/beeboss/Desktop/ros_workspaces/ros2_ws/build/turtle_controller/prefix_override:/usr/lib/python3/dist-packages/colcon_core/task/python/colcon_distutils_commands:/home/beeboss/Desktop/ros_workspaces/ros2_ws/install/turtle_controller/lib/python3.12/site-packages:${PYTHONPATH} /usr/bin/python3 -W ignore:setup.py install is deprecated -W ignore:easy_install command is deprecated setup.py egg_info --egg-base ../../build/turtle_controller build --build-base /home/beeboss/Desktop/ros_workspaces/ros2_ws/build/turtle_controller/build install --record /home/beeboss/Desktop/ros_workspaces/ros2_ws/build/turtle_controller/install.log --single-version-externally-managed install_data
[0.670s] running egg_info
[0.677s] writing ../../build/turtle_controller/turtle_controller.egg-info/PKG-INFO
[0.677s] writing dependency_links to ../../build/turtle_controller/turtle_controller.egg-info/dependency_links.txt
[0.677s] writing entry points to ../../build/turtle_controller/turtle_controller.egg-info/entry_points.txt
[0.677s] writing requirements to ../../build/turtle_controller/turtle_controller.egg-info/requires.txt
[0.677s] writing top-level names to ../../build/turtle_controller/turtle_controller.egg-info/top_level.txt
[0.693s] reading manifest file '../../build/turtle_controller/turtle_controller.egg-info/SOURCES.txt'
[0.693s] writing manifest file '../../build/turtle_controller/turtle_controller.egg-info/SOURCES.txt'
[0.693s] running build
[0.693s] running build_py
[0.693s] running install
[0.696s] running install_lib
[0.705s] running install_data
[0.705s] running install_egg_info
[0.713s] removing '/home/beeboss/Desktop/ros_workspaces/ros2_ws/install/turtle_controller/lib/python3.12/site-packages/turtle_controller-0.0.0-py3.12.egg-info' (and everything under it)
[0.713s] Copying ../../build/turtle_controller/turtle_controller.egg-info to /home/beeboss/Desktop/ros_workspaces/ros2_ws/install/turtle_controller/lib/python3.12/site-packages/turtle_controller-0.0.0-py3.12.egg-info
[0.714s] running install_scripts
[0.779s] Installing turtle_controller script to /home/beeboss/Desktop/ros_workspaces/ros2_ws/install/turtle_controller/lib/turtle_controller
[0.779s] writing list of installed files to '/home/beeboss/Desktop/ros_workspaces/ros2_ws/build/turtle_controller/install.log'
[0.798s] Invoked command in '/home/beeboss/Desktop/ros_workspaces/ros2_ws/src/turtle_controller' returned '0': CONDA_PROMPT_MODIFIER=(base) DEBUGINFOD_URLS=https://debuginfod.ubuntu.com PYTHONPATH=/home/beeboss/Desktop/ros_workspaces/ros2_ws/build/turtle_controller/prefix_override:/usr/lib/python3/dist-packages/colcon_core/task/python/colcon_distutils_commands:/home/beeboss/Desktop/ros_workspaces/ros2_ws/install/turtle_controller/lib/python3.12/site-packages:${PYTHONPATH} /usr/bin/python3 -W ignore:setup.py install is deprecated -W ignore:easy_install command is deprecated setup.py egg_info --egg-base ../../build/turtle_controller build --build-base /home/beeboss/Desktop/ros_workspaces/ros2_ws/build/turtle_controller/build install --record /home/beeboss/Desktop/ros_workspaces/ros2_ws/build/turtle_controller/install.log --single-version-externally-managed install_data
