[01m[K/home/beeboss/Desktop/ros_workspaces/ros2_ws/src/my_cpp_pkg/src/reset_counter_client.cpp:[m[K In constructor ‘[01m[KResetCounterClientNode::[01;32m[KResetCounterClientNode[m[K()[m[K’:
[01m[K/home/beeboss/Desktop/ros_workspaces/ros2_ws/src/my_cpp_pkg/src/reset_counter_client.cpp:12:9:[m[K [01;31m[Kerror: [m[K‘[01m[Kclient_[m[K’ was not declared in this scope
   12 |         [01;31m[Kclient_[m[K = this->create_client<ResetCounter>("reset_counter");
      |         [01;31m[K^~~~~~~[m[K
[01m[K/home/beeboss/Desktop/ros_workspaces/ros2_ws/src/my_cpp_pkg/src/reset_counter_client.cpp:[m[K In member function ‘[01m[Kvoid ResetCounterClientNode::[01;32m[KcallResetCounter[m[K(int)[m[K’:
[01m[K/home/beeboss/Desktop/ros_workspaces/ros2_ws/src/my_cpp_pkg/src/reset_counter_client.cpp:16:17:[m[K [01;31m[Kerror: [m[K‘[01m[Kclient_[m[K’ was not declared in this scope
   16 |         while (![01;31m[Kclient_[m[K->wait_for_service(1s)) {
      |                 [01;31m[K^~~~~~~[m[K
[01m[K/home/beeboss/Desktop/ros_workspaces/ros2_ws/src/my_cpp_pkg/src/reset_counter_client.cpp:21:9:[m[K [01;31m[Kerror: [m[K‘[01m[Kclient_[m[K’ was not declared in this scope
   21 |         [01;31m[Kclient_[m[K->async_send_request(request, std::bind(&ResetCounterClientNode::responseCallback, this, _1));
      |         [01;31m[K^~~~~~~[m[K
[01m[K/home/beeboss/Desktop/ros_workspaces/ros2_ws/src/my_cpp_pkg/src/reset_counter_client.cpp:[m[K In function ‘[01m[Kint[01;32m[K main[m[K(int, char**)[m[K’:
[01m[K/home/beeboss/Desktop/ros_workspaces/ros2_ws/src/my_cpp_pkg/src/reset_counter_client.cpp:37:34:[m[K [01;31m[Kerror: [m[K‘[01m[KMyCustomNode[m[K’ was not declared in this scope
   37 |     auto node = std::make_shared<[01;31m[KMyCustomNode[m[K>();
      |                                  [01;31m[K^~~~~~~~~~~~[m[K
[01m[K/home/beeboss/Desktop/ros_workspaces/ros2_ws/src/my_cpp_pkg/src/reset_counter_client.cpp:37:47:[m[K [01;31m[Kerror: [m[Kno matching function for call to ‘[01m[Kmake_shared<<expression error> >()[m[K’
   37 |     auto node = [01;31m[Kstd::make_shared<MyCustomNode>()[m[K;
      |                 [01;31m[K~~~~~~~~~~~~~~~~~~~~~~~~~~~~~~^~[m[K
In file included from [01m[K/usr/include/c++/13/memory:80[m[K,
                 from [01m[K/opt/ros/jazzy/include/rclcpp/rclcpp/rclcpp.hpp:169[m[K,
                 from [01m[K/home/beeboss/Desktop/ros_workspaces/ros2_ws/src/my_cpp_pkg/src/reset_counter_client.cpp:1[m[K:
[01m[K/usr/include/c++/13/bits/shared_ptr.h:1005:5:[m[K [01;36m[Knote: [m[Kcandidate: ‘[01m[Ktemplate<class _Tp, class ... _Args> std::shared_ptr<typename std::enable_if<(! std::is_array< <template-parameter-1-1> >::value), _Tp>::type> std::[01;32m[Kmake_shared[m[K(_Args&& ...)[m[K’
 1005 |     [01;36m[Kmake_shared[m[K(_Args&&... __args)
      |     [01;36m[K^~~~~~~~~~~[m[K
[01m[K/usr/include/c++/13/bits/shared_ptr.h:1005:5:[m[K [01;36m[Knote: [m[K  template argument deduction/substitution failed:
[01m[K/home/beeboss/Desktop/ros_workspaces/ros2_ws/src/my_cpp_pkg/src/reset_counter_client.cpp:37:47:[m[K [01;31m[Kerror: [m[Ktemplate argument 1 is invalid
   37 |     auto node = [01;31m[Kstd::make_shared<MyCustomNode>()[m[K;
      |                 [01;31m[K~~~~~~~~~~~~~~~~~~~~~~~~~~~~~~^~[m[K
gmake[2]: *** [CMakeFiles/reset_counter_client.dir/build.make:76: CMakeFiles/reset_counter_client.dir/src/reset_counter_client.cpp.o] Error 1
gmake[1]: *** [CMakeFiles/Makefile2:221: CMakeFiles/reset_counter_client.dir/all] Error 2
gmake: *** [Makefile:146: all] Error 2
