[0.007s] Invoking command in '/home/beeboss/Desktop/ros_workspaces/ros2_ws/build/my_cpp_pkg': CMAKE_PREFIX_PATH=/home/beeboss/Desktop/ros_workspaces/ros2_ws/install/my_custom_interfaces:/home/beeboss/Desktop/ros_workspaces/ros2_ws/install/my_cpp_pkg:/opt/ros/jazzy/opt/gz_math_vendor:/opt/ros/jazzy/opt/gz_utils_vendor:/opt/ros/jazzy/opt/gz_cmake_vendor:/home/beeboss/Desktop/ros_workspaces/ros2_ws/install/turtle_controller:/home/beeboss/Desktop/ros_workspaces/ros2_ws/install/my_py_pkg:/opt/ros/jazzy CONDA_PROMPT_MODIFIER=(base) DEBUGINFOD_URLS=https://debuginfod.ubuntu.com PYTHONPATH=/home/beeboss/Desktop/ros_workspaces/ros2_ws/install/my_custom_interfaces/lib/python3.12/site-packages:/home/beeboss/Desktop/ros_workspaces/ros2_ws/install/turtle_controller/lib/python3.12/site-packages:/home/beeboss/Desktop/ros_workspaces/ros2_ws/install/my_py_pkg/lib/python3.12/site-packages:/opt/ros/jazzy/lib/python3.12/site-packages /usr/bin/cmake --build /home/beeboss/Desktop/ros_workspaces/ros2_ws/build/my_cpp_pkg -- -j20 -l20
[0.021s] -- Found ament_cmake: 2.5.6 (/opt/ros/jazzy/share/ament_cmake/cmake)
[0.177s] -- Found rclcpp: 28.1.18 (/opt/ros/jazzy/share/rclcpp/cmake)
[0.189s] -- Found rosidl_generator_c: 4.6.7 (/opt/ros/jazzy/share/rosidl_generator_c/cmake)
[0.193s] -- Found rosidl_generator_cpp: 4.6.7 (/opt/ros/jazzy/share/rosidl_generator_cpp/cmake)
[0.198s] -- Using all available rosidl_typesupport_c: rosidl_typesupport_fastrtps_c;rosidl_typesupport_introspection_c
[0.203s] -- Using all available rosidl_typesupport_cpp: rosidl_typesupport_fastrtps_cpp;rosidl_typesupport_introspection_cpp
[0.227s] -- Found rmw_implementation_cmake: 7.3.3 (/opt/ros/jazzy/share/rmw_implementation_cmake/cmake)
[0.227s] -- Found rmw_fastrtps_cpp: 8.4.3 (/opt/ros/jazzy/share/rmw_fastrtps_cpp/cmake)
[0.261s] -- Using RMW implementation 'rmw_fastrtps_cpp' as default
[0.285s] -- Found example_interfaces: 0.12.0 (/opt/ros/jazzy/share/example_interfaces/cmake)
[0.305s] -- Found sensor_msgs: 5.3.7 (/opt/ros/jazzy/share/sensor_msgs/cmake)
[0.325s] -- Found my_custom_interfaces: 0.0.0 (/home/beeboss/Desktop/ros_workspaces/ros2_ws/install/my_custom_interfaces/share/my_custom_interfaces/cmake)
[0.333s] -- Found ament_lint_auto: 0.17.5 (/opt/ros/jazzy/share/ament_lint_auto/cmake)
[0.393s] -- Added test 'cppcheck' to perform static code analysis on C / C++ code
[0.393s] -- Configured cppcheck include dirs: 
[0.393s] -- Configured cppcheck exclude dirs and/or files: 
[0.393s] -- Added test 'lint_cmake' to check CMake code style
[0.394s] -- Added test 'uncrustify' to check C / C++ code style
[0.394s] -- Configured uncrustify additional arguments: 
[0.394s] -- Added test 'xmllint' to check XML markup files
[0.394s] -- Configuring done (0.4s)
[0.406s] -- Generating done (0.0s)
[0.410s] -- Build files have been written to: /home/beeboss/Desktop/ros_workspaces/ros2_ws/build/my_cpp_pkg
[0.434s] [ 12%] [32mBuilding CXX object CMakeFiles/reset_counter_client.dir/src/reset_counter_client.cpp.o[0m
[0.439s] [ 37%] Built target test_node
[0.441s] [ 62%] Built target number_publisher
[0.443s] [ 87%] Built target number_counter
[1.413s] [01m[K/home/beeboss/Desktop/ros_workspaces/ros2_ws/src/my_cpp_pkg/src/reset_counter_client.cpp:[m[K In constructor ‘[01m[KResetCounterClientNode::[01;32m[KResetCounterClientNode[m[K()[m[K’:
[1.413s] [01m[K/home/beeboss/Desktop/ros_workspaces/ros2_ws/src/my_cpp_pkg/src/reset_counter_client.cpp:12:9:[m[K [01;31m[Kerror: [m[K‘[01m[Kclient_[m[K’ was not declared in this scope
[1.413s]    12 |         [01;31m[Kclient_[m[K = this->create_client<ResetCounter>("reset_counter");
[1.413s]       |         [01;31m[K^~~~~~~[m[K
[1.416s] [01m[K/home/beeboss/Desktop/ros_workspaces/ros2_ws/src/my_cpp_pkg/src/reset_counter_client.cpp:[m[K In member function ‘[01m[Kvoid ResetCounterClientNode::[01;32m[KcallResetCounter[m[K(int)[m[K’:
[1.416s] [01m[K/home/beeboss/Desktop/ros_workspaces/ros2_ws/src/my_cpp_pkg/src/reset_counter_client.cpp:16:17:[m[K [01;31m[Kerror: [m[K‘[01m[Kclient_[m[K’ was not declared in this scope
[1.417s]    16 |         while (![01;31m[Kclient_[m[K->wait_for_service(1s)) {
[1.417s]       |                 [01;31m[K^~~~~~~[m[K
[1.421s] [01m[K/home/beeboss/Desktop/ros_workspaces/ros2_ws/src/my_cpp_pkg/src/reset_counter_client.cpp:21:9:[m[K [01;31m[Kerror: [m[K‘[01m[Kclient_[m[K’ was not declared in this scope
[1.421s]    21 |         [01;31m[Kclient_[m[K->async_send_request(request, std::bind(&ResetCounterClientNode::responseCallback, this, _1));
[1.421s]       |         [01;31m[K^~~~~~~[m[K
[1.427s] [01m[K/home/beeboss/Desktop/ros_workspaces/ros2_ws/src/my_cpp_pkg/src/reset_counter_client.cpp:[m[K In function ‘[01m[Kint[01;32m[K main[m[K(int, char**)[m[K’:
[1.427s] [01m[K/home/beeboss/Desktop/ros_workspaces/ros2_ws/src/my_cpp_pkg/src/reset_counter_client.cpp:37:34:[m[K [01;31m[Kerror: [m[K‘[01m[KMyCustomNode[m[K’ was not declared in this scope
[1.427s]    37 |     auto node = std::make_shared<[01;31m[KMyCustomNode[m[K>();
[1.427s]       |                                  [01;31m[K^~~~~~~~~~~~[m[K
[1.427s] [01m[K/home/beeboss/Desktop/ros_workspaces/ros2_ws/src/my_cpp_pkg/src/reset_counter_client.cpp:37:47:[m[K [01;31m[Kerror: [m[Kno matching function for call to ‘[01m[Kmake_shared<<expression error> >()[m[K’
[1.428s]    37 |     auto node = [01;31m[Kstd::make_shared<MyCustomNode>()[m[K;
[1.428s]       |                 [01;31m[K~~~~~~~~~~~~~~~~~~~~~~~~~~~~~~^~[m[K
[1.428s] In file included from [01m[K/usr/include/c++/13/memory:80[m[K,
[1.428s]                  from [01m[K/opt/ros/jazzy/include/rclcpp/rclcpp/rclcpp.hpp:169[m[K,
[1.428s]                  from [01m[K/home/beeboss/Desktop/ros_workspaces/ros2_ws/src/my_cpp_pkg/src/reset_counter_client.cpp:1[m[K:
[1.428s] [01m[K/usr/include/c++/13/bits/shared_ptr.h:1005:5:[m[K [01;36m[Knote: [m[Kcandidate: ‘[01m[Ktemplate<class _Tp, class ... _Args> std::shared_ptr<typename std::enable_if<(! std::is_array< <template-parameter-1-1> >::value), _Tp>::type> std::[01;32m[Kmake_shared[m[K(_Args&& ...)[m[K’
[1.428s]  1005 |     [01;36m[Kmake_shared[m[K(_Args&&... __args)
[1.428s]       |     [01;36m[K^~~~~~~~~~~[m[K
[1.428s] [01m[K/usr/include/c++/13/bits/shared_ptr.h:1005:5:[m[K [01;36m[Knote: [m[K  template argument deduction/substitution failed:
[1.428s] [01m[K/home/beeboss/Desktop/ros_workspaces/ros2_ws/src/my_cpp_pkg/src/reset_counter_client.cpp:37:47:[m[K [01;31m[Kerror: [m[Ktemplate argument 1 is invalid
[1.428s]    37 |     auto node = [01;31m[Kstd::make_shared<MyCustomNode>()[m[K;
[1.428s]       |                 [01;31m[K~~~~~~~~~~~~~~~~~~~~~~~~~~~~~~^~[m[K
[1.820s] gmake[2]: *** [CMakeFiles/reset_counter_client.dir/build.make:76: CMakeFiles/reset_counter_client.dir/src/reset_counter_client.cpp.o] Error 1
[1.821s] gmake[1]: *** [CMakeFiles/Makefile2:221: CMakeFiles/reset_counter_client.dir/all] Error 2
[1.821s] gmake: *** [Makefile:146: all] Error 2
[1.823s] Invoked command in '/home/beeboss/Desktop/ros_workspaces/ros2_ws/build/my_cpp_pkg' returned '2': CMAKE_PREFIX_PATH=/home/beeboss/Desktop/ros_workspaces/ros2_ws/install/my_custom_interfaces:/home/beeboss/Desktop/ros_workspaces/ros2_ws/install/my_cpp_pkg:/opt/ros/jazzy/opt/gz_math_vendor:/opt/ros/jazzy/opt/gz_utils_vendor:/opt/ros/jazzy/opt/gz_cmake_vendor:/home/beeboss/Desktop/ros_workspaces/ros2_ws/install/turtle_controller:/home/beeboss/Desktop/ros_workspaces/ros2_ws/install/my_py_pkg:/opt/ros/jazzy CONDA_PROMPT_MODIFIER=(base) DEBUGINFOD_URLS=https://debuginfod.ubuntu.com PYTHONPATH=/home/beeboss/Desktop/ros_workspaces/ros2_ws/install/my_custom_interfaces/lib/python3.12/site-packages:/home/beeboss/Desktop/ros_workspaces/ros2_ws/install/turtle_controller/lib/python3.12/site-packages:/home/beeboss/Desktop/ros_workspaces/ros2_ws/install/my_py_pkg/lib/python3.12/site-packages:/opt/ros/jazzy/lib/python3.12/site-packages /usr/bin/cmake --build /home/beeboss/Desktop/ros_workspaces/ros2_ws/build/my_cpp_pkg -- -j20 -l20
