[0.741s] Invoking command in '/home/beeboss/Desktop/ros2_ws/src/my_py_pkg': DEBUGINFOD_URLS=https://debuginfod.ubuntu.com PYTHONPATH=/home/beeboss/Desktop/ros2_ws/build/my_py_pkg/prefix_override:/usr/lib/python3/dist-packages/colcon_core/task/python/colcon_distutils_commands:/home/beeboss/Desktop/ros2_ws/install/my_py_pkg/lib/python3.12/site-packages:${PYTHONPATH} /usr/bin/python3 -W ignore:setup.py install is deprecated -W ignore:easy_install command is deprecated setup.py egg_info --egg-base ../../build/my_py_pkg build --build-base /home/beeboss/Desktop/ros2_ws/build/my_py_pkg/build install --record /home/beeboss/Desktop/ros2_ws/build/my_py_pkg/install.log --single-version-externally-managed install_data
[0.898s] running egg_info
[0.898s] creating ../../build/my_py_pkg/my_py_pkg.egg-info
[0.905s] writing ../../build/my_py_pkg/my_py_pkg.egg-info/PKG-INFO
[0.905s] writing dependency_links to ../../build/my_py_pkg/my_py_pkg.egg-info/dependency_links.txt
[0.905s] writing requirements to ../../build/my_py_pkg/my_py_pkg.egg-info/requires.txt
[0.905s] writing top-level names to ../../build/my_py_pkg/my_py_pkg.egg-info/top_level.txt
[0.905s] writing manifest file '../../build/my_py_pkg/my_py_pkg.egg-info/SOURCES.txt'
[0.921s] reading manifest file '../../build/my_py_pkg/my_py_pkg.egg-info/SOURCES.txt'
[0.921s] writing manifest file '../../build/my_py_pkg/my_py_pkg.egg-info/SOURCES.txt'
[0.921s] running build
[0.921s] running build_py
[0.921s] creating /home/beeboss/Desktop/ros2_ws/build/my_py_pkg/build
[0.921s] creating /home/beeboss/Desktop/ros2_ws/build/my_py_pkg/build/lib
[0.921s] creating /home/beeboss/Desktop/ros2_ws/build/my_py_pkg/build/lib/my_py_pkg
[0.921s] copying my_py_pkg/__init__.py -> /home/beeboss/Desktop/ros2_ws/build/my_py_pkg/build/lib/my_py_pkg
[0.921s] running install
[0.924s] running install_lib
[0.932s] creating /home/beeboss/Desktop/ros2_ws/install/my_py_pkg/lib/python3.12/site-packages/my_py_pkg
[0.932s] copying /home/beeboss/Desktop/ros2_ws/build/my_py_pkg/build/lib/my_py_pkg/__init__.py -> /home/beeboss/Desktop/ros2_ws/install/my_py_pkg/lib/python3.12/site-packages/my_py_pkg
[0.932s] byte-compiling /home/beeboss/Desktop/ros2_ws/install/my_py_pkg/lib/python3.12/site-packages/my_py_pkg/__init__.py to __init__.cpython-312.pyc
[0.932s] running install_data
[0.932s] creating /home/beeboss/Desktop/ros2_ws/install/my_py_pkg/share/ament_index
[0.932s] creating /home/beeboss/Desktop/ros2_ws/install/my_py_pkg/share/ament_index/resource_index
[0.933s] creating /home/beeboss/Desktop/ros2_ws/install/my_py_pkg/share/ament_index/resource_index/packages
[0.933s] copying resource/my_py_pkg -> /home/beeboss/Desktop/ros2_ws/install/my_py_pkg/share/ament_index/resource_index/packages
[0.933s] copying package.xml -> /home/beeboss/Desktop/ros2_ws/install/my_py_pkg/share/my_py_pkg
[0.933s] running install_egg_info
[0.942s] Copying ../../build/my_py_pkg/my_py_pkg.egg-info to /home/beeboss/Desktop/ros2_ws/install/my_py_pkg/lib/python3.12/site-packages/my_py_pkg-0.0.0-py3.12.egg-info
[0.943s] running install_scripts
[1.009s] writing list of installed files to '/home/beeboss/Desktop/ros2_ws/build/my_py_pkg/install.log'
[1.028s] Invoked command in '/home/beeboss/Desktop/ros2_ws/src/my_py_pkg' returned '0': DEBUGINFOD_URLS=https://debuginfod.ubuntu.com PYTHONPATH=/home/beeboss/Desktop/ros2_ws/build/my_py_pkg/prefix_override:/usr/lib/python3/dist-packages/colcon_core/task/python/colcon_distutils_commands:/home/beeboss/Desktop/ros2_ws/install/my_py_pkg/lib/python3.12/site-packages:${PYTHONPATH} /usr/bin/python3 -W ignore:setup.py install is deprecated -W ignore:easy_install command is deprecated setup.py egg_info --egg-base ../../build/my_py_pkg build --build-base /home/beeboss/Desktop/ros2_ws/build/my_py_pkg/build install --record /home/beeboss/Desktop/ros2_ws/build/my_py_pkg/install.log --single-version-externally-managed install_data
