[0.508s] Invoking command in '/home/beeboss/Desktop/ros_workspaces/ros2_ws/src/my_py_pkg': CONDA_PROMPT_MODIFIER=(base) DEBUGINFOD_URLS=https://debuginfod.ubuntu.com PYTHONPATH=/home/beeboss/Desktop/ros_workspaces/ros2_ws/build/my_py_pkg/prefix_override:/usr/lib/python3/dist-packages/colcon_core/task/python/colcon_distutils_commands:/home/beeboss/Desktop/ros_workspaces/ros2_ws/install/my_py_pkg/lib/python3.12/site-packages:${PYTHONPATH} /usr/bin/python3 -W ignore:setup.py install is deprecated -W ignore:easy_install command is deprecated setup.py egg_info --egg-base ../../build/my_py_pkg build --build-base /home/beeboss/Desktop/ros_workspaces/ros2_ws/build/my_py_pkg/build install --record /home/beeboss/Desktop/ros_workspaces/ros2_ws/build/my_py_pkg/install.log --single-version-externally-managed install_data
[0.673s] running egg_info
[0.680s] writing ../../build/my_py_pkg/my_py_pkg.egg-info/PKG-INFO
[0.680s] writing dependency_links to ../../build/my_py_pkg/my_py_pkg.egg-info/dependency_links.txt
[0.680s] writing entry points to ../../build/my_py_pkg/my_py_pkg.egg-info/entry_points.txt
[0.680s] writing requirements to ../../build/my_py_pkg/my_py_pkg.egg-info/requires.txt
[0.680s] writing top-level names to ../../build/my_py_pkg/my_py_pkg.egg-info/top_level.txt
[0.696s] reading manifest file '../../build/my_py_pkg/my_py_pkg.egg-info/SOURCES.txt'
[0.696s] writing manifest file '../../build/my_py_pkg/my_py_pkg.egg-info/SOURCES.txt'
[0.697s] running build
[0.697s] running build_py
[0.697s] copying my_py_pkg/number_publisher.py -> /home/beeboss/Desktop/ros_workspaces/ros2_ws/build/my_py_pkg/build/lib/my_py_pkg
[0.697s] running install
[0.699s] running install_lib
[0.708s] copying /home/beeboss/Desktop/ros_workspaces/ros2_ws/build/my_py_pkg/build/lib/my_py_pkg/number_publisher.py -> /home/beeboss/Desktop/ros_workspaces/ros2_ws/install/my_py_pkg/lib/python3.12/site-packages/my_py_pkg
[0.708s] byte-compiling /home/beeboss/Desktop/ros_workspaces/ros2_ws/install/my_py_pkg/lib/python3.12/site-packages/my_py_pkg/number_publisher.py to number_publisher.cpython-312.pyc
[0.708s] running install_data
[0.708s] copying package.xml -> /home/beeboss/Desktop/ros_workspaces/ros2_ws/install/my_py_pkg/share/my_py_pkg
[0.708s] running install_egg_info
[0.717s] removing '/home/beeboss/Desktop/ros_workspaces/ros2_ws/install/my_py_pkg/lib/python3.12/site-packages/my_py_pkg-0.0.0-py3.12.egg-info' (and everything under it)
[0.717s] Copying ../../build/my_py_pkg/my_py_pkg.egg-info to /home/beeboss/Desktop/ros_workspaces/ros2_ws/install/my_py_pkg/lib/python3.12/site-packages/my_py_pkg-0.0.0-py3.12.egg-info
[0.717s] running install_scripts
[0.785s] Installing number_publisher script to /home/beeboss/Desktop/ros_workspaces/ros2_ws/install/my_py_pkg/lib/my_py_pkg
[0.785s] Installing test_node script to /home/beeboss/Desktop/ros_workspaces/ros2_ws/install/my_py_pkg/lib/my_py_pkg
[0.785s] writing list of installed files to '/home/beeboss/Desktop/ros_workspaces/ros2_ws/build/my_py_pkg/install.log'
[0.805s] Invoked command in '/home/beeboss/Desktop/ros_workspaces/ros2_ws/src/my_py_pkg' returned '0': CONDA_PROMPT_MODIFIER=(base) DEBUGINFOD_URLS=https://debuginfod.ubuntu.com PYTHONPATH=/home/beeboss/Desktop/ros_workspaces/ros2_ws/build/my_py_pkg/prefix_override:/usr/lib/python3/dist-packages/colcon_core/task/python/colcon_distutils_commands:/home/beeboss/Desktop/ros_workspaces/ros2_ws/install/my_py_pkg/lib/python3.12/site-packages:${PYTHONPATH} /usr/bin/python3 -W ignore:setup.py install is deprecated -W ignore:easy_install command is deprecated setup.py egg_info --egg-base ../../build/my_py_pkg build --build-base /home/beeboss/Desktop/ros_workspaces/ros2_ws/build/my_py_pkg/build install --record /home/beeboss/Desktop/ros_workspaces/ros2_ws/build/my_py_pkg/install.log --single-version-externally-managed install_data
