[  2%] Built target my_custom_interfaces__rs
[  5%] Built target my_custom_interfaces__rosidl_generator_type_description
[  5%] Built target ament_cmake_python_copy_my_custom_interfaces
[ 20%] Built target my_custom_interfaces__rosidl_generator_c
[ 22%] Built target my_custom_interfaces__cpp
[ 31%] Built target my_custom_interfaces__rosidl_typesupport_fastrtps_c
[ 40%] Built target my_custom_interfaces__rosidl_typesupport_introspection_c
[ 48%] Built target my_custom_interfaces__rosidl_typesupport_introspection_cpp
[ 57%] Built target my_custom_interfaces__rosidl_typesupport_c
[ 65%] Built target my_custom_interfaces__rosidl_typesupport_cpp
[ 74%] Built target my_custom_interfaces__rosidl_typesupport_fastrtps_cpp
[ 74%] Built target my_custom_interfaces
[ 77%] Built target my_custom_interfaces__py
[ 82%] Built target my_custom_interfaces__rosidl_generator_py
[ 88%] Built target my_custom_interfaces_s__rosidl_typesupport_fastrtps_c
[ 94%] Built target my_custom_interfaces_s__rosidl_typesupport_c
[100%] Built target my_custom_interfaces_s__rosidl_typesupport_introspection_c
running egg_info
writing my_custom_interfaces.egg-info/PKG-INFO
writing dependency_links to my_custom_interfaces.egg-info/dependency_links.txt
writing top-level names to my_custom_interfaces.egg-info/top_level.txt
reading manifest file 'my_custom_interfaces.egg-info/SOURCES.txt'
writing manifest file 'my_custom_interfaces.egg-info/SOURCES.txt'
[100%] Built target ament_cmake_python_build_my_custom_interfaces_egg
