[0.006s] Invoking command in '/home/beeboss/Desktop/ros_workspaces/ros2_ws/build/my_custom_interfaces': CMAKE_PREFIX_PATH=${CMAKE_PREFIX_PATH}:/home/beeboss/Desktop/ros_workspaces/ros2_ws/install/my_py_pkg:/opt/ros/jazzy CONDA_PROMPT_MODIFIER=(base) DEBUGINFOD_URLS=https://debuginfod.ubuntu.com /usr/bin/cmake --build /home/beeboss/Desktop/ros_workspaces/ros2_ws/build/my_custom_interfaces -- -j20 -l20
[0.038s] [  2%] Built target my_custom_interfaces__rs
[0.038s] [  5%] Built target my_custom_interfaces__rosidl_generator_type_description
[0.046s] [  5%] Built target ament_cmake_python_copy_my_custom_interfaces
[0.052s] [ 20%] Built target my_custom_interfaces__rosidl_generator_c
[0.056s] [ 22%] Built target my_custom_interfaces__cpp
[0.066s] [ 31%] Built target my_custom_interfaces__rosidl_typesupport_fastrtps_c
[0.067s] [ 40%] Built target my_custom_interfaces__rosidl_typesupport_introspection_c
[0.069s] [ 48%] Built target my_custom_interfaces__rosidl_typesupport_introspection_cpp
[0.070s] [ 57%] Built target my_custom_interfaces__rosidl_typesupport_c
[0.073s] [ 65%] Built target my_custom_interfaces__rosidl_typesupport_cpp
[0.076s] [ 74%] Built target my_custom_interfaces__rosidl_typesupport_fastrtps_cpp
[0.092s] [ 74%] Built target my_custom_interfaces
[0.107s] [ 77%] Built target my_custom_interfaces__py
[0.124s] [ 82%] Built target my_custom_interfaces__rosidl_generator_py
[0.136s] [ 88%] Built target my_custom_interfaces_s__rosidl_typesupport_fastrtps_c
[0.140s] [ 94%] Built target my_custom_interfaces_s__rosidl_typesupport_c
[0.142s] [100%] Built target my_custom_interfaces_s__rosidl_typesupport_introspection_c
[0.203s] running egg_info
[0.211s] writing my_custom_interfaces.egg-info/PKG-INFO
[0.211s] writing dependency_links to my_custom_interfaces.egg-info/dependency_links.txt
[0.211s] writing top-level names to my_custom_interfaces.egg-info/top_level.txt
[0.233s] reading manifest file 'my_custom_interfaces.egg-info/SOURCES.txt'
[0.233s] writing manifest file 'my_custom_interfaces.egg-info/SOURCES.txt'
[0.255s] [100%] Built target ament_cmake_python_build_my_custom_interfaces_egg
