[  2%] Built target my_custom_interfaces__rosidl_generator_type_description
[  5%] Built target my_custom_interfaces__rs
[  5%] Built target ament_cmake_python_copy_my_custom_interfaces
[  8%] Built target my_custom_interfaces__cpp
[ 22%] Built target my_custom_interfaces__rosidl_generator_c
[ 31%] Built target my_custom_interfaces__rosidl_typesupport_c
[ 40%] Built target my_custom_interfaces__rosidl_typesupport_introspection_c
[ 48%] Built target my_custom_interfaces__rosidl_typesupport_introspection_cpp
[ 57%] Built target my_custom_interfaces__rosidl_typesupport_fastrtps_c
[ 65%] Built target my_custom_interfaces__rosidl_typesupport_cpp
[ 74%] Built target my_custom_interfaces__rosidl_typesupport_fastrtps_cpp
[ 74%] Built target my_custom_interfaces
[ 77%] Built target my_custom_interfaces__py
[ 82%] Built target my_custom_interfaces__rosidl_generator_py
[ 94%] Built target my_custom_interfaces_s__rosidl_typesupport_fastrtps_c
[ 94%] Built target my_custom_interfaces_s__rosidl_typesupport_c
[100%] Built target my_custom_interfaces_s__rosidl_typesupport_introspection_c
running egg_info
writing my_custom_interfaces.egg-info/PKG-INFO
writing dependency_links to my_custom_interfaces.egg-info/dependency_links.txt
writing top-level names to my_custom_interfaces.egg-info/top_level.txt
reading manifest file 'my_custom_interfaces.egg-info/SOURCES.txt'
writing manifest file 'my_custom_interfaces.egg-info/SOURCES.txt'
[100%] Built target ament_cmake_python_build_my_custom_interfaces_egg
-- Install configuration: ""
-- Up-to-date: /home/beeboss/Desktop/ros_workspaces/ros2_ws/install/my_custom_interfaces/share/ament_index/resource_index/rosidl_interfaces/my_custom_interfaces
-- Up-to-date: /home/beeboss/Desktop/ros_workspaces/ros2_ws/install/my_custom_interfaces/share/my_custom_interfaces/msg/HardwareStatus.json
-- Up-to-date: /home/beeboss/Desktop/ros_workspaces/ros2_ws/install/my_custom_interfaces/include/my_custom_interfaces/my_custom_interfaces
-- Up-to-date: /home/beeboss/Desktop/ros_workspaces/ros2_ws/install/my_custom_interfaces/include/my_custom_interfaces/my_custom_interfaces/msg
-- Up-to-date: /home/beeboss/Desktop/ros_workspaces/ros2_ws/install/my_custom_interfaces/include/my_custom_interfaces/my_custom_interfaces/msg/rosidl_generator_c__visibility_control.h
-- Up-to-date: /home/beeboss/Desktop/ros_workspaces/ros2_ws/install/my_custom_interfaces/include/my_custom_interfaces/my_custom_interfaces/msg/hardware_status.h
-- Up-to-date: /home/beeboss/Desktop/ros_workspaces/ros2_ws/install/my_custom_interfaces/include/my_custom_interfaces/my_custom_interfaces/msg/detail
-- Up-to-date: /home/beeboss/Desktop/ros_workspaces/ros2_ws/install/my_custom_interfaces/include/my_custom_interfaces/my_custom_interfaces/msg/detail/hardware_status__description.c
-- Up-to-date: /home/beeboss/Desktop/ros_workspaces/ros2_ws/install/my_custom_interfaces/include/my_custom_interfaces/my_custom_interfaces/msg/detail/hardware_status__type_support.h
-- Up-to-date: /home/beeboss/Desktop/ros_workspaces/ros2_ws/install/my_custom_interfaces/include/my_custom_interfaces/my_custom_interfaces/msg/detail/hardware_status__functions.c
-- Up-to-date: /home/beeboss/Desktop/ros_workspaces/ros2_ws/install/my_custom_interfaces/include/my_custom_interfaces/my_custom_interfaces/msg/detail/hardware_status__type_support.c
-- Up-to-date: /home/beeboss/Desktop/ros_workspaces/ros2_ws/install/my_custom_interfaces/include/my_custom_interfaces/my_custom_interfaces/msg/detail/hardware_status__functions.h
-- Up-to-date: /home/beeboss/Desktop/ros_workspaces/ros2_ws/install/my_custom_interfaces/include/my_custom_interfaces/my_custom_interfaces/msg/detail/hardware_status__struct.h
-- Up-to-date: /home/beeboss/Desktop/ros_workspaces/ros2_ws/install/my_custom_interfaces/share/my_custom_interfaces/environment/library_path.sh
-- Up-to-date: /home/beeboss/Desktop/ros_workspaces/ros2_ws/install/my_custom_interfaces/share/my_custom_interfaces/environment/library_path.dsv
-- Up-to-date: /home/beeboss/Desktop/ros_workspaces/ros2_ws/install/my_custom_interfaces/lib/libmy_custom_interfaces__rosidl_generator_c.so
-- Up-to-date: /home/beeboss/Desktop/ros_workspaces/ros2_ws/install/my_custom_interfaces/include/my_custom_interfaces/my_custom_interfaces
-- Up-to-date: /home/beeboss/Desktop/ros_workspaces/ros2_ws/install/my_custom_interfaces/include/my_custom_interfaces/my_custom_interfaces/msg
-- Up-to-date: /home/beeboss/Desktop/ros_workspaces/ros2_ws/install/my_custom_interfaces/include/my_custom_interfaces/my_custom_interfaces/msg/rosidl_typesupport_fastrtps_c__visibility_control.h
-- Up-to-date: /home/beeboss/Desktop/ros_workspaces/ros2_ws/install/my_custom_interfaces/include/my_custom_interfaces/my_custom_interfaces/msg/detail
-- Up-to-date: /home/beeboss/Desktop/ros_workspaces/ros2_ws/install/my_custom_interfaces/include/my_custom_interfaces/my_custom_interfaces/msg/detail/hardware_status__rosidl_typesupport_fastrtps_c.h
-- Up-to-date: /home/beeboss/Desktop/ros_workspaces/ros2_ws/install/my_custom_interfaces/lib/libmy_custom_interfaces__rosidl_typesupport_fastrtps_c.so
-- Up-to-date: /home/beeboss/Desktop/ros_workspaces/ros2_ws/install/my_custom_interfaces/include/my_custom_interfaces/my_custom_interfaces
-- Up-to-date: /home/beeboss/Desktop/ros_workspaces/ros2_ws/install/my_custom_interfaces/include/my_custom_interfaces/my_custom_interfaces/msg
-- Up-to-date: /home/beeboss/Desktop/ros_workspaces/ros2_ws/install/my_custom_interfaces/include/my_custom_interfaces/my_custom_interfaces/msg/detail
-- Up-to-date: /home/beeboss/Desktop/ros_workspaces/ros2_ws/install/my_custom_interfaces/include/my_custom_interfaces/my_custom_interfaces/msg/detail/hardware_status__rosidl_typesupport_introspection_c.h
-- Up-to-date: /home/beeboss/Desktop/ros_workspaces/ros2_ws/install/my_custom_interfaces/include/my_custom_interfaces/my_custom_interfaces/msg/detail/hardware_status__type_support.c
-- Up-to-date: /home/beeboss/Desktop/ros_workspaces/ros2_ws/install/my_custom_interfaces/include/my_custom_interfaces/my_custom_interfaces/msg/rosidl_typesupport_introspection_c__visibility_control.h
-- Up-to-date: /home/beeboss/Desktop/ros_workspaces/ros2_ws/install/my_custom_interfaces/lib/libmy_custom_interfaces__rosidl_typesupport_introspection_c.so
-- Up-to-date: /home/beeboss/Desktop/ros_workspaces/ros2_ws/install/my_custom_interfaces/lib/libmy_custom_interfaces__rosidl_typesupport_c.so
-- Up-to-date: /home/beeboss/Desktop/ros_workspaces/ros2_ws/install/my_custom_interfaces/include/my_custom_interfaces/my_custom_interfaces
-- Up-to-date: /home/beeboss/Desktop/ros_workspaces/ros2_ws/install/my_custom_interfaces/include/my_custom_interfaces/my_custom_interfaces/msg
-- Up-to-date: /home/beeboss/Desktop/ros_workspaces/ros2_ws/install/my_custom_interfaces/include/my_custom_interfaces/my_custom_interfaces/msg/hardware_status.hpp
-- Up-to-date: /home/beeboss/Desktop/ros_workspaces/ros2_ws/install/my_custom_interfaces/include/my_custom_interfaces/my_custom_interfaces/msg/detail
-- Up-to-date: /home/beeboss/Desktop/ros_workspaces/ros2_ws/install/my_custom_interfaces/include/my_custom_interfaces/my_custom_interfaces/msg/detail/hardware_status__type_support.hpp
-- Up-to-date: /home/beeboss/Desktop/ros_workspaces/ros2_ws/install/my_custom_interfaces/include/my_custom_interfaces/my_custom_interfaces/msg/detail/hardware_status__struct.hpp
-- Up-to-date: /home/beeboss/Desktop/ros_workspaces/ros2_ws/install/my_custom_interfaces/include/my_custom_interfaces/my_custom_interfaces/msg/detail/hardware_status__builder.hpp
-- Up-to-date: /home/beeboss/Desktop/ros_workspaces/ros2_ws/install/my_custom_interfaces/include/my_custom_interfaces/my_custom_interfaces/msg/detail/hardware_status__traits.hpp
-- Up-to-date: /home/beeboss/Desktop/ros_workspaces/ros2_ws/install/my_custom_interfaces/include/my_custom_interfaces/my_custom_interfaces/msg/rosidl_generator_cpp__visibility_control.hpp
-- Up-to-date: /home/beeboss/Desktop/ros_workspaces/ros2_ws/install/my_custom_interfaces/include/my_custom_interfaces/my_custom_interfaces
-- Up-to-date: /home/beeboss/Desktop/ros_workspaces/ros2_ws/install/my_custom_interfaces/include/my_custom_interfaces/my_custom_interfaces/msg
-- Up-to-date: /home/beeboss/Desktop/ros_workspaces/ros2_ws/install/my_custom_interfaces/include/my_custom_interfaces/my_custom_interfaces/msg/rosidl_typesupport_fastrtps_cpp__visibility_control.h
-- Up-to-date: /home/beeboss/Desktop/ros_workspaces/ros2_ws/install/my_custom_interfaces/include/my_custom_interfaces/my_custom_interfaces/msg/detail
-- Up-to-date: /home/beeboss/Desktop/ros_workspaces/ros2_ws/install/my_custom_interfaces/include/my_custom_interfaces/my_custom_interfaces/msg/detail/hardware_status__rosidl_typesupport_fastrtps_cpp.hpp
-- Up-to-date: /home/beeboss/Desktop/ros_workspaces/ros2_ws/install/my_custom_interfaces/include/my_custom_interfaces/my_custom_interfaces/msg/detail/dds_fastrtps
-- Up-to-date: /home/beeboss/Desktop/ros_workspaces/ros2_ws/install/my_custom_interfaces/lib/libmy_custom_interfaces__rosidl_typesupport_fastrtps_cpp.so
-- Up-to-date: /home/beeboss/Desktop/ros_workspaces/ros2_ws/install/my_custom_interfaces/include/my_custom_interfaces/my_custom_interfaces
-- Up-to-date: /home/beeboss/Desktop/ros_workspaces/ros2_ws/install/my_custom_interfaces/include/my_custom_interfaces/my_custom_interfaces/msg
-- Up-to-date: /home/beeboss/Desktop/ros_workspaces/ros2_ws/install/my_custom_interfaces/include/my_custom_interfaces/my_custom_interfaces/msg/detail
-- Up-to-date: /home/beeboss/Desktop/ros_workspaces/ros2_ws/install/my_custom_interfaces/include/my_custom_interfaces/my_custom_interfaces/msg/detail/hardware_status__rosidl_typesupport_introspection_cpp.hpp
-- Up-to-date: /home/beeboss/Desktop/ros_workspaces/ros2_ws/install/my_custom_interfaces/include/my_custom_interfaces/my_custom_interfaces/msg/detail/hardware_status__type_support.cpp
-- Up-to-date: /home/beeboss/Desktop/ros_workspaces/ros2_ws/install/my_custom_interfaces/lib/libmy_custom_interfaces__rosidl_typesupport_introspection_cpp.so
-- Up-to-date: /home/beeboss/Desktop/ros_workspaces/ros2_ws/install/my_custom_interfaces/lib/libmy_custom_interfaces__rosidl_typesupport_cpp.so
-- Up-to-date: /home/beeboss/Desktop/ros_workspaces/ros2_ws/install/my_custom_interfaces/share/my_custom_interfaces/environment/pythonpath.sh
-- Up-to-date: /home/beeboss/Desktop/ros_workspaces/ros2_ws/install/my_custom_interfaces/share/my_custom_interfaces/environment/pythonpath.dsv
-- Up-to-date: /home/beeboss/Desktop/ros_workspaces/ros2_ws/install/my_custom_interfaces/lib/python3.12/site-packages/my_custom_interfaces-0.0.0-py3.12.egg-info
-- Installing: /home/beeboss/Desktop/ros_workspaces/ros2_ws/install/my_custom_interfaces/lib/python3.12/site-packages/my_custom_interfaces-0.0.0-py3.12.egg-info/top_level.txt
-- Installing: /home/beeboss/Desktop/ros_workspaces/ros2_ws/install/my_custom_interfaces/lib/python3.12/site-packages/my_custom_interfaces-0.0.0-py3.12.egg-info/PKG-INFO
-- Installing: /home/beeboss/Desktop/ros_workspaces/ros2_ws/install/my_custom_interfaces/lib/python3.12/site-packages/my_custom_interfaces-0.0.0-py3.12.egg-info/SOURCES.txt
-- Installing: /home/beeboss/Desktop/ros_workspaces/ros2_ws/install/my_custom_interfaces/lib/python3.12/site-packages/my_custom_interfaces-0.0.0-py3.12.egg-info/dependency_links.txt
-- Up-to-date: /home/beeboss/Desktop/ros_workspaces/ros2_ws/install/my_custom_interfaces/lib/python3.12/site-packages/my_custom_interfaces
-- Up-to-date: /home/beeboss/Desktop/ros_workspaces/ros2_ws/install/my_custom_interfaces/lib/python3.12/site-packages/my_custom_interfaces/my_custom_interfaces_s__rosidl_typesupport_c.so
-- Up-to-date: /home/beeboss/Desktop/ros_workspaces/ros2_ws/install/my_custom_interfaces/lib/python3.12/site-packages/my_custom_interfaces/_my_custom_interfaces_s.ep.rosidl_typesupport_fastrtps_c.c
-- Up-to-date: /home/beeboss/Desktop/ros_workspaces/ros2_ws/install/my_custom_interfaces/lib/python3.12/site-packages/my_custom_interfaces/_my_custom_interfaces_s.ep.rosidl_typesupport_introspection_c.c
-- Up-to-date: /home/beeboss/Desktop/ros_workspaces/ros2_ws/install/my_custom_interfaces/lib/python3.12/site-packages/my_custom_interfaces/my_custom_interfaces_s__rosidl_typesupport_introspection_c.so
-- Up-to-date: /home/beeboss/Desktop/ros_workspaces/ros2_ws/install/my_custom_interfaces/lib/python3.12/site-packages/my_custom_interfaces/my_custom_interfaces_s__rosidl_typesupport_fastrtps_c.so
-- Up-to-date: /home/beeboss/Desktop/ros_workspaces/ros2_ws/install/my_custom_interfaces/lib/python3.12/site-packages/my_custom_interfaces/msg
-- Up-to-date: /home/beeboss/Desktop/ros_workspaces/ros2_ws/install/my_custom_interfaces/lib/python3.12/site-packages/my_custom_interfaces/msg/_hardware_status_s.c
-- Up-to-date: /home/beeboss/Desktop/ros_workspaces/ros2_ws/install/my_custom_interfaces/lib/python3.12/site-packages/my_custom_interfaces/msg/__init__.py
-- Up-to-date: /home/beeboss/Desktop/ros_workspaces/ros2_ws/install/my_custom_interfaces/lib/python3.12/site-packages/my_custom_interfaces/msg/_hardware_status.py
-- Up-to-date: /home/beeboss/Desktop/ros_workspaces/ros2_ws/install/my_custom_interfaces/lib/python3.12/site-packages/my_custom_interfaces/__init__.py
-- Up-to-date: /home/beeboss/Desktop/ros_workspaces/ros2_ws/install/my_custom_interfaces/lib/python3.12/site-packages/my_custom_interfaces/_my_custom_interfaces_s.ep.rosidl_typesupport_c.c
Listing '/home/beeboss/Desktop/ros_workspaces/ros2_ws/install/my_custom_interfaces/lib/python3.12/site-packages/my_custom_interfaces'...
Listing '/home/beeboss/Desktop/ros_workspaces/ros2_ws/install/my_custom_interfaces/lib/python3.12/site-packages/my_custom_interfaces/msg'...
-- Up-to-date: /home/beeboss/Desktop/ros_workspaces/ros2_ws/install/my_custom_interfaces/lib/python3.12/site-packages/my_custom_interfaces/my_custom_interfaces_s__rosidl_typesupport_fastrtps_c.so
-- Up-to-date: /home/beeboss/Desktop/ros_workspaces/ros2_ws/install/my_custom_interfaces/lib/python3.12/site-packages/my_custom_interfaces/my_custom_interfaces_s__rosidl_typesupport_introspection_c.so
-- Up-to-date: /home/beeboss/Desktop/ros_workspaces/ros2_ws/install/my_custom_interfaces/lib/python3.12/site-packages/my_custom_interfaces/my_custom_interfaces_s__rosidl_typesupport_c.so
-- Up-to-date: /home/beeboss/Desktop/ros_workspaces/ros2_ws/install/my_custom_interfaces/lib/libmy_custom_interfaces__rosidl_generator_py.so
-- Up-to-date: /home/beeboss/Desktop/ros_workspaces/ros2_ws/install/my_custom_interfaces/share/ament_index/resource_index/rust_packages/my_custom_interfaces
-- Up-to-date: /home/beeboss/Desktop/ros_workspaces/ros2_ws/install/my_custom_interfaces/share/my_custom_interfaces/rust
-- Up-to-date: /home/beeboss/Desktop/ros_workspaces/ros2_ws/install/my_custom_interfaces/share/my_custom_interfaces/rust/Cargo.toml
-- Up-to-date: /home/beeboss/Desktop/ros_workspaces/ros2_ws/install/my_custom_interfaces/share/my_custom_interfaces/rust/build.rs
-- Up-to-date: /home/beeboss/Desktop/ros_workspaces/ros2_ws/install/my_custom_interfaces/share/my_custom_interfaces/rust/src
-- Up-to-date: /home/beeboss/Desktop/ros_workspaces/ros2_ws/install/my_custom_interfaces/share/my_custom_interfaces/rust/src/lib.rs
-- Up-to-date: /home/beeboss/Desktop/ros_workspaces/ros2_ws/install/my_custom_interfaces/share/my_custom_interfaces/rust/src/msg
-- Up-to-date: /home/beeboss/Desktop/ros_workspaces/ros2_ws/install/my_custom_interfaces/share/my_custom_interfaces/rust/src/msg/rmw.rs
-- Up-to-date: /home/beeboss/Desktop/ros_workspaces/ros2_ws/install/my_custom_interfaces/share/my_custom_interfaces/rust/src/msg.rs
-- Up-to-date: /home/beeboss/Desktop/ros_workspaces/ros2_ws/install/my_custom_interfaces/share/my_custom_interfaces/msg/HardwareStatus.idl
-- Up-to-date: /home/beeboss/Desktop/ros_workspaces/ros2_ws/install/my_custom_interfaces/share/my_custom_interfaces/msg/HardwareStatus.msg
-- Up-to-date: /home/beeboss/Desktop/ros_workspaces/ros2_ws/install/my_custom_interfaces/share/ament_index/resource_index/package_run_dependencies/my_custom_interfaces
-- Up-to-date: /home/beeboss/Desktop/ros_workspaces/ros2_ws/install/my_custom_interfaces/share/ament_index/resource_index/parent_prefix_path/my_custom_interfaces
-- Up-to-date: /home/beeboss/Desktop/ros_workspaces/ros2_ws/install/my_custom_interfaces/share/my_custom_interfaces/environment/ament_prefix_path.sh
-- Up-to-date: /home/beeboss/Desktop/ros_workspaces/ros2_ws/install/my_custom_interfaces/share/my_custom_interfaces/environment/ament_prefix_path.dsv
-- Up-to-date: /home/beeboss/Desktop/ros_workspaces/ros2_ws/install/my_custom_interfaces/share/my_custom_interfaces/environment/path.sh
-- Up-to-date: /home/beeboss/Desktop/ros_workspaces/ros2_ws/install/my_custom_interfaces/share/my_custom_interfaces/environment/path.dsv
-- Up-to-date: /home/beeboss/Desktop/ros_workspaces/ros2_ws/install/my_custom_interfaces/share/my_custom_interfaces/local_setup.bash
-- Up-to-date: /home/beeboss/Desktop/ros_workspaces/ros2_ws/install/my_custom_interfaces/share/my_custom_interfaces/local_setup.sh
-- Up-to-date: /home/beeboss/Desktop/ros_workspaces/ros2_ws/install/my_custom_interfaces/share/my_custom_interfaces/local_setup.zsh
-- Up-to-date: /home/beeboss/Desktop/ros_workspaces/ros2_ws/install/my_custom_interfaces/share/my_custom_interfaces/local_setup.dsv
-- Installing: /home/beeboss/Desktop/ros_workspaces/ros2_ws/install/my_custom_interfaces/share/my_custom_interfaces/package.dsv
-- Up-to-date: /home/beeboss/Desktop/ros_workspaces/ros2_ws/install/my_custom_interfaces/share/ament_index/resource_index/packages/my_custom_interfaces
-- Up-to-date: /home/beeboss/Desktop/ros_workspaces/ros2_ws/install/my_custom_interfaces/share/my_custom_interfaces/cmake/export_my_custom_interfaces__rosidl_generator_cExport.cmake
-- Up-to-date: /home/beeboss/Desktop/ros_workspaces/ros2_ws/install/my_custom_interfaces/share/my_custom_interfaces/cmake/export_my_custom_interfaces__rosidl_generator_cExport-noconfig.cmake
-- Up-to-date: /home/beeboss/Desktop/ros_workspaces/ros2_ws/install/my_custom_interfaces/share/my_custom_interfaces/cmake/export_my_custom_interfaces__rosidl_typesupport_fastrtps_cExport.cmake
-- Up-to-date: /home/beeboss/Desktop/ros_workspaces/ros2_ws/install/my_custom_interfaces/share/my_custom_interfaces/cmake/export_my_custom_interfaces__rosidl_typesupport_fastrtps_cExport-noconfig.cmake
-- Up-to-date: /home/beeboss/Desktop/ros_workspaces/ros2_ws/install/my_custom_interfaces/share/my_custom_interfaces/cmake/my_custom_interfaces__rosidl_typesupport_introspection_cExport.cmake
-- Up-to-date: /home/beeboss/Desktop/ros_workspaces/ros2_ws/install/my_custom_interfaces/share/my_custom_interfaces/cmake/my_custom_interfaces__rosidl_typesupport_introspection_cExport-noconfig.cmake
-- Up-to-date: /home/beeboss/Desktop/ros_workspaces/ros2_ws/install/my_custom_interfaces/share/my_custom_interfaces/cmake/my_custom_interfaces__rosidl_typesupport_cExport.cmake
-- Up-to-date: /home/beeboss/Desktop/ros_workspaces/ros2_ws/install/my_custom_interfaces/share/my_custom_interfaces/cmake/my_custom_interfaces__rosidl_typesupport_cExport-noconfig.cmake
-- Up-to-date: /home/beeboss/Desktop/ros_workspaces/ros2_ws/install/my_custom_interfaces/share/my_custom_interfaces/cmake/export_my_custom_interfaces__rosidl_generator_cppExport.cmake
-- Up-to-date: /home/beeboss/Desktop/ros_workspaces/ros2_ws/install/my_custom_interfaces/share/my_custom_interfaces/cmake/export_my_custom_interfaces__rosidl_typesupport_fastrtps_cppExport.cmake
-- Up-to-date: /home/beeboss/Desktop/ros_workspaces/ros2_ws/install/my_custom_interfaces/share/my_custom_interfaces/cmake/export_my_custom_interfaces__rosidl_typesupport_fastrtps_cppExport-noconfig.cmake
-- Up-to-date: /home/beeboss/Desktop/ros_workspaces/ros2_ws/install/my_custom_interfaces/share/my_custom_interfaces/cmake/my_custom_interfaces__rosidl_typesupport_introspection_cppExport.cmake
-- Up-to-date: /home/beeboss/Desktop/ros_workspaces/ros2_ws/install/my_custom_interfaces/share/my_custom_interfaces/cmake/my_custom_interfaces__rosidl_typesupport_introspection_cppExport-noconfig.cmake
-- Up-to-date: /home/beeboss/Desktop/ros_workspaces/ros2_ws/install/my_custom_interfaces/share/my_custom_interfaces/cmake/my_custom_interfaces__rosidl_typesupport_cppExport.cmake
-- Up-to-date: /home/beeboss/Desktop/ros_workspaces/ros2_ws/install/my_custom_interfaces/share/my_custom_interfaces/cmake/my_custom_interfaces__rosidl_typesupport_cppExport-noconfig.cmake
-- Up-to-date: /home/beeboss/Desktop/ros_workspaces/ros2_ws/install/my_custom_interfaces/share/my_custom_interfaces/cmake/export_my_custom_interfaces__rosidl_generator_pyExport.cmake
-- Up-to-date: /home/beeboss/Desktop/ros_workspaces/ros2_ws/install/my_custom_interfaces/share/my_custom_interfaces/cmake/export_my_custom_interfaces__rosidl_generator_pyExport-noconfig.cmake
-- Up-to-date: /home/beeboss/Desktop/ros_workspaces/ros2_ws/install/my_custom_interfaces/share/my_custom_interfaces/cmake/rosidl_cmake-extras.cmake
-- Up-to-date: /home/beeboss/Desktop/ros_workspaces/ros2_ws/install/my_custom_interfaces/share/my_custom_interfaces/cmake/ament_cmake_export_include_directories-extras.cmake
-- Up-to-date: /home/beeboss/Desktop/ros_workspaces/ros2_ws/install/my_custom_interfaces/share/my_custom_interfaces/cmake/ament_cmake_export_libraries-extras.cmake
-- Up-to-date: /home/beeboss/Desktop/ros_workspaces/ros2_ws/install/my_custom_interfaces/share/my_custom_interfaces/cmake/ament_cmake_export_targets-extras.cmake
-- Up-to-date: /home/beeboss/Desktop/ros_workspaces/ros2_ws/install/my_custom_interfaces/share/my_custom_interfaces/cmake/rosidl_cmake_export_typesupport_targets-extras.cmake
-- Up-to-date: /home/beeboss/Desktop/ros_workspaces/ros2_ws/install/my_custom_interfaces/share/my_custom_interfaces/cmake/ament_cmake_export_dependencies-extras.cmake
-- Up-to-date: /home/beeboss/Desktop/ros_workspaces/ros2_ws/install/my_custom_interfaces/share/my_custom_interfaces/cmake/rosidl_cmake_export_typesupport_libraries-extras.cmake
-- Up-to-date: /home/beeboss/Desktop/ros_workspaces/ros2_ws/install/my_custom_interfaces/share/my_custom_interfaces/cmake/my_custom_interfacesConfig.cmake
-- Up-to-date: /home/beeboss/Desktop/ros_workspaces/ros2_ws/install/my_custom_interfaces/share/my_custom_interfaces/cmake/my_custom_interfacesConfig-version.cmake
-- Up-to-date: /home/beeboss/Desktop/ros_workspaces/ros2_ws/install/my_custom_interfaces/share/my_custom_interfaces/package.xml
