[0.472s] Invoking command in '/home/beeboss/Desktop/ros_workspaces/ros2_ws/src/my_py_pkg': CONDA_PROMPT_MODIFIER=(base) DEBUGINFOD_URLS=https://debuginfod.ubuntu.com PYTHONPATH=/home/beeboss/Desktop/ros_workspaces/ros2_ws/build/my_py_pkg/prefix_override:/usr/lib/python3/dist-packages/colcon_core/task/python/colcon_distutils_commands:/home/beeboss/Desktop/ros_workspaces/ros2_ws/install/my_py_pkg/lib/python3.12/site-packages:${PYTHONPATH} /usr/bin/python3 -W ignore:setup.py install is deprecated -W ignore:easy_install command is deprecated setup.py egg_info --egg-base ../../build/my_py_pkg build --build-base /home/beeboss/Desktop/ros_workspaces/ros2_ws/build/my_py_pkg/build install --record /home/beeboss/Desktop/ros_workspaces/ros2_ws/build/my_py_pkg/install.log --single-version-externally-managed install_data
[0.636s] running egg_info
[0.636s] creating ../../build/my_py_pkg/my_py_pkg.egg-info
[0.643s] writing ../../build/my_py_pkg/my_py_pkg.egg-info/PKG-INFO
[0.643s] writing dependency_links to ../../build/my_py_pkg/my_py_pkg.egg-info/dependency_links.txt
[0.643s] writing entry points to ../../build/my_py_pkg/my_py_pkg.egg-info/entry_points.txt
[0.643s] writing requirements to ../../build/my_py_pkg/my_py_pkg.egg-info/requires.txt
[0.643s] writing top-level names to ../../build/my_py_pkg/my_py_pkg.egg-info/top_level.txt
[0.643s] writing manifest file '../../build/my_py_pkg/my_py_pkg.egg-info/SOURCES.txt'
[0.660s] reading manifest file '../../build/my_py_pkg/my_py_pkg.egg-info/SOURCES.txt'
[0.660s] writing manifest file '../../build/my_py_pkg/my_py_pkg.egg-info/SOURCES.txt'
[0.660s] running build
[0.660s] running build_py
[0.660s] creating /home/beeboss/Desktop/ros_workspaces/ros2_ws/build/my_py_pkg/build
[0.660s] creating /home/beeboss/Desktop/ros_workspaces/ros2_ws/build/my_py_pkg/build/lib
[0.660s] creating /home/beeboss/Desktop/ros_workspaces/ros2_ws/build/my_py_pkg/build/lib/my_py_pkg
[0.660s] copying my_py_pkg/number_subscriber.py -> /home/beeboss/Desktop/ros_workspaces/ros2_ws/build/my_py_pkg/build/lib/my_py_pkg
[0.660s] copying my_py_pkg/my_first_node.py -> /home/beeboss/Desktop/ros_workspaces/ros2_ws/build/my_py_pkg/build/lib/my_py_pkg
[0.660s] copying my_py_pkg/number_publisher.py -> /home/beeboss/Desktop/ros_workspaces/ros2_ws/build/my_py_pkg/build/lib/my_py_pkg
[0.660s] copying my_py_pkg/__init__.py -> /home/beeboss/Desktop/ros_workspaces/ros2_ws/build/my_py_pkg/build/lib/my_py_pkg
[0.660s] running install
[0.663s] running install_lib
[0.670s] creating /home/beeboss/Desktop/ros_workspaces/ros2_ws/install/my_py_pkg/lib/python3.12/site-packages/my_py_pkg
[0.670s] copying /home/beeboss/Desktop/ros_workspaces/ros2_ws/build/my_py_pkg/build/lib/my_py_pkg/number_subscriber.py -> /home/beeboss/Desktop/ros_workspaces/ros2_ws/install/my_py_pkg/lib/python3.12/site-packages/my_py_pkg
[0.671s] copying /home/beeboss/Desktop/ros_workspaces/ros2_ws/build/my_py_pkg/build/lib/my_py_pkg/my_first_node.py -> /home/beeboss/Desktop/ros_workspaces/ros2_ws/install/my_py_pkg/lib/python3.12/site-packages/my_py_pkg
[0.671s] copying /home/beeboss/Desktop/ros_workspaces/ros2_ws/build/my_py_pkg/build/lib/my_py_pkg/number_publisher.py -> /home/beeboss/Desktop/ros_workspaces/ros2_ws/install/my_py_pkg/lib/python3.12/site-packages/my_py_pkg
[0.671s] copying /home/beeboss/Desktop/ros_workspaces/ros2_ws/build/my_py_pkg/build/lib/my_py_pkg/__init__.py -> /home/beeboss/Desktop/ros_workspaces/ros2_ws/install/my_py_pkg/lib/python3.12/site-packages/my_py_pkg
[0.671s] byte-compiling /home/beeboss/Desktop/ros_workspaces/ros2_ws/install/my_py_pkg/lib/python3.12/site-packages/my_py_pkg/number_subscriber.py to number_subscriber.cpython-312.pyc
[0.671s] byte-compiling /home/beeboss/Desktop/ros_workspaces/ros2_ws/install/my_py_pkg/lib/python3.12/site-packages/my_py_pkg/my_first_node.py to my_first_node.cpython-312.pyc
[0.671s] byte-compiling /home/beeboss/Desktop/ros_workspaces/ros2_ws/install/my_py_pkg/lib/python3.12/site-packages/my_py_pkg/number_publisher.py to number_publisher.cpython-312.pyc
[0.671s] byte-compiling /home/beeboss/Desktop/ros_workspaces/ros2_ws/install/my_py_pkg/lib/python3.12/site-packages/my_py_pkg/__init__.py to __init__.cpython-312.pyc
[0.671s] running install_data
[0.672s] creating /home/beeboss/Desktop/ros_workspaces/ros2_ws/install/my_py_pkg/share/ament_index
[0.672s] creating /home/beeboss/Desktop/ros_workspaces/ros2_ws/install/my_py_pkg/share/ament_index/resource_index
[0.672s] creating /home/beeboss/Desktop/ros_workspaces/ros2_ws/install/my_py_pkg/share/ament_index/resource_index/packages
[0.672s] copying resource/my_py_pkg -> /home/beeboss/Desktop/ros_workspaces/ros2_ws/install/my_py_pkg/share/ament_index/resource_index/packages
[0.672s] copying package.xml -> /home/beeboss/Desktop/ros_workspaces/ros2_ws/install/my_py_pkg/share/my_py_pkg
[0.672s] running install_egg_info
[0.680s] Copying ../../build/my_py_pkg/my_py_pkg.egg-info to /home/beeboss/Desktop/ros_workspaces/ros2_ws/install/my_py_pkg/lib/python3.12/site-packages/my_py_pkg-0.0.0-py3.12.egg-info
[0.680s] running install_scripts
[0.747s] Installing number_publisher script to /home/beeboss/Desktop/ros_workspaces/ros2_ws/install/my_py_pkg/lib/my_py_pkg
[0.747s] Installing number_subscriber script to /home/beeboss/Desktop/ros_workspaces/ros2_ws/install/my_py_pkg/lib/my_py_pkg
[0.747s] Installing test_node script to /home/beeboss/Desktop/ros_workspaces/ros2_ws/install/my_py_pkg/lib/my_py_pkg
[0.747s] writing list of installed files to '/home/beeboss/Desktop/ros_workspaces/ros2_ws/build/my_py_pkg/install.log'
[0.767s] Invoked command in '/home/beeboss/Desktop/ros_workspaces/ros2_ws/src/my_py_pkg' returned '0': CONDA_PROMPT_MODIFIER=(base) DEBUGINFOD_URLS=https://debuginfod.ubuntu.com PYTHONPATH=/home/beeboss/Desktop/ros_workspaces/ros2_ws/build/my_py_pkg/prefix_override:/usr/lib/python3/dist-packages/colcon_core/task/python/colcon_distutils_commands:/home/beeboss/Desktop/ros_workspaces/ros2_ws/install/my_py_pkg/lib/python3.12/site-packages:${PYTHONPATH} /usr/bin/python3 -W ignore:setup.py install is deprecated -W ignore:easy_install command is deprecated setup.py egg_info --egg-base ../../build/my_py_pkg build --build-base /home/beeboss/Desktop/ros_workspaces/ros2_ws/build/my_py_pkg/build install --record /home/beeboss/Desktop/ros_workspaces/ros2_ws/build/my_py_pkg/install.log --single-version-externally-managed install_data
